#
# There is insufficient memory for the Java Runtime Environment to continue.
# Native memory allocation (malloc) failed to allocate 1962416 bytes. Error detail: Chunk::new
# Possible reasons:
#   The system is out of physical RAM or swap space
#   This process is running with CompressedOops enabled, and the Java Heap may be blocking the growth of the native heap
# Possible solutions:
#   Reduce memory load on the system
#   Increase physical memory or swap space
#   Check if swap backing store is full
#   Decrease Java heap size (-Xmx/-Xms)
#   Decrease number of Java threads
#   Decrease Java thread stack sizes (-Xss)
#   Set larger code cache with -XX:ReservedCodeCacheSize=
#   JVM is running with Zero Based Compressed Oops mode in which the Java heap is
#     placed in the first 32GB address space. The Java Heap base address is the
#     maximum limit for the native heap growth. Please use -XX:HeapBaseMinAddress
#     to set the Java Heap base and to place the Java Heap above 32GB virtual address.
# This output file may be truncated or incomplete.
#
#  Out of Memory Error (arena.cpp:168), pid=11968, tid=14588
#
# JRE version: OpenJDK Runtime Environment (21.0.6) (build 21.0.6+-13368085-b895.109)
# Java VM: OpenJDK 64-Bit Server VM (21.0.6+-13368085-b895.109, mixed mode, tiered, compressed oops, compressed class ptrs, g1 gc, windows-amd64)
# No core dump will be written. Minidumps are not enabled by default on client versions of Windows
#

---------------  S U M M A R Y ------------

Command Line: --add-opens=java.base/java.lang=ALL-UNNAMED --add-opens=java.base/java.lang.invoke=ALL-UNNAMED --add-opens=java.base/java.util=ALL-UNNAMED --add-opens=java.prefs/java.util.prefs=ALL-UNNAMED --add-exports=jdk.compiler/com.sun.tools.javac.api=ALL-UNNAMED --add-exports=jdk.compiler/com.sun.tools.javac.util=ALL-UNNAMED --add-opens=java.base/java.util=ALL-UNNAMED --add-opens=java.prefs/java.util.prefs=ALL-UNNAMED --add-opens=java.base/java.nio.charset=ALL-UNNAMED --add-opens=java.base/java.net=ALL-UNNAMED --add-opens=java.base/java.util.concurrent.atomic=ALL-UNNAMED --add-opens=java.xml/javax.xml.namespace=ALL-UNNAMED -XX:MaxMetaspaceSize=1024m -XX:+HeapDumpOnOutOfMemoryError -Xmx4096m -Dfile.encoding=UTF-8 -Duser.country=US -Duser.language=en -Duser.variant -javaagent:C:\Users\Hii\.gradle\wrapper\dists\gradle-8.12-all\ejduaidbjup3bmmkhw3rie4zb\gradle-8.12\lib\agents\gradle-instrumentation-agent-8.12.jar org.gradle.launcher.daemon.bootstrap.GradleDaemon 8.12

Host: Intel(R) Core(TM) i3-8130U CPU @ 2.20GHz, 4 cores, 3G,  Windows 10 , 64 bit Build 19041 (10.0.19041.5915)
Time: Wed Jul  2 00:24:34 2025 India Standard Time elapsed time: 5.023527 seconds (0d 0h 0m 5s)

---------------  T H R E A D  ---------------

Current thread (0x0000022ff04c9cd0):  JavaThread "C2 CompilerThread0" daemon [_thread_in_native, id=14588, stack(0x000000450a100000,0x000000450a200000) (1024K)]


Current CompileTask:
C2:5023 3054   !   4       java.net.URLClassLoader$1::run (81 bytes)

Stack: [0x000000450a100000,0x000000450a200000]
Native frames: (J=compiled Java code, j=interpreted, Vv=VM code, C=native code)
V  [jvm.dll+0x6d0639]
V  [jvm.dll+0x85eb03]
V  [jvm.dll+0x86105e]
V  [jvm.dll+0x861743]
V  [jvm.dll+0x27e6e6]
V  [jvm.dll+0xbff6d]
V  [jvm.dll+0xc04a3]
V  [jvm.dll+0x3b61ab]
V  [jvm.dll+0x3820c7]
V  [jvm.dll+0x38153a]
V  [jvm.dll+0x247c82]
V  [jvm.dll+0x247251]
V  [jvm.dll+0x1c5f04]
V  [jvm.dll+0x2569ac]
V  [jvm.dll+0x254ef6]
V  [jvm.dll+0x3f0e96]
V  [jvm.dll+0x806ed8]
V  [jvm.dll+0x6cef0d]
C  [ucrtbase.dll+0x21bb2]
C  [KERNEL32.DLL+0x17374]
C  [ntdll.dll+0x4cc91]


---------------  P R O C E S S  ---------------

Threads class SMR info:
_java_thread_list=0x0000022ff6fe62e0, length=26, elements={
0x0000022fd6ce87f0, 0x0000022ff03475b0, 0x0000022ff04afd00, 0x0000022ff036bfb0,
0x0000022ff04991d0, 0x0000022ff0499830, 0x0000022ff049a280, 0x0000022ff04c9cd0,
0x0000022ff04ea770, 0x0000022ff0496330, 0x0000022ff07d0140, 0x0000022ff67f1550,
0x0000022ff6a66260, 0x0000022ff6add6e0, 0x0000022ff6c2bb40, 0x0000022ff6674410,
0x0000022ff6c699f0, 0x0000022ff6a7ede0, 0x0000022ff5d5a790, 0x0000022ff60d59f0,
0x0000022ff60d6420, 0x0000022ff6a9c490, 0x0000022ff6a9d840, 0x0000022ff6a9e560,
0x0000022ff6a9d1b0, 0x0000022ff6a9cb20
}

Java Threads: ( => current thread )
  0x0000022fd6ce87f0 JavaThread "main"                              [_thread_blocked, id=5756, stack(0x0000004509300000,0x0000004509400000) (1024K)]
  0x0000022ff03475b0 JavaThread "Reference Handler"          daemon [_thread_blocked, id=6644, stack(0x0000004509b00000,0x0000004509c00000) (1024K)]
  0x0000022ff04afd00 JavaThread "Finalizer"                  daemon [_thread_blocked, id=3892, stack(0x0000004509c00000,0x0000004509d00000) (1024K)]
  0x0000022ff036bfb0 JavaThread "Signal Dispatcher"          daemon [_thread_blocked, id=18416, stack(0x0000004509d00000,0x0000004509e00000) (1024K)]
  0x0000022ff04991d0 JavaThread "Attach Listener"            daemon [_thread_blocked, id=2936, stack(0x0000004509e00000,0x0000004509f00000) (1024K)]
  0x0000022ff0499830 JavaThread "Service Thread"             daemon [_thread_blocked, id=12808, stack(0x0000004509f00000,0x000000450a000000) (1024K)]
  0x0000022ff049a280 JavaThread "Monitor Deflation Thread"   daemon [_thread_blocked, id=11624, stack(0x000000450a000000,0x000000450a100000) (1024K)]
=>0x0000022ff04c9cd0 JavaThread "C2 CompilerThread0"         daemon [_thread_in_native, id=14588, stack(0x000000450a100000,0x000000450a200000) (1024K)]
  0x0000022ff04ea770 JavaThread "C1 CompilerThread0"         daemon [_thread_in_native, id=2228, stack(0x000000450a200000,0x000000450a300000) (1024K)]
  0x0000022ff0496330 JavaThread "Common-Cleaner"             daemon [_thread_blocked, id=14148, stack(0x000000450a300000,0x000000450a400000) (1024K)]
  0x0000022ff07d0140 JavaThread "Notification Thread"        daemon [_thread_blocked, id=15320, stack(0x000000450a400000,0x000000450a500000) (1024K)]
  0x0000022ff67f1550 JavaThread "Daemon health stats"               [_thread_blocked, id=12528, stack(0x000000450a800000,0x000000450a900000) (1024K)]
  0x0000022ff6a66260 JavaThread "Incoming local TCP Connector on port 59439"        [_thread_in_native, id=7808, stack(0x000000450a900000,0x000000450aa00000) (1024K)]
  0x0000022ff6add6e0 JavaThread "Daemon periodic checks"            [_thread_blocked, id=12908, stack(0x000000450aa00000,0x000000450ab00000) (1024K)]
  0x0000022ff6c2bb40 JavaThread "Daemon"                            [_thread_blocked, id=1052, stack(0x000000450ab00000,0x000000450ac00000) (1024K)]
  0x0000022ff6674410 JavaThread "Handler for socket connection from /127.0.0.1:59439 to /127.0.0.1:59440"        [_thread_in_native, id=16144, stack(0x000000450ac00000,0x000000450ad00000) (1024K)]
  0x0000022ff6c699f0 JavaThread "Cancel handler"                    [_thread_blocked, id=14516, stack(0x000000450ad00000,0x000000450ae00000) (1024K)]
  0x0000022ff6a7ede0 JavaThread "Daemon worker"                     [_thread_in_Java, id=8896, stack(0x000000450ae00000,0x000000450af00000) (1024K)]
  0x0000022ff5d5a790 JavaThread "Asynchronous log dispatcher for DefaultDaemonConnection: socket connection from /127.0.0.1:59439 to /127.0.0.1:59440"        [_thread_blocked, id=12380, stack(0x000000450af00000,0x000000450b000000) (1024K)]
  0x0000022ff60d59f0 JavaThread "Stdin handler"                     [_thread_blocked, id=13188, stack(0x000000450b000000,0x000000450b100000) (1024K)]
  0x0000022ff60d6420 JavaThread "Daemon client event forwarder"        [_thread_blocked, id=15800, stack(0x000000450b100000,0x000000450b200000) (1024K)]
  0x0000022ff6a9c490 JavaThread "Cache worker for journal cache (C:\Users\Hii\.gradle\caches\journal-1)"        [_thread_blocked, id=8584, stack(0x000000450b200000,0x000000450b300000) (1024K)]
  0x0000022ff6a9d840 JavaThread "File lock request listener"        [_thread_in_native, id=10720, stack(0x000000450b300000,0x000000450b400000) (1024K)]
  0x0000022ff6a9e560 JavaThread "Cache worker for file hash cache (C:\Users\Hii\.gradle\caches\8.12\fileHashes)"        [_thread_blocked, id=5660, stack(0x000000450b400000,0x000000450b500000) (1024K)]
  0x0000022ff6a9d1b0 JavaThread "Cache worker for file hash cache (C:\Users\Hii\StudioProjects\project1\android\.gradle\8.12\fileHashes)"        [_thread_blocked, id=10480, stack(0x000000450b500000,0x000000450b600000) (1024K)]
  0x0000022ff6a9cb20 JavaThread "Cache worker for Build Output Cleanup Cache (C:\Users\Hii\StudioProjects\project1\android\.gradle\buildOutputCleanup)"        [_thread_blocked, id=3984, stack(0x000000450b600000,0x000000450b700000) (1024K)]
Total: 26

Other Threads:
  0x0000022ff02d5720 VMThread "VM Thread"                           [id=17084, stack(0x0000004509a00000,0x0000004509b00000) (1024K)]
  0x0000022fd6dadd40 WatcherThread "VM Periodic Task Thread"        [id=7100, stack(0x0000004509900000,0x0000004509a00000) (1024K)]
  0x0000022fd6d4df50 WorkerThread "GC Thread#0"                     [id=2564, stack(0x0000004509400000,0x0000004509500000) (1024K)]
  0x0000022ff07de420 WorkerThread "GC Thread#1"                     [id=6056, stack(0x000000450a500000,0x000000450a600000) (1024K)]
  0x0000022ff507b230 WorkerThread "GC Thread#2"                     [id=12840, stack(0x000000450a600000,0x000000450a700000) (1024K)]
  0x0000022ff5cf7a60 WorkerThread "GC Thread#3"                     [id=2076, stack(0x000000450a700000,0x000000450a800000) (1024K)]
  0x0000022fd6d5bfb0 ConcurrentGCThread "G1 Main Marker"            [id=3648, stack(0x0000004509500000,0x0000004509600000) (1024K)]
  0x0000022fd6d5c9c0 WorkerThread "G1 Conc#0"                       [id=13132, stack(0x0000004509600000,0x0000004509700000) (1024K)]
  0x0000022fd6da2060 ConcurrentGCThread "G1 Refine#0"               [id=18064, stack(0x0000004509700000,0x0000004509800000) (1024K)]
  0x0000022fd6da2ae0 ConcurrentGCThread "G1 Service"                [id=8372, stack(0x0000004509800000,0x0000004509900000) (1024K)]
Total: 10

Threads with active compile tasks:
C2 CompilerThread0  5096 3054   !   4       java.net.URLClassLoader$1::run (81 bytes)
Total: 1

VM state: not at safepoint (normal execution)

VM Mutex/Monitor currently owned by a thread: None

Heap address: 0x0000000700000000, size: 4096 MB, Compressed Oops mode: Zero based, Oop shift amount: 3

CDS archive(s) not mapped
Compressed class space mapped at: 0x0000000800000000-0x0000000834000000, reserved size: 872415232
Narrow klass base: 0x0000000800000000, Narrow klass shift: 0, Narrow klass range: 0x34000000

GC Precious Log:
 CardTable entry size: 512
 Card Set container configuration: InlinePtr #cards 4 size 8 Array Of Cards #cards 16 size 48 Howl #buckets 8 coarsen threshold 3686 Howl Bitmap #cards 512 size 80 coarsen threshold 460 Card regions per heap region 1 cards per card region 4096
 CPUs: 4 total, 4 available
 Memory: 3998M
 Large Page Support: Disabled
 NUMA Support: Disabled
 Compressed Oops: Enabled (Zero based)
 Heap Region Size: 2M
 Heap Min Capacity: 8M
 Heap Initial Capacity: 64M
 Heap Max Capacity: 4G
 Pre-touch: Disabled
 Parallel Workers: 4
 Concurrent Workers: 1
 Concurrent Refinement Workers: 4
 Periodic GC: Disabled

Heap:
 garbage-first heap   total 65536K, used 34322K [0x0000000700000000, 0x0000000800000000)
  region size 2048K, 8 young (16384K), 2 survivors (4096K)
 Metaspace       used 32099K, committed 32832K, reserved 917504K
  class space    used 4184K, committed 4544K, reserved 851968K

Heap Regions: E=young(eden), S=young(survivor), O=old, HS=humongous(starts), HC=humongous(continues), CS=collection set, F=free, TAMS=top-at-mark-start, PB=parsable bottom
|   0|0x0000000700000000, 0x0000000700200000, 0x0000000700200000|100%|HS|  |TAMS 0x0000000700000000| PB 0x0000000700000000| Complete 
|   1|0x0000000700200000, 0x0000000700400000, 0x0000000700400000|100%|HC|  |TAMS 0x0000000700200000| PB 0x0000000700200000| Complete 
|   2|0x0000000700400000, 0x0000000700600000, 0x0000000700600000|100%| O|  |TAMS 0x0000000700400000| PB 0x0000000700400000| Untracked 
|   3|0x0000000700600000, 0x0000000700600000, 0x0000000700800000|  0%| F|  |TAMS 0x0000000700600000| PB 0x0000000700600000| Untracked 
|   4|0x0000000700800000, 0x0000000700a00000, 0x0000000700a00000|100%| O|  |TAMS 0x0000000700800000| PB 0x0000000700800000| Untracked 
|   5|0x0000000700a00000, 0x0000000700c00000, 0x0000000700c00000|100%| O|  |TAMS 0x0000000700a00000| PB 0x0000000700a00000| Untracked 
|   6|0x0000000700c00000, 0x0000000700e00000, 0x0000000700e00000|100%| O|  |TAMS 0x0000000700c00000| PB 0x0000000700c00000| Untracked 
|   7|0x0000000700e00000, 0x0000000701000000, 0x0000000701000000|100%| O|  |TAMS 0x0000000700e00000| PB 0x0000000700e00000| Untracked 
|   8|0x0000000701000000, 0x0000000701200000, 0x0000000701200000|100%| O|  |TAMS 0x0000000701000000| PB 0x0000000701000000| Untracked 
|   9|0x0000000701200000, 0x0000000701400000, 0x0000000701400000|100%| O|  |TAMS 0x0000000701200000| PB 0x0000000701200000| Untracked 
|  10|0x0000000701400000, 0x00000007015c40e8, 0x0000000701600000| 88%| O|  |TAMS 0x0000000701400000| PB 0x0000000701400000| Untracked 
|  11|0x0000000701600000, 0x0000000701600000, 0x0000000701800000|  0%| F|  |TAMS 0x0000000701600000| PB 0x0000000701600000| Untracked 
|  12|0x0000000701800000, 0x0000000701800000, 0x0000000701a00000|  0%| F|  |TAMS 0x0000000701800000| PB 0x0000000701800000| Untracked 
|  13|0x0000000701a00000, 0x0000000701a00000, 0x0000000701c00000|  0%| F|  |TAMS 0x0000000701a00000| PB 0x0000000701a00000| Untracked 
|  14|0x0000000701c00000, 0x0000000701c00000, 0x0000000701e00000|  0%| F|  |TAMS 0x0000000701c00000| PB 0x0000000701c00000| Untracked 
|  15|0x0000000701e00000, 0x0000000701fc0970, 0x0000000702000000| 87%| S|CS|TAMS 0x0000000701e00000| PB 0x0000000701e00000| Complete 
|  16|0x0000000702000000, 0x0000000702200000, 0x0000000702200000|100%| S|CS|TAMS 0x0000000702000000| PB 0x0000000702000000| Complete 
|  17|0x0000000702200000, 0x0000000702200000, 0x0000000702400000|  0%| F|  |TAMS 0x0000000702200000| PB 0x0000000702200000| Untracked 
|  18|0x0000000702400000, 0x0000000702400000, 0x0000000702600000|  0%| F|  |TAMS 0x0000000702400000| PB 0x0000000702400000| Untracked 
|  19|0x0000000702600000, 0x0000000702600000, 0x0000000702800000|  0%| F|  |TAMS 0x0000000702600000| PB 0x0000000702600000| Untracked 
|  20|0x0000000702800000, 0x0000000702800000, 0x0000000702a00000|  0%| F|  |TAMS 0x0000000702800000| PB 0x0000000702800000| Untracked 
|  21|0x0000000702a00000, 0x0000000702a00000, 0x0000000702c00000|  0%| F|  |TAMS 0x0000000702a00000| PB 0x0000000702a00000| Untracked 
|  22|0x0000000702c00000, 0x0000000702c00000, 0x0000000702e00000|  0%| F|  |TAMS 0x0000000702c00000| PB 0x0000000702c00000| Untracked 
|  23|0x0000000702e00000, 0x0000000702e00000, 0x0000000703000000|  0%| F|  |TAMS 0x0000000702e00000| PB 0x0000000702e00000| Untracked 
|  24|0x0000000703000000, 0x0000000703000000, 0x0000000703200000|  0%| F|  |TAMS 0x0000000703000000| PB 0x0000000703000000| Untracked 
|  25|0x0000000703200000, 0x0000000703200000, 0x0000000703400000|  0%| F|  |TAMS 0x0000000703200000| PB 0x0000000703200000| Untracked 
|  26|0x0000000703400000, 0x00000007035364c0, 0x0000000703600000| 60%| E|  |TAMS 0x0000000703400000| PB 0x0000000703400000| Complete 
|  27|0x0000000703600000, 0x0000000703800000, 0x0000000703800000|100%| E|CS|TAMS 0x0000000703600000| PB 0x0000000703600000| Complete 
|  28|0x0000000703800000, 0x0000000703a00000, 0x0000000703a00000|100%| E|CS|TAMS 0x0000000703800000| PB 0x0000000703800000| Complete 
|  29|0x0000000703a00000, 0x0000000703c00000, 0x0000000703c00000|100%| E|CS|TAMS 0x0000000703a00000| PB 0x0000000703a00000| Complete 
|  30|0x0000000703c00000, 0x0000000703e00000, 0x0000000703e00000|100%| E|CS|TAMS 0x0000000703c00000| PB 0x0000000703c00000| Complete 
|  31|0x0000000703e00000, 0x0000000704000000, 0x0000000704000000|100%| E|CS|TAMS 0x0000000703e00000| PB 0x0000000703e00000| Complete 

Card table byte_map: [0x0000022fe9640000,0x0000022fe9e40000] _byte_map_base: 0x0000022fe5e40000

Marking Bits: (CMBitMap*) 0x0000022fd6d4e560
 Bits: [0x0000022fe9e40000, 0x0000022fede40000)

Polling page: 0x0000022fd4b70000

Metaspace:

Usage:
  Non-class:     27.28 MB used.
      Class:      4.09 MB used.
       Both:     31.36 MB used.

Virtual space:
  Non-class space:       64.00 MB reserved,      27.69 MB ( 43%) committed,  1 nodes.
      Class space:      832.00 MB reserved,       4.44 MB ( <1%) committed,  1 nodes.
             Both:      896.00 MB reserved,      32.12 MB (  4%) committed. 

Chunk freelists:
   Non-Class:  3.53 MB
       Class:  11.47 MB
        Both:  15.00 MB

MaxMetaspaceSize: 1.00 GB
CompressedClassSpaceSize: 832.00 MB
Initial GC threshold: 21.00 MB
Current GC threshold: 35.25 MB
CDS: off
 - commit_granule_bytes: 65536.
 - commit_granule_words: 8192.
 - virtual_space_node_default_size: 8388608.
 - enlarge_chunks_in_place: 1.
 - use_allocation_guard: 0.


Internal statistics:

num_allocs_failed_limit: 3.
num_arena_births: 1176.
num_arena_deaths: 0.
num_vsnodes_births: 2.
num_vsnodes_deaths: 0.
num_space_committed: 514.
num_space_uncommitted: 0.
num_chunks_returned_to_freelist: 3.
num_chunks_taken_from_freelist: 2143.
num_chunk_merges: 3.
num_chunk_splits: 1384.
num_chunks_enlarged: 903.
num_inconsistent_stats: 0.

CodeHeap 'non-profiled nmethods': size=120000Kb used=1484Kb max_used=1484Kb free=118515Kb
 bounds [0x0000022fe1910000, 0x0000022fe1b80000, 0x0000022fe8e40000]
CodeHeap 'profiled nmethods': size=120000Kb used=6464Kb max_used=6464Kb free=113535Kb
 bounds [0x0000022fd9e40000, 0x0000022fda4a0000, 0x0000022fe1370000]
CodeHeap 'non-nmethods': size=5760Kb used=1478Kb max_used=1560Kb free=4281Kb
 bounds [0x0000022fe1370000, 0x0000022fe15e0000, 0x0000022fe1910000]
 total_blobs=3758 nmethods=3181 adapters=481
 compilation: enabled
              stopped_count=0, restarted_count=0
 full_count=0

Compilation events (20 events):
Event: 4.980 Thread 0x0000022ff04ea770 3161       3       java.lang.ThreadLocal::get (8 bytes)
Event: 4.980 Thread 0x0000022ff04ea770 nmethod 3161 0x0000022fda481c90 code [0x0000022fda481e40, 0x0000022fda481f98]
Event: 4.985 Thread 0x0000022ff04ea770 3162       1       org.gradle.launcher.daemon.server.exec.DaemonConnectionBackedEventConsumer::access$000 (5 bytes)
Event: 4.985 Thread 0x0000022ff04ea770 nmethod 3162 0x0000022fe1a82210 code [0x0000022fe1a823a0, 0x0000022fe1a82450]
Event: 4.985 Thread 0x0000022ff04ea770 3163       1       jdk.internal.event.ThreadSleepEvent::isEnabled (2 bytes)
Event: 4.985 Thread 0x0000022ff04ea770 nmethod 3163 0x0000022fe1a82910 code [0x0000022fe1a82aa0, 0x0000022fe1a82b68]
Event: 4.988 Thread 0x0000022ff04ea770 3165       3       jdk.internal.org.objectweb.asm.ClassWriter::visitEnd (1 bytes)
Event: 4.988 Thread 0x0000022ff04ea770 nmethod 3165 0x0000022fda482090 code [0x0000022fda482220, 0x0000022fda482328]
Event: 4.991 Thread 0x0000022ff04ea770 3166       3       jdk.internal.reflect.ReflectionFactory::newMethodAccessor (69 bytes)
Event: 4.991 Thread 0x0000022ff04ea770 nmethod 3166 0x0000022fda482390 code [0x0000022fda482580, 0x0000022fda482918]
Event: 4.991 Thread 0x0000022ff04ea770 3167   !   3       jdk.internal.reflect.MethodHandleAccessorFactory::newMethodAccessor (61 bytes)
Event: 4.992 Thread 0x0000022ff04ea770 nmethod 3167 0x0000022fda482b10 code [0x0000022fda482e00, 0x0000022fda483828]
Event: 4.992 Thread 0x0000022ff04ea770 3168       3       jdk.internal.reflect.MethodHandleAccessorFactory::getDirectMethod (83 bytes)
Event: 4.993 Thread 0x0000022ff04ea770 nmethod 3168 0x0000022fda483c10 code [0x0000022fda483e60, 0x0000022fda484558]
Event: 4.993 Thread 0x0000022ff04ea770 3169       3       java.lang.WeakPairMap$Pair$Weak::second (8 bytes)
Event: 4.993 Thread 0x0000022ff04ea770 nmethod 3169 0x0000022fda484810 code [0x0000022fda4849c0, 0x0000022fda484b98]
Event: 5.000 Thread 0x0000022ff04ea770 3171       3       java.lang.invoke.DirectMethodHandle$Holder::invokeStatic (22 bytes)
Event: 5.000 Thread 0x0000022ff04ea770 nmethod 3171 0x0000022fda484c90 code [0x0000022fda484e60, 0x0000022fda4853b0]
Event: 5.015 Thread 0x0000022ff04ea770 3173       3       jdk.internal.org.objectweb.asm.SymbolTable::addType (81 bytes)
Event: 5.016 Thread 0x0000022ff04ea770 nmethod 3173 0x0000022fda485510 code [0x0000022fda485720, 0x0000022fda485c70]

GC Heap History (14 events):
Event: 0.327 GC heap before
{Heap before GC invocations=0 (full 0):
 garbage-first heap   total 65536K, used 12288K [0x0000000700000000, 0x0000000800000000)
  region size 2048K, 6 young (12288K), 0 survivors (0K)
 Metaspace       used 7375K, committed 7488K, reserved 917504K
  class space    used 665K, committed 704K, reserved 851968K
}
Event: 0.330 GC heap after
{Heap after GC invocations=1 (full 0):
 garbage-first heap   total 65536K, used 1191K [0x0000000700000000, 0x0000000800000000)
  region size 2048K, 1 young (2048K), 1 survivors (2048K)
 Metaspace       used 7375K, committed 7488K, reserved 917504K
  class space    used 665K, committed 704K, reserved 851968K
}
Event: 0.829 GC heap before
{Heap before GC invocations=1 (full 0):
 garbage-first heap   total 65536K, used 23719K [0x0000000700000000, 0x0000000800000000)
  region size 2048K, 11 young (22528K), 1 survivors (2048K)
 Metaspace       used 10647K, committed 10816K, reserved 917504K
  class space    used 1083K, committed 1152K, reserved 851968K
}
Event: 0.835 GC heap after
{Heap after GC invocations=2 (full 0):
 garbage-first heap   total 65536K, used 10627K [0x0000000700000000, 0x0000000800000000)
  region size 2048K, 2 young (4096K), 2 survivors (4096K)
 Metaspace       used 10647K, committed 10816K, reserved 917504K
  class space    used 1083K, committed 1152K, reserved 851968K
}
Event: 1.328 GC heap before
{Heap before GC invocations=2 (full 0):
 garbage-first heap   total 65536K, used 45443K [0x0000000700000000, 0x0000000800000000)
  region size 2048K, 19 young (38912K), 2 survivors (4096K)
 Metaspace       used 12178K, committed 12352K, reserved 917504K
  class space    used 1282K, committed 1344K, reserved 851968K
}
Event: 1.337 GC heap after
{Heap after GC invocations=3 (full 0):
 garbage-first heap   total 65536K, used 12168K [0x0000000700000000, 0x0000000800000000)
  region size 2048K, 1 young (2048K), 1 survivors (2048K)
 Metaspace       used 12178K, committed 12352K, reserved 917504K
  class space    used 1282K, committed 1344K, reserved 851968K
}
Event: 2.378 GC heap before
{Heap before GC invocations=3 (full 0):
 garbage-first heap   total 65536K, used 49032K [0x0000000700000000, 0x0000000800000000)
  region size 2048K, 19 young (38912K), 1 survivors (2048K)
 Metaspace       used 14315K, committed 14528K, reserved 917504K
  class space    used 1561K, committed 1664K, reserved 851968K
}
Event: 2.388 GC heap after
{Heap after GC invocations=4 (full 0):
 garbage-first heap   total 65536K, used 18162K [0x0000000700000000, 0x0000000800000000)
  region size 2048K, 3 young (6144K), 3 survivors (6144K)
 Metaspace       used 14315K, committed 14528K, reserved 917504K
  class space    used 1561K, committed 1664K, reserved 851968K
}
Event: 3.058 GC heap before
{Heap before GC invocations=4 (full 0):
 garbage-first heap   total 65536K, used 38642K [0x0000000700000000, 0x0000000800000000)
  region size 2048K, 15 young (30720K), 3 survivors (6144K)
 Metaspace       used 21191K, committed 21504K, reserved 917504K
  class space    used 2444K, committed 2624K, reserved 851968K
}
Event: 3.066 GC heap after
{Heap after GC invocations=5 (full 0):
 garbage-first heap   total 65536K, used 20970K [0x0000000700000000, 0x0000000800000000)
  region size 2048K, 2 young (4096K), 2 survivors (4096K)
 Metaspace       used 21191K, committed 21504K, reserved 917504K
  class space    used 2444K, committed 2624K, reserved 851968K
}
Event: 4.011 GC heap before
{Heap before GC invocations=6 (full 0):
 garbage-first heap   total 65536K, used 49642K [0x0000000700000000, 0x0000000800000000)
  region size 2048K, 17 young (34816K), 2 survivors (4096K)
 Metaspace       used 26625K, committed 27136K, reserved 917504K
  class space    used 3261K, committed 3520K, reserved 851968K
}
Event: 4.017 GC heap after
{Heap after GC invocations=7 (full 0):
 garbage-first heap   total 65536K, used 22194K [0x0000000700000000, 0x0000000800000000)
  region size 2048K, 2 young (4096K), 2 survivors (4096K)
 Metaspace       used 26625K, committed 27136K, reserved 917504K
  class space    used 3261K, committed 3520K, reserved 851968K
}
Event: 4.805 GC heap before
{Heap before GC invocations=7 (full 0):
 garbage-first heap   total 65536K, used 52914K [0x0000000700000000, 0x0000000800000000)
  region size 2048K, 17 young (34816K), 2 survivors (4096K)
 Metaspace       used 30618K, committed 31232K, reserved 917504K
  class space    used 3948K, committed 4224K, reserved 851968K
}
Event: 4.817 GC heap after
{Heap after GC invocations=8 (full 0):
 garbage-first heap   total 65536K, used 24082K [0x0000000700000000, 0x0000000800000000)
  region size 2048K, 2 young (4096K), 2 survivors (4096K)
 Metaspace       used 30618K, committed 31232K, reserved 917504K
  class space    used 3948K, committed 4224K, reserved 851968K
}

Dll operation events (3 events):
Event: 0.011 Loaded shared library C:\Program Files\Android\Android Studio\jbr\bin\java.dll
Event: 0.016 Loaded shared library C:\Program Files\Android\Android Studio\jbr\bin\zip.dll
Event: 0.583 Loaded shared library C:\Program Files\Android\Android Studio\jbr\bin\verify.dll

Deoptimization events (20 events):
Event: 3.846 Thread 0x0000022ff6a7ede0 Uncommon trap: trap_request=0xffffff45 fr.pc=0x0000022fe1934cc4 relative=0x0000000000000dc4
Event: 3.846 Thread 0x0000022ff6a7ede0 Uncommon trap: reason=unstable_if action=reinterpret pc=0x0000022fe1934cc4 method=java.io.WinNTFileSystem.resolve(Ljava/lang/String;Ljava/lang/String;)Ljava/lang/String; @ 19 c2
Event: 3.846 Thread 0x0000022ff6a7ede0 DEOPT PACKING pc=0x0000022fe1934cc4 sp=0x000000450aefb9f0
Event: 3.846 Thread 0x0000022ff6a7ede0 DEOPT UNPACKING pc=0x0000022fe13c46a2 sp=0x000000450aefb988 mode 2
Event: 3.849 Thread 0x0000022ff6a7ede0 Uncommon trap: trap_request=0xffffff45 fr.pc=0x0000022fe19a2390 relative=0x00000000000006b0
Event: 3.849 Thread 0x0000022ff6a7ede0 Uncommon trap: reason=unstable_if action=reinterpret pc=0x0000022fe19a2390 method=java.io.File.getName()Ljava/lang/String; @ 16 c2
Event: 3.849 Thread 0x0000022ff6a7ede0 DEOPT PACKING pc=0x0000022fe19a2390 sp=0x000000450aefb9b0
Event: 3.849 Thread 0x0000022ff6a7ede0 DEOPT UNPACKING pc=0x0000022fe13c46a2 sp=0x000000450aefb980 mode 2
Event: 3.928 Thread 0x0000022ff6a7ede0 Uncommon trap: trap_request=0xffffff45 fr.pc=0x0000022fe193f41c relative=0x00000000000000fc
Event: 3.928 Thread 0x0000022ff6a7ede0 Uncommon trap: reason=unstable_if action=reinterpret pc=0x0000022fe193f41c method=java.util.HashMap.hash(Ljava/lang/Object;)I @ 1 c2
Event: 3.928 Thread 0x0000022ff6a7ede0 DEOPT PACKING pc=0x0000022fe193f41c sp=0x000000450aefca10
Event: 3.928 Thread 0x0000022ff6a7ede0 DEOPT UNPACKING pc=0x0000022fe13c46a2 sp=0x000000450aefc950 mode 2
Event: 4.627 Thread 0x0000022ff6a7ede0 DEOPT PACKING pc=0x0000022fda28dba7 sp=0x000000450aefac90
Event: 4.627 Thread 0x0000022ff6a7ede0 DEOPT UNPACKING pc=0x0000022fe13c4e42 sp=0x000000450aefa168 mode 0
Event: 4.802 Thread 0x0000022ff6a7ede0 DEOPT PACKING pc=0x0000022fda2ef7d6 sp=0x000000450aefab20
Event: 4.802 Thread 0x0000022ff6a7ede0 DEOPT UNPACKING pc=0x0000022fe13c4e42 sp=0x000000450aefa068 mode 0
Event: 4.994 Thread 0x0000022ff6a7ede0 Uncommon trap: trap_request=0xffffff45 fr.pc=0x0000022fe1a24250 relative=0x00000000000003f0
Event: 4.994 Thread 0x0000022ff6a7ede0 Uncommon trap: reason=unstable_if action=reinterpret pc=0x0000022fe1a24250 method=jdk.internal.org.objectweb.asm.SymbolTable.addType(Ljava/lang/String;)I @ 33 c2
Event: 4.994 Thread 0x0000022ff6a7ede0 DEOPT PACKING pc=0x0000022fe1a24250 sp=0x000000450aefa390
Event: 4.994 Thread 0x0000022ff6a7ede0 DEOPT UNPACKING pc=0x0000022fe13c46a2 sp=0x000000450aefa318 mode 2

Classes loaded (20 events):
Event: 4.615 Loading class org/xml/sax/SAXException
Event: 4.616 Loading class org/xml/sax/SAXException done
Event: 4.616 Loading class javax/xml/xpath/XPathExpressionException
Event: 4.616 Loading class javax/xml/xpath/XPathException
Event: 4.616 Loading class javax/xml/xpath/XPathException done
Event: 4.616 Loading class javax/xml/xpath/XPathExpressionException done
Event: 4.616 Loading class org/xml/sax/ErrorHandler
Event: 4.617 Loading class org/xml/sax/ErrorHandler done
Event: 4.747 Loading class java/lang/ThreadLocal$SuppliedThreadLocal
Event: 4.747 Loading class java/lang/ThreadLocal$SuppliedThreadLocal done
Event: 4.935 Loading class java/util/zip/GZIPInputStream
Event: 4.936 Loading class java/util/zip/GZIPInputStream done
Event: 4.936 Loading class java/util/zip/GZIPOutputStream
Event: 4.936 Loading class java/util/zip/DeflaterOutputStream
Event: 4.936 Loading class java/util/zip/DeflaterOutputStream done
Event: 4.936 Loading class java/util/zip/GZIPOutputStream done
Event: 4.938 Loading class java/io/UnsupportedEncodingException
Event: 4.938 Loading class java/io/UnsupportedEncodingException done
Event: 5.000 Loading class java/util/Collections$SingletonMap
Event: 5.000 Loading class java/util/Collections$SingletonMap done

Classes unloaded (0 events):
No events

Classes redefined (0 events):
No events

Internal exceptions (20 events):
Event: 4.006 Thread 0x0000022ff6a7ede0 Exception <a 'java/lang/NoSuchMethodError'{0x0000000701fa4548}: 'java.lang.Object java.lang.invoke.DirectMethodHandle$Holder.invokeStatic(java.lang.Object, java.lang.Object, java.lang.Object, java.lang.Object, java.lang.Object, java.lang.Object, java.lang.Object, java.lang.Object, java.lang.Object, java.lang.Object, java.lang.Object, java.lang.Object, java.lang.Object, java.lang.Object, java.lang.Object, java.lang.Object, java.lang.Object, java.lang.Object, java.lang.Object, java.lang.Object, java.lang.Obj
Event: 4.009 Thread 0x0000022ff6a7ede0 Exception <a 'java/lang/NoSuchMethodError'{0x0000000701fd2f50}: 'java.lang.Object java.lang.invoke.DirectMethodHandle$Holder.invokeStatic(java.lang.Object, java.lang.Object, java.lang.Object, java.lang.Object, java.lang.Object, java.lang.Object, java.lang.Object, java.lang.Object, java.lang.Object, java.lang.Object, java.lang.Object, java.lang.Object, java.lang.Object, java.lang.Object, java.lang.Object, java.lang.Object, java.lang.Object, java.lang.Object, java.lang.Object, java.lang.Object, java.lang.Obj
Event: 4.018 Thread 0x0000022ff6a7ede0 Exception <a 'java/lang/NoSuchMethodError'{0x0000000703e02a58}: 'java.lang.Object java.lang.invoke.DirectMethodHandle$Holder.invokeStatic(java.lang.Object, java.lang.Object, java.lang.Object, java.lang.Object, java.lang.Object, java.lang.Object, java.lang.Object, java.lang.Object, java.lang.Object, java.lang.Object, java.lang.Object, java.lang.Object, java.lang.Object, java.lang.Object, java.lang.Object, java.lang.Object, java.lang.Object, java.lang.Object, java.lang.Object, java.lang.Object, java.lang.Obj
Event: 4.020 Thread 0x0000022ff6a7ede0 Exception <a 'java/lang/NoSuchMethodError'{0x0000000703e7de58}: 'java.lang.Object java.lang.invoke.DirectMethodHandle$Holder.invokeStatic(java.lang.Object, java.lang.Object, java.lang.Object, java.lang.Object, java.lang.Object, java.lang.Object, java.lang.Object, java.lang.Object, java.lang.Object, java.lang.Object, java.lang.Object, java.lang.Object, java.lang.Object, java.lang.Object, java.lang.Object, java.lang.Object, java.lang.Object, java.lang.Object, java.lang.Object, java.lang.Object, java.lang.Obj
Event: 4.023 Thread 0x0000022ff6a7ede0 Exception <a 'java/lang/NoSuchMethodError'{0x0000000703eae5d8}: 'java.lang.Object java.lang.invoke.DirectMethodHandle$Holder.invokeStatic(java.lang.Object, java.lang.Object, java.lang.Object, java.lang.Object, java.lang.Object, java.lang.Object, java.lang.Object, java.lang.Object, java.lang.Object, java.lang.Object, java.lang.Object, java.lang.Object, java.lang.Object, java.lang.Object, java.lang.Object, java.lang.Object, java.lang.Object, java.lang.Object, java.lang.Object, java.lang.Object, java.lang.Obj
Event: 4.025 Thread 0x0000022ff6a7ede0 Exception <a 'java/lang/NoSuchMethodError'{0x0000000703edf8d8}: 'java.lang.Object java.lang.invoke.DirectMethodHandle$Holder.invokeStatic(java.lang.Object, java.lang.Object, java.lang.Object, java.lang.Object, java.lang.Object, java.lang.Object, java.lang.Object, java.lang.Object, java.lang.Object, java.lang.Object, java.lang.Object, java.lang.Object, java.lang.Object, java.lang.Object, java.lang.Object, java.lang.Object, java.lang.Object, java.lang.Object, java.lang.Object, java.lang.Object, java.lang.Obj
Event: 4.028 Thread 0x0000022ff6a7ede0 Exception <a 'java/lang/NoSuchMethodError'{0x0000000703f12360}: 'java.lang.Object java.lang.invoke.DirectMethodHandle$Holder.invokeStatic(java.lang.Object, java.lang.Object, java.lang.Object, java.lang.Object, java.lang.Object, java.lang.Object, java.lang.Object, java.lang.Object, java.lang.Object, java.lang.Object, java.lang.Object, java.lang.Object, java.lang.Object, java.lang.Object, java.lang.Object, java.lang.Object, java.lang.Object, java.lang.Object, java.lang.Object, java.lang.Object, java.lang.Obj
Event: 4.282 Thread 0x0000022ff6a7ede0 Exception <a 'java/lang/IncompatibleClassChangeError'{0x00000007034519b8}: Found class java.lang.Object, but interface was expected> (0x00000007034519b8) 
thrown [s\src\hotspot\share\interpreter\linkResolver.cpp, line 851]
Event: 4.288 Thread 0x0000022ff6a7ede0 Exception <a 'java/lang/NoSuchMethodError'{0x000000070347f2f0}: 'java.lang.Object java.lang.invoke.DirectMethodHandle$Holder.newInvokeSpecial(java.lang.Object, java.lang.Object, java.lang.Object, java.lang.Object, java.lang.Object, java.lang.Object, java.lang.Object, java.lang.Object, java.lang.Object, java.lang.Object)'> (0x000000070347f2f0) 
thrown [s\src\hotspot\share\interpreter\linkResolver.cpp, line 784]
Event: 4.321 Thread 0x0000022ff6a7ede0 Exception <a 'java/lang/NoSuchMethodError'{0x00000007035cb628}: 'java.lang.Object java.lang.invoke.DirectMethodHandle$Holder.newInvokeSpecial(java.lang.Object, java.lang.Object, java.lang.Object, java.lang.Object, java.lang.Object, java.lang.Object, java.lang.Object, java.lang.Object)'> (0x00000007035cb628) 
thrown [s\src\hotspot\share\interpreter\linkResolver.cpp, line 784]
Event: 4.347 Thread 0x0000022ff6a7ede0 Exception <a 'java/lang/NoSuchMethodError'{0x00000007032ae078}: 'int java.lang.invoke.DirectMethodHandle$Holder.invokeStaticInit(java.lang.Object, java.lang.Object, java.lang.Object)'> (0x00000007032ae078) 
thrown [s\src\hotspot\share\interpreter\linkResolver.cpp, line 784]
Event: 4.493 Thread 0x0000022ff6a7ede0 Exception <a 'java/lang/NoSuchMethodError'{0x0000000702c7d088}: 'java.lang.Object java.lang.invoke.DirectMethodHandle$Holder.invokeVirtual(java.lang.Object, java.lang.Object, java.lang.Object, java.lang.Object, java.lang.Object, java.lang.Object, java.lang.Object, java.lang.Object, java.lang.Object, java.lang.Object, java.lang.Object, java.lang.Object, java.lang.Object, java.lang.Object, java.lang.Object, java.lang.Object, java.lang.Object, java.lang.Object, java.lang.Object, java.lang.Object, java.lang.Ob
Event: 4.712 Thread 0x0000022ff6a7ede0 Exception <a 'java/lang/NoSuchMethodError'{0x00000007024b3008}: 'java.lang.Object java.lang.invoke.DirectMethodHandle$Holder.newInvokeSpecial(java.lang.Object, java.lang.Object, java.lang.Object, java.lang.Object, java.lang.Object, java.lang.Object, java.lang.Object)'> (0x00000007024b3008) 
thrown [s\src\hotspot\share\interpreter\linkResolver.cpp, line 784]
Event: 4.767 Thread 0x0000022ff6a7ede0 Exception <a 'java/lang/NoSuchMethodError'{0x0000000702290b30}: 'java.lang.Object java.lang.invoke.DirectMethodHandle$Holder.invokeVirtual(java.lang.Object, java.lang.Object, java.lang.Object, java.lang.Object, java.lang.Object, java.lang.Object, java.lang.Object, java.lang.Object, java.lang.Object, java.lang.Object, java.lang.Object)'> (0x0000000702290b30) 
thrown [s\src\hotspot\share\interpreter\linkResolver.cpp, line 784]
Event: 4.969 Thread 0x0000022ff6a7ede0 Exception <a 'java/lang/NoSuchMethodError'{0x0000000703be4e00}: 'java.lang.Object java.lang.invoke.DirectMethodHandle$Holder.invokeVirtual(java.lang.Object, java.lang.Object, java.lang.Object, java.lang.Object, java.lang.Object, java.lang.Object, java.lang.Object, java.lang.Object, java.lang.Object, java.lang.Object)'> (0x0000000703be4e00) 
thrown [s\src\hotspot\share\interpreter\linkResolver.cpp, line 784]
Event: 5.015 Thread 0x0000022ff6a7ede0 Exception <a 'java/lang/NoSuchMethodError'{0x0000000703903e30}: 'java.lang.Object java.lang.invoke.DirectMethodHandle$Holder.invokeSpecial(java.lang.Object, java.lang.Object, java.lang.Object, java.lang.Object, java.lang.Object, java.lang.Object, java.lang.Object, java.lang.Object, java.lang.Object, java.lang.Object, java.lang.Object, java.lang.Object, java.lang.Object, java.lang.Object, java.lang.Object, java.lang.Object, java.lang.Object, java.lang.Object, java.lang.Object, java.lang.Object, java.lang.Ob
Event: 5.015 Thread 0x0000022ff6a7ede0 Exception <a 'java/lang/NoSuchMethodError'{0x0000000703909818}: 'java.lang.Object java.lang.invoke.DelegatingMethodHandle$Holder.reinvoke_L(java.lang.Object, java.lang.Object, java.lang.Object, java.lang.Object, java.lang.Object, java.lang.Object, java.lang.Object, java.lang.Object, java.lang.Object, java.lang.Object, java.lang.Object, java.lang.Object, java.lang.Object, java.lang.Object, java.lang.Object, java.lang.Object, java.lang.Object, java.lang.Object, java.lang.Object, java.lang.Object, java.lang.O
Event: 5.016 Thread 0x0000022ff6a7ede0 Exception <a 'java/lang/NoSuchMethodError'{0x0000000703914e68}: 'java.lang.Object java.lang.invoke.DirectMethodHandle$Holder.invokeSpecial(java.lang.Object, java.lang.Object, java.lang.Object, java.lang.Object, java.lang.Object, java.lang.Object, java.lang.Object, java.lang.Object, java.lang.Object, java.lang.Object, java.lang.Object, java.lang.Object, java.lang.Object, java.lang.Object, java.lang.Object, java.lang.Object, java.lang.Object, java.lang.Object, java.lang.Object, java.lang.Object, java.lang.Ob
Event: 5.016 Thread 0x0000022ff6a7ede0 Exception <a 'java/lang/NoSuchMethodError'{0x000000070391a670}: 'java.lang.Object java.lang.invoke.Invokers$Holder.invoker(java.lang.Object, java.lang.Object, java.lang.Object, java.lang.Object, java.lang.Object, java.lang.Object, java.lang.Object, java.lang.Object, java.lang.Object, java.lang.Object, java.lang.Object, java.lang.Object, java.lang.Object, java.lang.Object, java.lang.Object, java.lang.Object, java.lang.Object, java.lang.Object, java.lang.Object, java.lang.Object, java.lang.Object, java.lang.
Event: 5.017 Thread 0x0000022ff6a7ede0 Exception <a 'java/lang/NoSuchMethodError'{0x0000000703920858}: 'java.lang.Object java.lang.invoke.DelegatingMethodHandle$Holder.delegate(java.lang.Object, java.lang.Object, java.lang.Object, java.lang.Object, java.lang.Object, java.lang.Object, java.lang.Object, java.lang.Object, java.lang.Object, java.lang.Object, java.lang.Object, java.lang.Object, java.lang.Object, java.lang.Object, java.lang.Object, java.lang.Object, java.lang.Object, java.lang.Object, java.lang.Object, java.lang.Object, java.lang.Obj

ZGC Phase Switch (0 events):
No events

VM Operations (20 events):
Event: 2.725 Executing VM operation: HandshakeAllThreads (Deoptimize)
Event: 2.725 Executing VM operation: HandshakeAllThreads (Deoptimize) done
Event: 2.808 Executing VM operation: HandshakeAllThreads (Deoptimize)
Event: 2.808 Executing VM operation: HandshakeAllThreads (Deoptimize) done
Event: 3.058 Executing VM operation: CollectForMetadataAllocation (Metadata GC Threshold)
Event: 3.066 Executing VM operation: CollectForMetadataAllocation (Metadata GC Threshold) done
Event: 3.079 Executing VM operation: G1PauseRemark
Event: 3.081 Executing VM operation: G1PauseRemark done
Event: 3.085 Executing VM operation: G1PauseCleanup
Event: 3.085 Executing VM operation: G1PauseCleanup done
Event: 3.377 Executing VM operation: HandshakeAllThreads (Deoptimize)
Event: 3.377 Executing VM operation: HandshakeAllThreads (Deoptimize) done
Event: 4.011 Executing VM operation: G1CollectForAllocation (G1 Evacuation Pause)
Event: 4.017 Executing VM operation: G1CollectForAllocation (G1 Evacuation Pause) done
Event: 4.036 Executing VM operation: HandshakeAllThreads (Deoptimize)
Event: 4.036 Executing VM operation: HandshakeAllThreads (Deoptimize) done
Event: 4.037 Executing VM operation: HandshakeAllThreads (Deoptimize)
Event: 4.037 Executing VM operation: HandshakeAllThreads (Deoptimize) done
Event: 4.805 Executing VM operation: G1CollectForAllocation (G1 Evacuation Pause)
Event: 4.817 Executing VM operation: G1CollectForAllocation (G1 Evacuation Pause) done

Memory protections (0 events):
No events

Nmethod flushes (0 events):
No events

Events (20 events):
Event: 0.782 Loaded shared library C:\Users\Hii\.gradle\native\0.2.5\x86_64-windows-gnu\gradle-fileevents.dll
Event: 2.434 Loaded shared library C:\Program Files\Android\Android Studio\jbr\bin\management.dll
Event: 2.437 Loaded shared library C:\Program Files\Android\Android Studio\jbr\bin\management_ext.dll
Event: 2.476 Thread 0x0000022fd6ce87f0 Thread added: 0x0000022ff67f1550
Event: 2.635 Loaded shared library C:\Program Files\Android\Android Studio\jbr\bin\extnet.dll
Event: 2.684 Thread 0x0000022fd6ce87f0 Thread added: 0x0000022ff6a66260
Event: 2.786 Thread 0x0000022fd6ce87f0 Thread added: 0x0000022ff6add6e0
Event: 2.861 Thread 0x0000022ff6a66260 Thread added: 0x0000022ff6c2bb40
Event: 2.867 Thread 0x0000022ff6c2bb40 Thread added: 0x0000022ff6674410
Event: 2.941 Thread 0x0000022ff6c2bb40 Thread added: 0x0000022ff6c699f0
Event: 2.949 Thread 0x0000022ff6c2bb40 Thread added: 0x0000022ff6a7ede0
Event: 2.966 Thread 0x0000022ff6a7ede0 Thread added: 0x0000022ff5d5a790
Event: 2.973 Thread 0x0000022ff6a7ede0 Thread added: 0x0000022ff60d59f0
Event: 2.977 Thread 0x0000022ff6a7ede0 Thread added: 0x0000022ff60d6420
Event: 3.377 Thread 0x0000022ff6a7ede0 Thread added: 0x0000022ff6a9c490
Event: 3.385 Thread 0x0000022ff6a7ede0 Thread added: 0x0000022ff6a9d840
Event: 3.788 Thread 0x0000022ff6a7ede0 Thread added: 0x0000022ff6a9e560
Event: 3.886 Loaded shared library C:\Users\Hii\AppData\Local\Temp\native-platform9402453918501345386dir\gradle-fileevents.dll
Event: 4.973 Thread 0x0000022ff6a7ede0 Thread added: 0x0000022ff6a9d1b0
Event: 5.004 Thread 0x0000022ff6a7ede0 Thread added: 0x0000022ff6a9cb20


Dynamic libraries:
0x00007ff60b8b0000 - 0x00007ff60b8ba000 	C:\Program Files\Android\Android Studio\jbr\bin\java.exe
0x00007fffa68b0000 - 0x00007fffa6aa8000 	C:\Windows\SYSTEM32\ntdll.dll
0x00007fffa6670000 - 0x00007fffa6732000 	C:\Windows\System32\KERNEL32.DLL
0x00007fffa40e0000 - 0x00007fffa43d6000 	C:\Windows\System32\KERNELBASE.dll
0x00007fffa3f40000 - 0x00007fffa4040000 	C:\Windows\System32\ucrtbase.dll
0x00007fff9b130000 - 0x00007fff9b148000 	C:\Program Files\Android\Android Studio\jbr\bin\jli.dll
0x00007fff9d990000 - 0x00007fff9d9ab000 	C:\Program Files\Android\Android Studio\jbr\bin\VCRUNTIME140.dll
0x00007fffa4c60000 - 0x00007fffa4dfd000 	C:\Windows\System32\USER32.dll
0x00007fffa4490000 - 0x00007fffa44b2000 	C:\Windows\System32\win32u.dll
0x00007fff90070000 - 0x00007fff9030a000 	C:\Windows\WinSxS\amd64_microsoft.windows.common-controls_6595b64144ccf1df_6.0.19041.5915_none_60b4b9d171f9c7c7\COMCTL32.dll
0x00007fffa63f0000 - 0x00007fffa641b000 	C:\Windows\System32\GDI32.dll
0x00007fffa4a00000 - 0x00007fffa4a9e000 	C:\Windows\System32\msvcrt.dll
0x00007fffa44c0000 - 0x00007fffa45d8000 	C:\Windows\System32\gdi32full.dll
0x00007fffa4040000 - 0x00007fffa40dd000 	C:\Windows\System32\msvcp_win.dll
0x00007fffa62b0000 - 0x00007fffa62df000 	C:\Windows\System32\IMM32.DLL
0x00007fffa0920000 - 0x00007fffa092c000 	C:\Program Files\Android\Android Studio\jbr\bin\vcruntime140_1.dll
0x00007fff7ac70000 - 0x00007fff7acfd000 	C:\Program Files\Android\Android Studio\jbr\bin\msvcp140.dll
0x00007fff67c00000 - 0x00007fff6888b000 	C:\Program Files\Android\Android Studio\jbr\bin\server\jvm.dll
0x00007fffa4e00000 - 0x00007fffa4eb1000 	C:\Windows\System32\ADVAPI32.dll
0x00007fffa6760000 - 0x00007fffa67ff000 	C:\Windows\System32\sechost.dll
0x00007fffa5860000 - 0x00007fffa5983000 	C:\Windows\System32\RPCRT4.dll
0x00007fffa46c0000 - 0x00007fffa46e7000 	C:\Windows\System32\bcrypt.dll
0x00007fffa6800000 - 0x00007fffa686b000 	C:\Windows\System32\WS2_32.dll
0x00007fffa3da0000 - 0x00007fffa3deb000 	C:\Windows\SYSTEM32\POWRPROF.dll
0x00007fff9dc10000 - 0x00007fff9dc1a000 	C:\Windows\SYSTEM32\VERSION.dll
0x00007fff92b80000 - 0x00007fff92ba7000 	C:\Windows\SYSTEM32\WINMM.dll
0x00007fffa3d80000 - 0x00007fffa3d92000 	C:\Windows\SYSTEM32\UMPDC.dll
0x00007fffa2760000 - 0x00007fffa2772000 	C:\Windows\SYSTEM32\kernel.appcore.dll
0x00007fff9fa80000 - 0x00007fff9fa8a000 	C:\Program Files\Android\Android Studio\jbr\bin\jimage.dll
0x00007fffa1ca0000 - 0x00007fffa1ea1000 	C:\Windows\SYSTEM32\DBGHELP.DLL
0x00007fff9ad20000 - 0x00007fff9ad54000 	C:\Windows\SYSTEM32\dbgcore.DLL
0x00007fffa45e0000 - 0x00007fffa4662000 	C:\Windows\System32\bcryptPrimitives.dll
0x00007fffa0060000 - 0x00007fffa006e000 	C:\Program Files\Android\Android Studio\jbr\bin\instrument.dll
0x00007fff9d970000 - 0x00007fff9d990000 	C:\Program Files\Android\Android Studio\jbr\bin\java.dll
0x00007fff9c380000 - 0x00007fff9c398000 	C:\Program Files\Android\Android Studio\jbr\bin\zip.dll
0x00007fffa59f0000 - 0x00007fffa615e000 	C:\Windows\System32\SHELL32.dll
0x00007fffa1fa0000 - 0x00007fffa2744000 	C:\Windows\SYSTEM32\windows.storage.dll
0x00007fffa4ec0000 - 0x00007fffa5213000 	C:\Windows\System32\combase.dll
0x00007fffa38a0000 - 0x00007fffa38cb000 	C:\Windows\SYSTEM32\Wldp.dll
0x00007fffa6420000 - 0x00007fffa64ed000 	C:\Windows\System32\OLEAUT32.dll
0x00007fffa5220000 - 0x00007fffa52cd000 	C:\Windows\System32\SHCORE.dll
0x00007fffa5990000 - 0x00007fffa59eb000 	C:\Windows\System32\shlwapi.dll
0x00007fffa3e70000 - 0x00007fffa3e94000 	C:\Windows\SYSTEM32\profapi.dll
0x00007fff9ff00000 - 0x00007fff9ff10000 	C:\Program Files\Android\Android Studio\jbr\bin\net.dll
0x00007fff97780000 - 0x00007fff9788a000 	C:\Windows\SYSTEM32\WINHTTP.dll
0x00007fffa3600000 - 0x00007fffa366a000 	C:\Windows\system32\mswsock.dll
0x00007fff9c2e0000 - 0x00007fff9c2f6000 	C:\Program Files\Android\Android Studio\jbr\bin\nio.dll
0x00007fff9e030000 - 0x00007fff9e040000 	C:\Program Files\Android\Android Studio\jbr\bin\verify.dll
0x00007fff9cc70000 - 0x00007fff9cc97000 	C:\Users\Hii\.gradle\native\1def1411415f61bf3af743bc5b6707747c0891f09f0c88961ee8f79bc544acac\windows-amd64\native-platform.dll
0x000000005acc0000 - 0x000000005ad33000 	C:\Users\Hii\.gradle\native\0.2.5\x86_64-windows-gnu\gradle-fileevents.dll
0x00007fff9d770000 - 0x00007fff9d779000 	C:\Program Files\Android\Android Studio\jbr\bin\management.dll
0x00007fff9c3d0000 - 0x00007fff9c3db000 	C:\Program Files\Android\Android Studio\jbr\bin\management_ext.dll
0x00007fffa4c50000 - 0x00007fffa4c58000 	C:\Windows\System32\PSAPI.DLL
0x00007fffa37f0000 - 0x00007fffa3808000 	C:\Windows\SYSTEM32\CRYPTSP.dll
0x00007fffa2f20000 - 0x00007fffa2f55000 	C:\Windows\system32\rsaenh.dll
0x00007fffa3e30000 - 0x00007fffa3e5e000 	C:\Windows\SYSTEM32\USERENV.dll
0x00007fffa3810000 - 0x00007fffa381c000 	C:\Windows\SYSTEM32\CRYPTBASE.dll
0x00007fffa32e0000 - 0x00007fffa331b000 	C:\Windows\SYSTEM32\IPHLPAPI.DLL
0x00007fffa52d0000 - 0x00007fffa52d8000 	C:\Windows\System32\NSI.dll
0x00007fff9d960000 - 0x00007fff9d969000 	C:\Program Files\Android\Android Studio\jbr\bin\extnet.dll
0x00007fff9fef0000 - 0x00007fff9fef7000 	C:\Windows\system32\wshunix.dll
0x000000005abc0000 - 0x000000005ac33000 	C:\Users\Hii\AppData\Local\Temp\native-platform9402453918501345386dir\gradle-fileevents.dll

dbghelp: loaded successfully - version: 4.0.5 - missing functions: none
symbol engine: initialized successfully - sym options: 0x614 - pdb path: .;C:\Program Files\Android\Android Studio\jbr\bin;C:\Windows\SYSTEM32;C:\Windows\WinSxS\amd64_microsoft.windows.common-controls_6595b64144ccf1df_6.0.19041.5915_none_60b4b9d171f9c7c7;C:\Program Files\Android\Android Studio\jbr\bin\server;C:\Users\Hii\.gradle\native\1def1411415f61bf3af743bc5b6707747c0891f09f0c88961ee8f79bc544acac\windows-amd64;C:\Users\Hii\.gradle\native\0.2.5\x86_64-windows-gnu;C:\Users\Hii\AppData\Local\Temp\native-platform9402453918501345386dir

VM Arguments:
jvm_args: --add-opens=java.base/java.lang=ALL-UNNAMED --add-opens=java.base/java.lang.invoke=ALL-UNNAMED --add-opens=java.base/java.util=ALL-UNNAMED --add-opens=java.prefs/java.util.prefs=ALL-UNNAMED --add-exports=jdk.compiler/com.sun.tools.javac.api=ALL-UNNAMED --add-exports=jdk.compiler/com.sun.tools.javac.util=ALL-UNNAMED --add-opens=java.base/java.util=ALL-UNNAMED --add-opens=java.prefs/java.util.prefs=ALL-UNNAMED --add-opens=java.base/java.nio.charset=ALL-UNNAMED --add-opens=java.base/java.net=ALL-UNNAMED --add-opens=java.base/java.util.concurrent.atomic=ALL-UNNAMED --add-opens=java.xml/javax.xml.namespace=ALL-UNNAMED -XX:MaxMetaspaceSize=1024m -XX:+HeapDumpOnOutOfMemoryError -Xmx4096m -Dfile.encoding=UTF-8 -Duser.country=US -Duser.language=en -Duser.variant -javaagent:C:\Users\Hii\.gradle\wrapper\dists\gradle-8.12-all\ejduaidbjup3bmmkhw3rie4zb\gradle-8.12\lib\agents\gradle-instrumentation-agent-8.12.jar 
java_command: org.gradle.launcher.daemon.bootstrap.GradleDaemon 8.12
java_class_path (initial): C:\Users\Hii\.gradle\wrapper\dists\gradle-8.12-all\ejduaidbjup3bmmkhw3rie4zb\gradle-8.12\lib\gradle-daemon-main-8.12.jar
Launcher Type: SUN_STANDARD

[Global flags]
     intx CICompilerCount                          = 3                                         {product} {ergonomic}
   size_t CompressedClassSpaceSize                 = 872415232                                 {product} {ergonomic}
     uint ConcGCThreads                            = 1                                         {product} {ergonomic}
     uint G1ConcRefinementThreads                  = 4                                         {product} {ergonomic}
   size_t G1HeapRegionSize                         = 2097152                                   {product} {ergonomic}
    uintx GCDrainStackTargetSize                   = 64                                        {product} {ergonomic}
     bool HeapDumpOnOutOfMemoryError               = true                                   {manageable} {command line}
   size_t InitialHeapSize                          = 67108864                                  {product} {ergonomic}
   size_t MarkStackSize                            = 4194304                                   {product} {ergonomic}
   size_t MaxHeapSize                              = 4294967296                                {product} {command line}
   size_t MaxMetaspaceSize                         = 1073741824                                {product} {command line}
   size_t MaxNewSize                               = 2575302656                                {product} {ergonomic}
   size_t MinHeapDeltaBytes                        = 2097152                                   {product} {ergonomic}
   size_t MinHeapSize                              = 8388608                                   {product} {ergonomic}
    uintx NonNMethodCodeHeapSize                   = 5832780                                {pd product} {ergonomic}
    uintx NonProfiledCodeHeapSize                  = 122912730                              {pd product} {ergonomic}
    uintx ProfiledCodeHeapSize                     = 122912730                              {pd product} {ergonomic}
    uintx ReservedCodeCacheSize                    = 251658240                              {pd product} {ergonomic}
     bool SegmentedCodeCache                       = true                                      {product} {ergonomic}
   size_t SoftMaxHeapSize                          = 4294967296                             {manageable} {ergonomic}
     bool UseCompressedOops                        = true                           {product lp64_product} {ergonomic}
     bool UseG1GC                                  = true                                      {product} {ergonomic}
     bool UseLargePagesIndividualAllocation        = false                                  {pd product} {ergonomic}

Logging:
Log output configuration:
 #0: stdout all=warning uptime,level,tags foldmultilines=false
 #1: stderr all=off uptime,level,tags foldmultilines=false

Environment Variables:
JAVA_HOME=C:\Program Files\Android\Android Studio\jbr
CLASSPATH=C:\Users\Hii\StudioProjects\project1\android\\gradle\wrapper\gradle-wrapper.jar
PATH=C:\Program Files\Android\Android Studio\jbr\bin;C:\Python313\Scripts\;C:\Python313\;C:\Program Files\Common Files\Oracle\Java\javapath;C:\Python312\Scripts\;C:\Python312\;C:\Windows\system32;C:\Windows;C:\Windows\System32\Wbem;C:\Windows\System32\WindowsPowerShell\v1.0\;C:\Windows\System32\OpenSSH\;C:\Program Files\Common Files\Autodesk Shared\;C:\Program Files\Microsoft SQL Server\120\Tools\Binn\;C:\ProgramData\chocolatey\bin;C:\Program Files\nodejs\;C:\laragon\maven-mvnd-1.0.2-windows-amd64\bin\bin;C:\flutter\bin;C:\Program Files\MySQL\MySQL Shell 8.0\bin\;C:\Users\Hii\AppData\Local\Microsoft\WindowsApps;C:\Program Files\MySQL\MySQL Server 8.0\bin;C:\Program Files\MySQL\MySQL Server 8.0\bin;C:\Users\Hii\AppData\Local\GitHubDesktop\bin;C:\Users\Hii\AppData\Local\Programs\Microsoft VS Code\bin;C:\Users\Hii\AppData\Roaming\npm;C:\flutter\bin;;C:\flutter\bin\mingit\cmd
USERNAME=Hii
OS=Windows_NT
PROCESSOR_IDENTIFIER=Intel64 Family 6 Model 142 Stepping 10, GenuineIntel
TMP=C:\Users\Hii\AppData\Local\Temp
TEMP=C:\Users\Hii\AppData\Local\Temp




Periodic native trim disabled

JNI global refs:
JNI global refs: 25, weak refs: 2

JNI global refs memory usage: 835, weak refs: 833

Process memory usage:
Resident Set Size: 188400K (4% of 4094540K total physical memory with 250700K free physical memory)

OOME stack traces (most recent first):
Classloader memory used:
Loader bootstrap                                                                       : 16821K
Loader org.gradle.internal.classloader.VisitableURLClassLoader                         : 13210K
Loader org.gradle.initialization.MixInLegacyTypesClassLoader                           : 1820K
Loader jdk.internal.loader.ClassLoaders$AppClassLoader                                 : 232K
Loader jdk.internal.loader.ClassLoaders$PlatformClassLoader                            : 113K

Classes loaded by more than one classloader:
Class org.gradle.internal.classloader.FilteringClassLoader                            : loaded 2 times (x 101B)
Class org.gradle.internal.classloader.ClassLoaderHierarchy                            : loaded 2 times (x 66B)
Class org.gradle.api.internal.classpath.ManifestUtil                                  : loaded 2 times (x 67B)
Class org.gradle.internal.classloader.DefaultClassLoaderFactory                       : loaded 2 times (x 78B)
Class org.gradle.internal.classloader.ClassLoaderVisitor                              : loaded 2 times (x 72B)
Class org.gradle.api.internal.classpath.EffectiveClassPath                            : loaded 2 times (x 86B)
Class org.gradle.api.internal.DefaultClassPathProvider                                : loaded 2 times (x 72B)
Class [Lorg.gradle.api.internal.ClassPathProvider;                                    : loaded 2 times (x 65B)
Class org.gradle.api.internal.ClassPathProvider                                       : loaded 2 times (x 66B)
Class org.gradle.internal.service.UnknownServiceException                             : loaded 2 times (x 79B)
Class org.gradle.internal.classpath.TransformedClassPath                              : loaded 2 times (x 92B)
Class org.gradle.internal.classloader.InstrumentingClassLoader                        : loaded 2 times (x 66B)
Class org.gradle.internal.service.ServiceLocator                                      : loaded 2 times (x 66B)
Class org.gradle.internal.InternalTransformer                                         : loaded 2 times (x 66B)
Class org.gradle.internal.classloader.ClasspathUtil$1                                 : loaded 2 times (x 72B)
Class org.gradle.api.internal.classpath.DefaultModuleRegistry$DefaultModule           : loaded 2 times (x 82B)
Class org.gradle.api.internal.classpath.Module                                        : loaded 2 times (x 66B)
Class org.gradle.api.internal.classpath.UnknownModuleException                        : loaded 2 times (x 78B)
Class org.gradle.api.internal.DefaultClassPathRegistry                                : loaded 2 times (x 72B)
Class org.gradle.api.internal.ClassPathRegistry                                       : loaded 2 times (x 66B)
Class org.gradle.internal.classpath.DefaultClassPath$ImmutableUniqueList              : loaded 2 times (x 195B)
Class org.gradle.internal.classpath.ClassPath                                         : loaded 2 times (x 66B)
Class org.gradle.api.UncheckedIOException                                             : loaded 2 times (x 78B)
Class org.gradle.internal.installation.GradleInstallation$1                           : loaded 2 times (x 71B)
Class org.gradle.api.internal.classpath.ModuleRegistry                                : loaded 2 times (x 66B)
Class org.gradle.api.internal.classpath.DefaultModuleRegistry                         : loaded 2 times (x 82B)
Class org.gradle.internal.service.ServiceLookupException                              : loaded 2 times (x 78B)
Class org.gradle.internal.classloader.ClassLoaderFactory                              : loaded 2 times (x 66B)
Class org.gradle.internal.service.CachingServiceLocator                               : loaded 2 times (x 78B)
Class org.gradle.internal.classloader.ClasspathUtil                                   : loaded 2 times (x 67B)
Class org.gradle.api.specs.Spec                                                       : loaded 2 times (x 66B)
Class org.gradle.internal.classloader.VisitableURLClassLoader$InstrumentingVisitableURLClassLoader: loaded 2 times (x 119B)
Class org.gradle.internal.classloader.VisitableURLClassLoader$Spec                    : loaded 2 times (x 70B)
Class org.gradle.internal.classpath.DefaultClassPath                                  : loaded 2 times (x 86B)
Class org.gradle.internal.classloader.ClassLoaderSpec                                 : loaded 2 times (x 67B)
Class org.gradle.internal.classloader.VisitableURLClassLoader                         : loaded 2 times (x 113B)
Class org.gradle.internal.Cast                                                        : loaded 2 times (x 67B)
Class org.gradle.api.Action                                                           : loaded 2 times (x 66B)
Class org.gradle.internal.classpath.DefaultClassPath$ImmutableUniqueList$Builder      : loaded 2 times (x 71B)
Class org.gradle.api.GradleException                                                  : loaded 2 times (x 78B)
Class org.gradle.internal.IoActions                                                   : loaded 2 times (x 67B)
Class org.gradle.internal.classloader.SystemClassLoaderSpec                           : loaded 2 times (x 67B)
Class org.gradle.api.internal.classpath.GlobalCacheRootsProvider                      : loaded 2 times (x 66B)
Class org.gradle.internal.installation.CurrentGradleInstallationLocator               : loaded 2 times (x 67B)
Class org.gradle.internal.service.DefaultServiceLocator                               : loaded 2 times (x 79B)
Class org.gradle.internal.installation.CurrentGradleInstallation                      : loaded 2 times (x 69B)
Class org.gradle.util.internal.GUtil                                                  : loaded 2 times (x 67B)
Class org.gradle.internal.installation.GradleInstallation                             : loaded 2 times (x 71B)

---------------  S Y S T E M  ---------------

OS:
 Windows 10 , 64 bit Build 19041 (10.0.19041.5915)
OS uptime: 3 days 11:33 hours

CPU: total 4 (initial active 4) (2 cores per cpu, 2 threads per core) family 6 model 142 stepping 10 microcode 0xf6, cx8, cmov, fxsr, ht, mmx, 3dnowpref, sse, sse2, sse3, ssse3, sse4.1, sse4.2, popcnt, lzcnt, tsc, tscinvbit, avx, avx2, aes, erms, clmul, bmi1, bmi2, adx, fma, vzeroupper, clflush, clflushopt, rdtscp, f16c
Processor Information for the first 4 processors :
  Max Mhz: 2201, Current Mhz: 2201, Mhz Limit: 2201

Memory: 4k page, system-wide physical 3998M (242M free)
TotalPageFile size 16286M (AvailPageFile size 6M)
current process WorkingSet (physical memory assigned to process): 184M, peak: 184M
current process commit charge ("private bytes"): 215M, peak: 217M

vm_info: OpenJDK 64-Bit Server VM (21.0.6+-13368085-b895.109) for windows-amd64 JRE (21.0.6+-13368085-b895.109), built on 2025-04-16T17:01:31Z by "builder" with MS VC++ 16.10 / 16.11 (VS2019)

END.
