#
# There is insufficient memory for the Java Runtime Environment to continue.
# Native memory allocation (malloc) failed to allocate 119856 bytes. Error detail: Chunk::new
# Possible reasons:
#   The system is out of physical RAM or swap space
#   This process is running with CompressedOops enabled, and the Java Heap may be blocking the growth of the native heap
# Possible solutions:
#   Reduce memory load on the system
#   Increase physical memory or swap space
#   Check if swap backing store is full
#   Decrease Java heap size (-Xmx/-Xms)
#   Decrease number of Java threads
#   Decrease Java thread stack sizes (-Xss)
#   Set larger code cache with -XX:ReservedCodeCacheSize=
#   JVM is running with Unscaled Compressed Oops mode in which the Java heap is
#     placed in the first 4GB address space. The Java Heap base address is the
#     maximum limit for the native heap growth. Please use -XX:HeapBaseMinAddress
#     to set the Java Heap base and to place the Java Heap above 4GB virtual address.
# This output file may be truncated or incomplete.
#
#  Out of Memory Error (arena.cpp:168), pid=3244, tid=15920
#
# JRE version: OpenJDK Runtime Environment (21.0.6) (build 21.0.6+-13368085-b895.109)
# Java VM: OpenJDK 64-Bit Server VM (21.0.6+-13368085-b895.109, mixed mode, tiered, compressed oops, compressed class ptrs, g1 gc, windows-amd64)
# No core dump will be written. Minidumps are not enabled by default on client versions of Windows
#

---------------  S U M M A R Y ------------

Command Line: --add-opens=java.base/java.lang=ALL-UNNAMED --add-opens=java.base/java.lang.invoke=ALL-UNNAMED --add-opens=java.base/java.util=ALL-UNNAMED --add-opens=java.prefs/java.util.prefs=ALL-UNNAMED --add-exports=jdk.compiler/com.sun.tools.javac.api=ALL-UNNAMED --add-exports=jdk.compiler/com.sun.tools.javac.util=ALL-UNNAMED --add-opens=java.base/java.util=ALL-UNNAMED --add-opens=java.prefs/java.util.prefs=ALL-UNNAMED --add-opens=java.base/java.nio.charset=ALL-UNNAMED --add-opens=java.base/java.net=ALL-UNNAMED --add-opens=java.base/java.util.concurrent.atomic=ALL-UNNAMED --add-opens=java.xml/javax.xml.namespace=ALL-UNNAMED -XX:MaxMetaspaceSize=512m -XX:+HeapDumpOnOutOfMemoryError -Xmx2048m -Dfile.encoding=UTF-8 -Duser.country=US -Duser.language=en -Duser.variant -javaagent:C:\Users\Hii\.gradle\wrapper\dists\gradle-8.12-all\ejduaidbjup3bmmkhw3rie4zb\gradle-8.12\lib\agents\gradle-instrumentation-agent-8.12.jar org.gradle.launcher.daemon.bootstrap.GradleDaemon 8.12

Host: Intel(R) Core(TM) i3-8130U CPU @ 2.20GHz, 4 cores, 3G,  Windows 10 , 64 bit Build 19041 (10.0.19041.5915)
Time: Wed Jul  2 00:32:01 2025 India Standard Time elapsed time: 45.227988 seconds (0d 0h 0m 45s)

---------------  T H R E A D  ---------------

Current thread (0x00000285d249cfe0):  JavaThread "C2 CompilerThread0" daemon [_thread_in_native, id=15920, stack(0x000000c714200000,0x000000c714300000) (1024K)]


Current CompileTask:
C2:45228 15355   !   4       java.util.stream.ReferencePipeline$7$1::accept (127 bytes)

Stack: [0x000000c714200000,0x000000c714300000]
Native frames: (J=compiled Java code, j=interpreted, Vv=VM code, C=native code)
V  [jvm.dll+0x6d0639]
V  [jvm.dll+0x85eb03]
V  [jvm.dll+0x86105e]
V  [jvm.dll+0x861743]
V  [jvm.dll+0x27e6e6]
V  [jvm.dll+0xbff6d]
V  [jvm.dll+0xc04a3]
V  [jvm.dll+0x2f2780]
V  [jvm.dll+0x5fa409]
V  [jvm.dll+0x250d92]
V  [jvm.dll+0x25114f]
V  [jvm.dll+0x2498f5]
V  [jvm.dll+0x24714e]
V  [jvm.dll+0x1c5f04]
V  [jvm.dll+0x2569ac]
V  [jvm.dll+0x254ef6]
V  [jvm.dll+0x3f0e96]
V  [jvm.dll+0x806ed8]
V  [jvm.dll+0x6cef0d]
C  [ucrtbase.dll+0x21bb2]
C  [KERNEL32.DLL+0x17374]
C  [ntdll.dll+0x4cc91]


---------------  P R O C E S S  ---------------

Threads class SMR info:
_java_thread_list=0x00000285dc500360, length=90, elements={
0x00000285bb4b2410, 0x00000285d2489e30, 0x00000285d248ab40, 0x00000285d2468410,
0x00000285d246ae70, 0x00000285d246b8c0, 0x00000285d246c310, 0x00000285d249cfe0,
0x00000285d2470260, 0x00000285d2266c60, 0x00000285d2778710, 0x00000285d8038000,
0x00000285d8881800, 0x00000285d889a070, 0x00000285d8c7bbd0, 0x00000285d8c7a080,
0x00000285d8a45330, 0x00000285d867df60, 0x00000285d8af6e30, 0x00000285d8e21ff0,
0x00000285d8e22d10, 0x00000285d8e24750, 0x00000285d8e24de0, 0x00000285d8e25470,
0x00000285d8e23a30, 0x00000285d8e233a0, 0x00000285d8e22680, 0x00000285d8e240c0,
0x00000285da4bed70, 0x00000285da4bbf80, 0x00000285da4c14d0, 0x00000285da4bd330,
0x00000285da4bc610, 0x00000285da4c0e40, 0x00000285da4c07b0, 0x00000285da4bf400,
0x00000285da4bb260, 0x00000285da4be6e0, 0x00000285da4bfa90, 0x00000285da4c0120,
0x00000285da4c1b60, 0x00000285da4babd0, 0x00000285da4c21f0, 0x00000285da4bcca0,
0x00000285dbd39430, 0x00000285dbd38080, 0x00000285dbd39ac0, 0x00000285dbd35920,
0x00000285dbd36640, 0x00000285dbd3c8b0, 0x00000285dbd37360, 0x00000285dbd3b500,
0x00000285dbd3c220, 0x00000285dbd35fb0, 0x00000285dbd38710, 0x00000285dbd3bb90,
0x00000285dbd36cd0, 0x00000285dbd3cf40, 0x00000285dbd38da0, 0x00000285dbd3a150,
0x00000285dbd3ae70, 0x00000285dbdc5590, 0x00000285dbdc7cf0, 0x00000285dbdc4f00,
0x00000285dbdc7660, 0x00000285dbdc5c20, 0x00000285dbdc62b0, 0x00000285dbdc6fd0,
0x00000285dbdc6940, 0x00000285dbe217d0, 0x00000285dbb32900, 0x00000285dbb34340,
0x00000285dbb30ec0, 0x00000285dbb2da40, 0x00000285dbb2fb10, 0x00000285dbb2e0d0,
0x00000285dbb2e760, 0x00000285dba3d8b0, 0x00000285dba3ec60, 0x00000285dba3f980,
0x00000285dba41a50, 0x00000285dba3e5d0, 0x00000285e2732340, 0x00000285e2733060,
0x00000285e27336f0, 0x00000285e2730270, 0x00000285dbabee30, 0x00000285dba3aac0,
0x00000285dba3be70, 0x00000285dba420e0
}

Java Threads: ( => current thread )
  0x00000285bb4b2410 JavaThread "main"                              [_thread_blocked, id=12588, stack(0x000000c713400000,0x000000c713500000) (1024K)]
  0x00000285d2489e30 JavaThread "Reference Handler"          daemon [_thread_blocked, id=8616, stack(0x000000c713c00000,0x000000c713d00000) (1024K)]
  0x00000285d248ab40 JavaThread "Finalizer"                  daemon [_thread_blocked, id=16604, stack(0x000000c713d00000,0x000000c713e00000) (1024K)]
  0x00000285d2468410 JavaThread "Signal Dispatcher"          daemon [_thread_blocked, id=14344, stack(0x000000c713e00000,0x000000c713f00000) (1024K)]
  0x00000285d246ae70 JavaThread "Attach Listener"            daemon [_thread_blocked, id=15744, stack(0x000000c713f00000,0x000000c714000000) (1024K)]
  0x00000285d246b8c0 JavaThread "Service Thread"             daemon [_thread_blocked, id=11256, stack(0x000000c714000000,0x000000c714100000) (1024K)]
  0x00000285d246c310 JavaThread "Monitor Deflation Thread"   daemon [_thread_blocked, id=14308, stack(0x000000c714100000,0x000000c714200000) (1024K)]
=>0x00000285d249cfe0 JavaThread "C2 CompilerThread0"         daemon [_thread_in_native, id=15920, stack(0x000000c714200000,0x000000c714300000) (1024K)]
  0x00000285d2470260 JavaThread "C1 CompilerThread0"         daemon [_thread_blocked, id=11304, stack(0x000000c714300000,0x000000c714400000) (1024K)]
  0x00000285d2266c60 JavaThread "Common-Cleaner"             daemon [_thread_blocked, id=8396, stack(0x000000c714400000,0x000000c714500000) (1024K)]
  0x00000285d2778710 JavaThread "Notification Thread"        daemon [_thread_blocked, id=16028, stack(0x000000c714500000,0x000000c714600000) (1024K)]
  0x00000285d8038000 JavaThread "Daemon health stats"               [_thread_blocked, id=8312, stack(0x000000c714900000,0x000000c714a00000) (1024K)]
  0x00000285d8881800 JavaThread "Incoming local TCP Connector on port 59570"        [_thread_in_native, id=3592, stack(0x000000c714a00000,0x000000c714b00000) (1024K)]
  0x00000285d889a070 JavaThread "Daemon periodic checks"            [_thread_blocked, id=17180, stack(0x000000c714b00000,0x000000c714c00000) (1024K)]
  0x00000285d8c7bbd0 JavaThread "Daemon"                            [_thread_blocked, id=17124, stack(0x000000c714c00000,0x000000c714d00000) (1024K)]
  0x00000285d8c7a080 JavaThread "Handler for socket connection from /127.0.0.1:59570 to /127.0.0.1:59571"        [_thread_in_native, id=16844, stack(0x000000c714d00000,0x000000c714e00000) (1024K)]
  0x00000285d8a45330 JavaThread "Cancel handler"                    [_thread_blocked, id=1524, stack(0x000000c714e00000,0x000000c714f00000) (1024K)]
  0x00000285d867df60 JavaThread "Daemon worker"                     [_thread_blocked, id=8944, stack(0x000000c714f00000,0x000000c715000000) (1024K)]
  0x00000285d8af6e30 JavaThread "Asynchronous log dispatcher for DefaultDaemonConnection: socket connection from /127.0.0.1:59570 to /127.0.0.1:59571"        [_thread_blocked, id=10796, stack(0x000000c715000000,0x000000c715100000) (1024K)]
  0x00000285d8e21ff0 JavaThread "Stdin handler"                     [_thread_blocked, id=16980, stack(0x000000c715100000,0x000000c715200000) (1024K)]
  0x00000285d8e22d10 JavaThread "Daemon client event forwarder"        [_thread_blocked, id=15712, stack(0x000000c715200000,0x000000c715300000) (1024K)]
  0x00000285d8e24750 JavaThread "Cache worker for journal cache (C:\Users\Hii\.gradle\caches\journal-1)"        [_thread_blocked, id=12208, stack(0x000000c715300000,0x000000c715400000) (1024K)]
  0x00000285d8e24de0 JavaThread "File lock request listener"        [_thread_in_native, id=16968, stack(0x000000c715400000,0x000000c715500000) (1024K)]
  0x00000285d8e25470 JavaThread "Cache worker for file hash cache (C:\Users\Hii\.gradle\caches\8.12\fileHashes)"        [_thread_blocked, id=11092, stack(0x000000c715500000,0x000000c715600000) (1024K)]
  0x00000285d8e23a30 JavaThread "Cache worker for file hash cache (C:\Users\Hii\StudioProjects\project1\android\.gradle\8.12\fileHashes)"        [_thread_blocked, id=10080, stack(0x000000c715600000,0x000000c715700000) (1024K)]
  0x00000285d8e233a0 JavaThread "Cache worker for Build Output Cleanup Cache (C:\Users\Hii\StudioProjects\project1\android\.gradle\buildOutputCleanup)"        [_thread_blocked, id=2104, stack(0x000000c715700000,0x000000c715800000) (1024K)]
  0x00000285d8e22680 JavaThread "File watcher server"        daemon [_thread_in_native, id=13224, stack(0x000000c715800000,0x000000c715900000) (1024K)]
  0x00000285d8e240c0 JavaThread "File watcher consumer"      daemon [_thread_blocked, id=3528, stack(0x000000c715900000,0x000000c715a00000) (1024K)]
  0x00000285da4bed70 JavaThread "Cache worker for checksums cache (C:\Users\Hii\StudioProjects\project1\android\.gradle\8.12\checksums)"        [_thread_blocked, id=2592, stack(0x000000c715a00000,0x000000c715b00000) (1024K)]
  0x00000285da4bbf80 JavaThread "Cache worker for file content cache (C:\Users\Hii\.gradle\caches\8.12\fileContent)"        [_thread_blocked, id=3288, stack(0x000000c715b00000,0x000000c715c00000) (1024K)]
  0x00000285da4c14d0 JavaThread "Cache worker for cache directory md-rule (C:\Users\Hii\.gradle\caches\8.12\md-rule)"        [_thread_blocked, id=2396, stack(0x000000c715c00000,0x000000c715d00000) (1024K)]
  0x00000285da4bd330 JavaThread "Cache worker for cache directory md-supplier (C:\Users\Hii\.gradle\caches\8.12\md-supplier)"        [_thread_blocked, id=5148, stack(0x000000c715d00000,0x000000c715e00000) (1024K)]
  0x00000285da4bc610 JavaThread "Cache worker for Build Output Cleanup Cache (C:\flutter\packages\flutter_tools\gradle\.gradle\buildOutputCleanup)"        [_thread_blocked, id=13088, stack(0x000000c715e00000,0x000000c715f00000) (1024K)]
  0x00000285da4c0e40 JavaThread "Unconstrained build operations"        [_thread_blocked, id=7964, stack(0x000000c715f00000,0x000000c716000000) (1024K)]
  0x00000285da4c07b0 JavaThread "Unconstrained build operations Thread 2"        [_thread_blocked, id=6720, stack(0x000000c716000000,0x000000c716100000) (1024K)]
  0x00000285da4bf400 JavaThread "Unconstrained build operations Thread 3"        [_thread_blocked, id=1212, stack(0x000000c716100000,0x000000c716200000) (1024K)]
  0x00000285da4bb260 JavaThread "Unconstrained build operations Thread 4"        [_thread_blocked, id=18184, stack(0x000000c716200000,0x000000c716300000) (1024K)]
  0x00000285da4be6e0 JavaThread "Unconstrained build operations Thread 5"        [_thread_blocked, id=11108, stack(0x000000c716300000,0x000000c716400000) (1024K)]
  0x00000285da4bfa90 JavaThread "Unconstrained build operations Thread 6"        [_thread_blocked, id=11360, stack(0x000000c716400000,0x000000c716500000) (1024K)]
  0x00000285da4c0120 JavaThread "Unconstrained build operations Thread 7"        [_thread_blocked, id=15484, stack(0x000000c716500000,0x000000c716600000) (1024K)]
  0x00000285da4c1b60 JavaThread "Unconstrained build operations Thread 8"        [_thread_blocked, id=18120, stack(0x000000c716600000,0x000000c716700000) (1024K)]
  0x00000285da4babd0 JavaThread "Unconstrained build operations Thread 9"        [_thread_blocked, id=12004, stack(0x000000c716700000,0x000000c716800000) (1024K)]
  0x00000285da4c21f0 JavaThread "Memory manager"                    [_thread_blocked, id=18260, stack(0x000000c716800000,0x000000c716900000) (1024K)]
  0x00000285da4bcca0 JavaThread "build event listener"              [_thread_blocked, id=10820, stack(0x000000c716900000,0x000000c716a00000) (1024K)]
  0x00000285dbd39430 JavaThread "included builds"                   [_thread_blocked, id=7860, stack(0x000000c716a00000,0x000000c716b00000) (1024K)]
  0x00000285dbd38080 JavaThread "Execution worker"                  [_thread_blocked, id=13664, stack(0x000000c716b00000,0x000000c716c00000) (1024K)]
  0x00000285dbd39ac0 JavaThread "Execution worker Thread 2"         [_thread_blocked, id=9284, stack(0x000000c716c00000,0x000000c716d00000) (1024K)]
  0x00000285dbd35920 JavaThread "Execution worker Thread 3"         [_thread_blocked, id=4628, stack(0x000000c716d00000,0x000000c716e00000) (1024K)]
  0x00000285dbd36640 JavaThread "Cache worker for execution history cache (C:\flutter\packages\flutter_tools\gradle\.gradle\8.12\executionHistory)"        [_thread_blocked, id=3952, stack(0x000000c716e00000,0x000000c716f00000) (1024K)]
  0x00000285dbd3c8b0 JavaThread "Unconstrained build operations Thread 10"        [_thread_blocked, id=2584, stack(0x000000c716f00000,0x000000c717000000) (1024K)]
  0x00000285dbd37360 JavaThread "Unconstrained build operations Thread 11"        [_thread_blocked, id=3368, stack(0x000000c717000000,0x000000c717100000) (1024K)]
  0x00000285dbd3b500 JavaThread "Unconstrained build operations Thread 12"        [_thread_blocked, id=12400, stack(0x000000c717100000,0x000000c717200000) (1024K)]
  0x00000285dbd3c220 JavaThread "Unconstrained build operations Thread 13"        [_thread_blocked, id=10852, stack(0x000000c717200000,0x000000c717300000) (1024K)]
  0x00000285dbd35fb0 JavaThread "Unconstrained build operations Thread 14"        [_thread_blocked, id=17148, stack(0x000000c717300000,0x000000c717400000) (1024K)]
  0x00000285dbd38710 JavaThread "Unconstrained build operations Thread 15"        [_thread_blocked, id=12344, stack(0x000000c717400000,0x000000c717500000) (1024K)]
  0x00000285dbd3bb90 JavaThread "Unconstrained build operations Thread 16"        [_thread_blocked, id=13104, stack(0x000000c717500000,0x000000c717600000) (1024K)]
  0x00000285dbd36cd0 JavaThread "Unconstrained build operations Thread 17"        [_thread_blocked, id=1540, stack(0x000000c717600000,0x000000c717700000) (1024K)]
  0x00000285dbd3cf40 JavaThread "Unconstrained build operations Thread 18"        [_thread_blocked, id=15960, stack(0x000000c717700000,0x000000c717800000) (1024K)]
  0x00000285dbd38da0 JavaThread "Unconstrained build operations Thread 19"        [_thread_blocked, id=10272, stack(0x000000c717800000,0x000000c717900000) (1024K)]
  0x00000285dbd3a150 JavaThread "Unconstrained build operations Thread 20"        [_thread_blocked, id=7828, stack(0x000000c717900000,0x000000c717a00000) (1024K)]
  0x00000285dbd3ae70 JavaThread "Unconstrained build operations Thread 21"        [_thread_blocked, id=10960, stack(0x000000c717a00000,0x000000c717b00000) (1024K)]
  0x00000285dbdc5590 JavaThread "Unconstrained build operations Thread 22"        [_thread_blocked, id=1400, stack(0x000000c717b00000,0x000000c717c00000) (1024K)]
  0x00000285dbdc7cf0 JavaThread "Unconstrained build operations Thread 23"        [_thread_blocked, id=13808, stack(0x000000c717c00000,0x000000c717d00000) (1024K)]
  0x00000285dbdc4f00 JavaThread "Unconstrained build operations Thread 24"        [_thread_blocked, id=5044, stack(0x000000c717d00000,0x000000c717e00000) (1024K)]
  0x00000285dbdc7660 JavaThread "Unconstrained build operations Thread 25"        [_thread_blocked, id=3260, stack(0x000000c717e00000,0x000000c717f00000) (1024K)]
  0x00000285dbdc5c20 JavaThread "Unconstrained build operations Thread 26"        [_thread_blocked, id=2524, stack(0x000000c717f00000,0x000000c718000000) (1024K)]
  0x00000285dbdc62b0 JavaThread "Unconstrained build operations Thread 27"        [_thread_blocked, id=9524, stack(0x000000c718000000,0x000000c718100000) (1024K)]
  0x00000285dbdc6fd0 JavaThread "Unconstrained build operations Thread 28"        [_thread_blocked, id=15628, stack(0x000000c718100000,0x000000c718200000) (1024K)]
  0x00000285dbdc6940 JavaThread "Unconstrained build operations Thread 29"        [_thread_blocked, id=18140, stack(0x000000c718200000,0x000000c718300000) (1024K)]
  0x00000285dbe217d0 JavaThread "build event listener"              [_thread_blocked, id=11196, stack(0x000000c718300000,0x000000c718400000) (1024K)]
  0x00000285dbb32900 JavaThread "Problems report writer"            [_thread_blocked, id=8660, stack(0x000000c718400000,0x000000c718500000) (1024K)]
  0x00000285dbb34340 JavaThread "jar transforms"                    [_thread_blocked, id=3344, stack(0x000000c718500000,0x000000c718600000) (1024K)]
  0x00000285dbb30ec0 JavaThread "Unconstrained build operations Thread 30"        [_thread_blocked, id=11788, stack(0x000000c718600000,0x000000c718700000) (1024K)]
  0x00000285dbb2da40 JavaThread "Unconstrained build operations Thread 31"        [_thread_blocked, id=1036, stack(0x000000c718700000,0x000000c718800000) (1024K)]
  0x00000285dbb2fb10 JavaThread "Unconstrained build operations Thread 32"        [_thread_blocked, id=12332, stack(0x000000c718800000,0x000000c718900000) (1024K)]
  0x00000285dbb2e0d0 JavaThread "Unconstrained build operations Thread 33"        [_thread_blocked, id=1240, stack(0x000000c718900000,0x000000c718a00000) (1024K)]
  0x00000285dbb2e760 JavaThread "Unconstrained build operations Thread 34"        [_thread_blocked, id=10460, stack(0x000000c718a00000,0x000000c718b00000) (1024K)]
  0x00000285dba3d8b0 JavaThread "Unconstrained build operations Thread 35"        [_thread_blocked, id=13528, stack(0x000000c718b00000,0x000000c718c00000) (1024K)]
  0x00000285dba3ec60 JavaThread "Unconstrained build operations Thread 36"        [_thread_blocked, id=4184, stack(0x000000c718c00000,0x000000c718d00000) (1024K)]
  0x00000285dba3f980 JavaThread "Unconstrained build operations Thread 37"        [_thread_blocked, id=2240, stack(0x000000c718d00000,0x000000c718e00000) (1024K)]
  0x00000285dba41a50 JavaThread "Unconstrained build operations Thread 38"        [_thread_blocked, id=7996, stack(0x000000c718e00000,0x000000c718f00000) (1024K)]
  0x00000285dba3e5d0 JavaThread "jar transforms Thread 2"           [_thread_blocked, id=1952, stack(0x000000c718f00000,0x000000c719000000) (1024K)]
  0x00000285e2732340 JavaThread "jar transforms Thread 3"           [_thread_blocked, id=17880, stack(0x000000c719000000,0x000000c719100000) (1024K)]
  0x00000285e2733060 JavaThread "Unconstrained build operations Thread 39"        [_thread_blocked, id=15412, stack(0x000000c719100000,0x000000c719200000) (1024K)]
  0x00000285e27336f0 JavaThread "Unconstrained build operations Thread 40"        [_thread_blocked, id=13772, stack(0x000000c719200000,0x000000c719300000) (1024K)]
  0x00000285e2730270 JavaThread "jar transforms Thread 4"           [_thread_blocked, id=6324, stack(0x000000c719300000,0x000000c719400000) (1024K)]
  0x00000285dbabee30 JavaThread "Cache worker for execution history cache (C:\Users\Hii\StudioProjects\project1\android\.gradle\8.12\executionHistory)"        [_thread_blocked, id=17204, stack(0x000000c719400000,0x000000c719500000) (1024K)]
  0x00000285dba3aac0 JavaThread "Exec process"                      [_thread_in_native, id=13000, stack(0x000000c719500000,0x000000c719600000) (1024K)]
  0x00000285dba3be70 JavaThread "Exec process Thread 2"             [_thread_in_native, id=16260, stack(0x000000c719600000,0x000000c719700000) (1024K)]
  0x00000285dba420e0 JavaThread "Exec process Thread 3"             [_thread_in_native, id=15700, stack(0x000000c719700000,0x000000c719800000) (1024K)]
Total: 90

Other Threads:
  0x00000285d22f75b0 VMThread "VM Thread"                           [id=14820, stack(0x000000c713b00000,0x000000c713c00000) (1024K)]
  0x00000285d2265990 WatcherThread "VM Periodic Task Thread"        [id=17616, stack(0x000000c713a00000,0x000000c713b00000) (1024K)]
  0x00000285bb509c60 WorkerThread "GC Thread#0"                     [id=10784, stack(0x000000c713500000,0x000000c713600000) (1024K)]
  0x00000285d7132ac0 WorkerThread "GC Thread#1"                     [id=4648, stack(0x000000c714600000,0x000000c714700000) (1024K)]
  0x00000285d70b8b10 WorkerThread "GC Thread#2"                     [id=17372, stack(0x000000c714700000,0x000000c714800000) (1024K)]
  0x00000285d7dfc810 WorkerThread "GC Thread#3"                     [id=16120, stack(0x000000c714800000,0x000000c714900000) (1024K)]
  0x00000285bb51c5d0 ConcurrentGCThread "G1 Main Marker"            [id=11004, stack(0x000000c713600000,0x000000c713700000) (1024K)]
  0x00000285bb51d870 WorkerThread "G1 Conc#0"                       [id=2148, stack(0x000000c713700000,0x000000c713800000) (1024K)]
  0x00000285bb574b10 ConcurrentGCThread "G1 Refine#0"               [id=10628, stack(0x000000c713800000,0x000000c713900000) (1024K)]
  0x00000285bb575680 ConcurrentGCThread "G1 Service"                [id=7816, stack(0x000000c713900000,0x000000c713a00000) (1024K)]
Total: 10

Threads with active compile tasks:
C2 CompilerThread0  45281 15355   !   4       java.util.stream.ReferencePipeline$7$1::accept (127 bytes)
Total: 1

VM state: not at safepoint (normal execution)

VM Mutex/Monitor currently owned by a thread: None

Heap address: 0x0000000080000000, size: 2048 MB, Compressed Oops mode: 32-bit

CDS archive(s) not mapped
Compressed class space mapped at: 0x0000000100000000-0x000000011a000000, reserved size: 436207616
Narrow klass base: 0x0000000000000000, Narrow klass shift: 3, Narrow klass range: 0x11a000000

GC Precious Log:
 CardTable entry size: 512
 Card Set container configuration: InlinePtr #cards 5 size 8 Array Of Cards #cards 12 size 40 Howl #buckets 4 coarsen threshold 1843 Howl Bitmap #cards 512 size 80 coarsen threshold 460 Card regions per heap region 1 cards per card region 2048
 CPUs: 4 total, 4 available
 Memory: 3998M
 Large Page Support: Disabled
 NUMA Support: Disabled
 Compressed Oops: Enabled (32-bit)
 Heap Region Size: 1M
 Heap Min Capacity: 8M
 Heap Initial Capacity: 64M
 Heap Max Capacity: 2G
 Pre-touch: Disabled
 Parallel Workers: 4
 Concurrent Workers: 1
 Concurrent Refinement Workers: 4
 Periodic GC: Disabled

Heap:
 garbage-first heap   total 273408K, used 181929K [0x0000000080000000, 0x0000000100000000)
  region size 1024K, 22 young (22528K), 3 survivors (3072K)
 Metaspace       used 128501K, committed 130816K, reserved 557056K
  class space    used 17585K, committed 18752K, reserved 425984K

Heap Regions: E=young(eden), S=young(survivor), O=old, HS=humongous(starts), HC=humongous(continues), CS=collection set, F=free, TAMS=top-at-mark-start, PB=parsable bottom
|   0|0x0000000080000000, 0x0000000080100000, 0x0000000080100000|100%|HS|  |TAMS 0x0000000080000000| PB 0x0000000080000000| Complete 
|   1|0x0000000080100000, 0x0000000080200000, 0x0000000080200000|100%|HC|  |TAMS 0x0000000080100000| PB 0x0000000080100000| Complete 
|   2|0x0000000080200000, 0x0000000080300000, 0x0000000080300000|100%|HC|  |TAMS 0x0000000080200000| PB 0x0000000080200000| Complete 
|   3|0x0000000080300000, 0x0000000080400000, 0x0000000080400000|100%| O|  |TAMS 0x0000000080300000| PB 0x0000000080300000| Untracked 
|   4|0x0000000080400000, 0x0000000080500000, 0x0000000080500000|100%| O|  |TAMS 0x0000000080400000| PB 0x0000000080400000| Untracked 
|   5|0x0000000080500000, 0x0000000080600000, 0x0000000080600000|100%| O|  |TAMS 0x0000000080500000| PB 0x0000000080500000| Untracked 
|   6|0x0000000080600000, 0x0000000080700000, 0x0000000080700000|100%| O|  |TAMS 0x0000000080600000| PB 0x0000000080600000| Untracked 
|   7|0x0000000080700000, 0x0000000080800000, 0x0000000080800000|100%| O|  |TAMS 0x0000000080700000| PB 0x0000000080700000| Untracked 
|   8|0x0000000080800000, 0x0000000080900000, 0x0000000080900000|100%| O|  |TAMS 0x0000000080800000| PB 0x0000000080800000| Untracked 
|   9|0x0000000080900000, 0x0000000080a00000, 0x0000000080a00000|100%| O|  |TAMS 0x0000000080900000| PB 0x0000000080900000| Untracked 
|  10|0x0000000080a00000, 0x0000000080b00000, 0x0000000080b00000|100%|HS|  |TAMS 0x0000000080a00000| PB 0x0000000080a00000| Complete 
|  11|0x0000000080b00000, 0x0000000080c00000, 0x0000000080c00000|100%| O|  |TAMS 0x0000000080b00000| PB 0x0000000080b00000| Untracked 
|  12|0x0000000080c00000, 0x0000000080d00000, 0x0000000080d00000|100%| O|  |TAMS 0x0000000080c00000| PB 0x0000000080c00000| Untracked 
|  13|0x0000000080d00000, 0x0000000080e00000, 0x0000000080e00000|100%| O|  |TAMS 0x0000000080d00000| PB 0x0000000080d00000| Untracked 
|  14|0x0000000080e00000, 0x0000000080f00000, 0x0000000080f00000|100%| O|  |TAMS 0x0000000080e00000| PB 0x0000000080e00000| Untracked 
|  15|0x0000000080f00000, 0x0000000081000000, 0x0000000081000000|100%| O|  |TAMS 0x0000000080f00000| PB 0x0000000080f00000| Untracked 
|  16|0x0000000081000000, 0x0000000081100000, 0x0000000081100000|100%| O|  |TAMS 0x0000000081000000| PB 0x0000000081000000| Untracked 
|  17|0x0000000081100000, 0x0000000081200000, 0x0000000081200000|100%| O|  |TAMS 0x0000000081100000| PB 0x0000000081100000| Untracked 
|  18|0x0000000081200000, 0x0000000081300000, 0x0000000081300000|100%| O|  |TAMS 0x0000000081200000| PB 0x0000000081200000| Untracked 
|  19|0x0000000081300000, 0x0000000081400000, 0x0000000081400000|100%| O|  |TAMS 0x0000000081300000| PB 0x0000000081300000| Untracked 
|  20|0x0000000081400000, 0x0000000081500000, 0x0000000081500000|100%| O|  |TAMS 0x0000000081400000| PB 0x0000000081400000| Untracked 
|  21|0x0000000081500000, 0x0000000081600000, 0x0000000081600000|100%| O|  |TAMS 0x0000000081500000| PB 0x0000000081500000| Untracked 
|  22|0x0000000081600000, 0x0000000081700000, 0x0000000081700000|100%| O|  |TAMS 0x0000000081600000| PB 0x0000000081600000| Untracked 
|  23|0x0000000081700000, 0x0000000081800000, 0x0000000081800000|100%| O|  |TAMS 0x0000000081700000| PB 0x0000000081700000| Untracked 
|  24|0x0000000081800000, 0x0000000081900000, 0x0000000081900000|100%| O|  |TAMS 0x0000000081800000| PB 0x0000000081800000| Untracked 
|  25|0x0000000081900000, 0x0000000081a00000, 0x0000000081a00000|100%| O|  |TAMS 0x0000000081900000| PB 0x0000000081900000| Untracked 
|  26|0x0000000081a00000, 0x0000000081b00000, 0x0000000081b00000|100%| O|  |TAMS 0x0000000081a00000| PB 0x0000000081a00000| Untracked 
|  27|0x0000000081b00000, 0x0000000081c00000, 0x0000000081c00000|100%| O|  |TAMS 0x0000000081b00000| PB 0x0000000081b00000| Untracked 
|  28|0x0000000081c00000, 0x0000000081d00000, 0x0000000081d00000|100%| O|  |TAMS 0x0000000081c00000| PB 0x0000000081c00000| Untracked 
|  29|0x0000000081d00000, 0x0000000081e00000, 0x0000000081e00000|100%| O|  |TAMS 0x0000000081d00000| PB 0x0000000081d00000| Untracked 
|  30|0x0000000081e00000, 0x0000000081f00000, 0x0000000081f00000|100%| O|  |TAMS 0x0000000081e00000| PB 0x0000000081e00000| Untracked 
|  31|0x0000000081f00000, 0x0000000082000000, 0x0000000082000000|100%| O|  |TAMS 0x0000000081f00000| PB 0x0000000081f00000| Untracked 
|  32|0x0000000082000000, 0x0000000082100000, 0x0000000082100000|100%|HS|  |TAMS 0x0000000082000000| PB 0x0000000082000000| Complete 
|  33|0x0000000082100000, 0x0000000082200000, 0x0000000082200000|100%|HC|  |TAMS 0x0000000082100000| PB 0x0000000082100000| Complete 
|  34|0x0000000082200000, 0x0000000082300000, 0x0000000082300000|100%| O|  |TAMS 0x0000000082200000| PB 0x0000000082200000| Untracked 
|  35|0x0000000082300000, 0x0000000082400000, 0x0000000082400000|100%| O|  |TAMS 0x0000000082300000| PB 0x0000000082300000| Untracked 
|  36|0x0000000082400000, 0x0000000082500000, 0x0000000082500000|100%| O|  |TAMS 0x0000000082400000| PB 0x0000000082400000| Untracked 
|  37|0x0000000082500000, 0x0000000082600000, 0x0000000082600000|100%| O|  |TAMS 0x0000000082500000| PB 0x0000000082500000| Untracked 
|  38|0x0000000082600000, 0x0000000082700000, 0x0000000082700000|100%|HS|  |TAMS 0x0000000082600000| PB 0x0000000082600000| Complete 
|  39|0x0000000082700000, 0x0000000082800000, 0x0000000082800000|100%|HS|  |TAMS 0x0000000082700000| PB 0x0000000082700000| Complete 
|  40|0x0000000082800000, 0x0000000082900000, 0x0000000082900000|100%|HC|  |TAMS 0x0000000082800000| PB 0x0000000082800000| Complete 
|  41|0x0000000082900000, 0x0000000082a00000, 0x0000000082a00000|100%|HS|  |TAMS 0x0000000082900000| PB 0x0000000082900000| Complete 
|  42|0x0000000082a00000, 0x0000000082b00000, 0x0000000082b00000|100%|HC|  |TAMS 0x0000000082a00000| PB 0x0000000082a00000| Complete 
|  43|0x0000000082b00000, 0x0000000082c00000, 0x0000000082c00000|100%|HC|  |TAMS 0x0000000082b00000| PB 0x0000000082b00000| Complete 
|  44|0x0000000082c00000, 0x0000000082d00000, 0x0000000082d00000|100%| O|  |TAMS 0x0000000082c00000| PB 0x0000000082c00000| Untracked 
|  45|0x0000000082d00000, 0x0000000082e00000, 0x0000000082e00000|100%| O|  |TAMS 0x0000000082d00000| PB 0x0000000082d00000| Untracked 
|  46|0x0000000082e00000, 0x0000000082f00000, 0x0000000082f00000|100%| O|  |TAMS 0x0000000082e00000| PB 0x0000000082e00000| Untracked 
|  47|0x0000000082f00000, 0x0000000083000000, 0x0000000083000000|100%| O|  |TAMS 0x0000000082f00000| PB 0x0000000082f00000| Untracked 
|  48|0x0000000083000000, 0x0000000083100000, 0x0000000083100000|100%| O|  |TAMS 0x0000000083000000| PB 0x0000000083000000| Untracked 
|  49|0x0000000083100000, 0x0000000083200000, 0x0000000083200000|100%| O|  |TAMS 0x0000000083100000| PB 0x0000000083100000| Untracked 
|  50|0x0000000083200000, 0x0000000083300000, 0x0000000083300000|100%|HS|  |TAMS 0x0000000083200000| PB 0x0000000083200000| Complete 
|  51|0x0000000083300000, 0x0000000083400000, 0x0000000083400000|100%|HC|  |TAMS 0x0000000083300000| PB 0x0000000083300000| Complete 
|  52|0x0000000083400000, 0x0000000083500000, 0x0000000083500000|100%|HC|  |TAMS 0x0000000083400000| PB 0x0000000083400000| Complete 
|  53|0x0000000083500000, 0x0000000083600000, 0x0000000083600000|100%| O|  |TAMS 0x0000000083500000| PB 0x0000000083500000| Untracked 
|  54|0x0000000083600000, 0x0000000083700000, 0x0000000083700000|100%| O|  |TAMS 0x0000000083600000| PB 0x0000000083600000| Untracked 
|  55|0x0000000083700000, 0x0000000083800000, 0x0000000083800000|100%| O|  |TAMS 0x0000000083700000| PB 0x0000000083700000| Untracked 
|  56|0x0000000083800000, 0x0000000083900000, 0x0000000083900000|100%| O|  |TAMS 0x0000000083800000| PB 0x0000000083800000| Untracked 
|  57|0x0000000083900000, 0x0000000083a00000, 0x0000000083a00000|100%| O|  |TAMS 0x0000000083900000| PB 0x0000000083900000| Untracked 
|  58|0x0000000083a00000, 0x0000000083b00000, 0x0000000083b00000|100%| O|  |TAMS 0x0000000083a00000| PB 0x0000000083a00000| Untracked 
|  59|0x0000000083b00000, 0x0000000083c00000, 0x0000000083c00000|100%| O|  |TAMS 0x0000000083b00000| PB 0x0000000083b00000| Untracked 
|  60|0x0000000083c00000, 0x0000000083d00000, 0x0000000083d00000|100%| O|  |TAMS 0x0000000083c00000| PB 0x0000000083c00000| Untracked 
|  61|0x0000000083d00000, 0x0000000083e00000, 0x0000000083e00000|100%| O|  |TAMS 0x0000000083d00000| PB 0x0000000083d00000| Untracked 
|  62|0x0000000083e00000, 0x0000000083f00000, 0x0000000083f00000|100%| O|  |TAMS 0x0000000083e00000| PB 0x0000000083e00000| Untracked 
|  63|0x0000000083f00000, 0x0000000084000000, 0x0000000084000000|100%| O|  |TAMS 0x0000000083f00000| PB 0x0000000083f00000| Untracked 
|  64|0x0000000084000000, 0x0000000084100000, 0x0000000084100000|100%| O|  |TAMS 0x0000000084000000| PB 0x0000000084000000| Untracked 
|  65|0x0000000084100000, 0x0000000084200000, 0x0000000084200000|100%| O|  |TAMS 0x0000000084100000| PB 0x0000000084100000| Untracked 
|  66|0x0000000084200000, 0x0000000084300000, 0x0000000084300000|100%| O|  |TAMS 0x0000000084200000| PB 0x0000000084200000| Untracked 
|  67|0x0000000084300000, 0x0000000084400000, 0x0000000084400000|100%| O|  |TAMS 0x0000000084300000| PB 0x0000000084300000| Untracked 
|  68|0x0000000084400000, 0x0000000084500000, 0x0000000084500000|100%| O|  |TAMS 0x0000000084400000| PB 0x0000000084400000| Untracked 
|  69|0x0000000084500000, 0x0000000084600000, 0x0000000084600000|100%|HS|  |TAMS 0x0000000084500000| PB 0x0000000084500000| Complete 
|  70|0x0000000084600000, 0x0000000084700000, 0x0000000084700000|100%|HS|  |TAMS 0x0000000084600000| PB 0x0000000084600000| Complete 
|  71|0x0000000084700000, 0x0000000084800000, 0x0000000084800000|100%|HC|  |TAMS 0x0000000084700000| PB 0x0000000084700000| Complete 
|  72|0x0000000084800000, 0x0000000084900000, 0x0000000084900000|100%|HS|  |TAMS 0x0000000084800000| PB 0x0000000084800000| Complete 
|  73|0x0000000084900000, 0x0000000084a00000, 0x0000000084a00000|100%|HS|  |TAMS 0x0000000084900000| PB 0x0000000084900000| Complete 
|  74|0x0000000084a00000, 0x0000000084b00000, 0x0000000084b00000|100%| O|  |TAMS 0x0000000084a00000| PB 0x0000000084a00000| Untracked 
|  75|0x0000000084b00000, 0x0000000084c00000, 0x0000000084c00000|100%| O|  |TAMS 0x0000000084b00000| PB 0x0000000084b00000| Untracked 
|  76|0x0000000084c00000, 0x0000000084d00000, 0x0000000084d00000|100%| O|  |TAMS 0x0000000084c00000| PB 0x0000000084c00000| Untracked 
|  77|0x0000000084d00000, 0x0000000084e00000, 0x0000000084e00000|100%| O|  |TAMS 0x0000000084d00000| PB 0x0000000084d00000| Untracked 
|  78|0x0000000084e00000, 0x0000000084f00000, 0x0000000084f00000|100%| O|  |TAMS 0x0000000084e00000| PB 0x0000000084e00000| Untracked 
|  79|0x0000000084f00000, 0x0000000085000000, 0x0000000085000000|100%|HS|  |TAMS 0x0000000084f00000| PB 0x0000000084f00000| Complete 
|  80|0x0000000085000000, 0x0000000085100000, 0x0000000085100000|100%|HC|  |TAMS 0x0000000085000000| PB 0x0000000085000000| Complete 
|  81|0x0000000085100000, 0x0000000085200000, 0x0000000085200000|100%|HS|  |TAMS 0x0000000085100000| PB 0x0000000085100000| Complete 
|  82|0x0000000085200000, 0x0000000085300000, 0x0000000085300000|100%|HS|  |TAMS 0x0000000085200000| PB 0x0000000085200000| Complete 
|  83|0x0000000085300000, 0x0000000085400000, 0x0000000085400000|100%| O|  |TAMS 0x0000000085300000| PB 0x0000000085300000| Untracked 
|  84|0x0000000085400000, 0x0000000085500000, 0x0000000085500000|100%| O|  |TAMS 0x0000000085400000| PB 0x0000000085400000| Untracked 
|  85|0x0000000085500000, 0x0000000085600000, 0x0000000085600000|100%| O|  |TAMS 0x0000000085500000| PB 0x0000000085500000| Untracked 
|  86|0x0000000085600000, 0x0000000085700000, 0x0000000085700000|100%| O|  |TAMS 0x0000000085600000| PB 0x0000000085600000| Untracked 
|  87|0x0000000085700000, 0x0000000085800000, 0x0000000085800000|100%| O|  |TAMS 0x0000000085700000| PB 0x0000000085700000| Untracked 
|  88|0x0000000085800000, 0x0000000085900000, 0x0000000085900000|100%| O|  |TAMS 0x0000000085800000| PB 0x0000000085800000| Untracked 
|  89|0x0000000085900000, 0x0000000085a00000, 0x0000000085a00000|100%| O|  |TAMS 0x0000000085900000| PB 0x0000000085900000| Untracked 
|  90|0x0000000085a00000, 0x0000000085b00000, 0x0000000085b00000|100%|HS|  |TAMS 0x0000000085a00000| PB 0x0000000085a00000| Complete 
|  91|0x0000000085b00000, 0x0000000085c00000, 0x0000000085c00000|100%| O|  |TAMS 0x0000000085b00000| PB 0x0000000085b00000| Untracked 
|  92|0x0000000085c00000, 0x0000000085d00000, 0x0000000085d00000|100%| O|  |TAMS 0x0000000085c00000| PB 0x0000000085c00000| Untracked 
|  93|0x0000000085d00000, 0x0000000085e00000, 0x0000000085e00000|100%| O|  |TAMS 0x0000000085d00000| PB 0x0000000085d00000| Untracked 
|  94|0x0000000085e00000, 0x0000000085f00000, 0x0000000085f00000|100%| O|  |TAMS 0x0000000085e00000| PB 0x0000000085e00000| Untracked 
|  95|0x0000000085f00000, 0x0000000086000000, 0x0000000086000000|100%| O|  |TAMS 0x0000000085f00000| PB 0x0000000085f00000| Untracked 
|  96|0x0000000086000000, 0x0000000086100000, 0x0000000086100000|100%| O|  |TAMS 0x0000000086000000| PB 0x0000000086000000| Untracked 
|  97|0x0000000086100000, 0x0000000086200000, 0x0000000086200000|100%| O|  |TAMS 0x0000000086100000| PB 0x0000000086100000| Untracked 
|  98|0x0000000086200000, 0x0000000086300000, 0x0000000086300000|100%|HS|  |TAMS 0x0000000086200000| PB 0x0000000086200000| Complete 
|  99|0x0000000086300000, 0x0000000086400000, 0x0000000086400000|100%| O|  |TAMS 0x0000000086300000| PB 0x0000000086300000| Untracked 
| 100|0x0000000086400000, 0x0000000086500000, 0x0000000086500000|100%| O|  |TAMS 0x0000000086400000| PB 0x0000000086400000| Untracked 
| 101|0x0000000086500000, 0x0000000086600000, 0x0000000086600000|100%| O|  |TAMS 0x0000000086500000| PB 0x0000000086500000| Untracked 
| 102|0x0000000086600000, 0x0000000086700000, 0x0000000086700000|100%| O|  |TAMS 0x0000000086600000| PB 0x0000000086600000| Untracked 
| 103|0x0000000086700000, 0x0000000086800000, 0x0000000086800000|100%| O|  |TAMS 0x0000000086700000| PB 0x0000000086700000| Untracked 
| 104|0x0000000086800000, 0x0000000086900000, 0x0000000086900000|100%| O|  |TAMS 0x0000000086800000| PB 0x0000000086800000| Untracked 
| 105|0x0000000086900000, 0x0000000086a00000, 0x0000000086a00000|100%| O|  |TAMS 0x0000000086900000| PB 0x0000000086900000| Untracked 
| 106|0x0000000086a00000, 0x0000000086b00000, 0x0000000086b00000|100%| O|  |TAMS 0x0000000086a00000| PB 0x0000000086a00000| Untracked 
| 107|0x0000000086b00000, 0x0000000086c00000, 0x0000000086c00000|100%| O|  |TAMS 0x0000000086b00000| PB 0x0000000086b00000| Untracked 
| 108|0x0000000086c00000, 0x0000000086d00000, 0x0000000086d00000|100%| O|  |TAMS 0x0000000086c00000| PB 0x0000000086c00000| Untracked 
| 109|0x0000000086d00000, 0x0000000086e00000, 0x0000000086e00000|100%|HS|  |TAMS 0x0000000086d00000| PB 0x0000000086d00000| Complete 
| 110|0x0000000086e00000, 0x0000000086f00000, 0x0000000086f00000|100%| O|  |TAMS 0x0000000086e00000| PB 0x0000000086e00000| Untracked 
| 111|0x0000000086f00000, 0x0000000087000000, 0x0000000087000000|100%| O|  |TAMS 0x0000000086f00000| PB 0x0000000086f00000| Untracked 
| 112|0x0000000087000000, 0x0000000087100000, 0x0000000087100000|100%| O|  |TAMS 0x0000000087000000| PB 0x0000000087000000| Untracked 
| 113|0x0000000087100000, 0x0000000087200000, 0x0000000087200000|100%| O|  |TAMS 0x0000000087100000| PB 0x0000000087100000| Untracked 
| 114|0x0000000087200000, 0x0000000087300000, 0x0000000087300000|100%|HS|  |TAMS 0x0000000087200000| PB 0x0000000087200000| Complete 
| 115|0x0000000087300000, 0x0000000087400000, 0x0000000087400000|100%|HC|  |TAMS 0x0000000087300000| PB 0x0000000087300000| Complete 
| 116|0x0000000087400000, 0x0000000087500000, 0x0000000087500000|100%|HS|  |TAMS 0x0000000087400000| PB 0x0000000087400000| Complete 
| 117|0x0000000087500000, 0x0000000087600000, 0x0000000087600000|100%|HC|  |TAMS 0x0000000087500000| PB 0x0000000087500000| Complete 
| 118|0x0000000087600000, 0x0000000087700000, 0x0000000087700000|100%|HC|  |TAMS 0x0000000087600000| PB 0x0000000087600000| Complete 
| 119|0x0000000087700000, 0x0000000087800000, 0x0000000087800000|100%|HC|  |TAMS 0x0000000087700000| PB 0x0000000087700000| Complete 
| 120|0x0000000087800000, 0x0000000087900000, 0x0000000087900000|100%|HS|  |TAMS 0x0000000087800000| PB 0x0000000087800000| Complete 
| 121|0x0000000087900000, 0x0000000087a00000, 0x0000000087a00000|100%| O|  |TAMS 0x0000000087900000| PB 0x0000000087900000| Untracked 
| 122|0x0000000087a00000, 0x0000000087b00000, 0x0000000087b00000|100%| O|  |TAMS 0x0000000087a00000| PB 0x0000000087a00000| Untracked 
| 123|0x0000000087b00000, 0x0000000087c00000, 0x0000000087c00000|100%| O|  |TAMS 0x0000000087b00000| PB 0x0000000087b00000| Untracked 
| 124|0x0000000087c00000, 0x0000000087d00000, 0x0000000087d00000|100%| O|Cm|TAMS 0x0000000087c00000| PB 0x0000000087c00000| Complete 
| 125|0x0000000087d00000, 0x0000000087e00000, 0x0000000087e00000|100%| O|  |TAMS 0x0000000087d00000| PB 0x0000000087d00000| Untracked 
| 126|0x0000000087e00000, 0x0000000087f00000, 0x0000000087f00000|100%| O|Cm|TAMS 0x0000000087e00000| PB 0x0000000087e00000| Complete 
| 127|0x0000000087f00000, 0x0000000088000000, 0x0000000088000000|100%|HS|  |TAMS 0x0000000087f00000| PB 0x0000000087f00000| Complete 
| 128|0x0000000088000000, 0x0000000088100000, 0x0000000088100000|100%|HC|  |TAMS 0x0000000088000000| PB 0x0000000088000000| Complete 
| 129|0x0000000088100000, 0x0000000088200000, 0x0000000088200000|100%|HS|  |TAMS 0x0000000088100000| PB 0x0000000088100000| Complete 
| 130|0x0000000088200000, 0x0000000088300000, 0x0000000088300000|100%|HS|  |TAMS 0x0000000088200000| PB 0x0000000088200000| Complete 
| 131|0x0000000088300000, 0x0000000088400000, 0x0000000088400000|100%| O|  |TAMS 0x0000000088300000| PB 0x0000000088300000| Untracked 
| 132|0x0000000088400000, 0x0000000088500000, 0x0000000088500000|100%| O|  |TAMS 0x0000000088400000| PB 0x0000000088400000| Untracked 
| 133|0x0000000088500000, 0x0000000088600000, 0x0000000088600000|100%| O|  |TAMS 0x0000000088500000| PB 0x0000000088500000| Untracked 
| 134|0x0000000088600000, 0x0000000088700000, 0x0000000088700000|100%| O|  |TAMS 0x0000000088600000| PB 0x0000000088600000| Untracked 
| 135|0x0000000088700000, 0x0000000088800000, 0x0000000088800000|100%| O|  |TAMS 0x0000000088700000| PB 0x0000000088700000| Untracked 
| 136|0x0000000088800000, 0x0000000088900000, 0x0000000088900000|100%| O|  |TAMS 0x0000000088800000| PB 0x0000000088800000| Untracked 
| 137|0x0000000088900000, 0x0000000088a00000, 0x0000000088a00000|100%| O|  |TAMS 0x0000000088900000| PB 0x0000000088900000| Untracked 
| 138|0x0000000088a00000, 0x0000000088b00000, 0x0000000088b00000|100%| O|Cm|TAMS 0x0000000088a00000| PB 0x0000000088a00000| Complete 
| 139|0x0000000088b00000, 0x0000000088c00000, 0x0000000088c00000|100%| O|  |TAMS 0x0000000088b00000| PB 0x0000000088b00000| Untracked 
| 140|0x0000000088c00000, 0x0000000088d00000, 0x0000000088d00000|100%| O|  |TAMS 0x0000000088c00000| PB 0x0000000088c00000| Untracked 
| 141|0x0000000088d00000, 0x0000000088e00000, 0x0000000088e00000|100%| O|  |TAMS 0x0000000088d00000| PB 0x0000000088d00000| Untracked 
| 142|0x0000000088e00000, 0x0000000088f00000, 0x0000000088f00000|100%| O|  |TAMS 0x0000000088e00000| PB 0x0000000088e00000| Untracked 
| 143|0x0000000088f00000, 0x0000000089000000, 0x0000000089000000|100%| O|  |TAMS 0x0000000088f00000| PB 0x0000000088f00000| Untracked 
| 144|0x0000000089000000, 0x0000000089100000, 0x0000000089100000|100%| O|  |TAMS 0x0000000089000000| PB 0x0000000089000000| Untracked 
| 145|0x0000000089100000, 0x0000000089200000, 0x0000000089200000|100%| O|  |TAMS 0x0000000089100000| PB 0x0000000089100000| Untracked 
| 146|0x0000000089200000, 0x0000000089300000, 0x0000000089300000|100%| O|  |TAMS 0x0000000089200000| PB 0x0000000089200000| Untracked 
| 147|0x0000000089300000, 0x0000000089400000, 0x0000000089400000|100%| O|  |TAMS 0x0000000089300000| PB 0x0000000089300000| Untracked 
| 148|0x0000000089400000, 0x0000000089500000, 0x0000000089500000|100%| O|  |TAMS 0x0000000089400000| PB 0x0000000089400000| Untracked 
| 149|0x0000000089500000, 0x0000000089600000, 0x0000000089600000|100%| O|  |TAMS 0x0000000089500000| PB 0x0000000089500000| Untracked 
| 150|0x0000000089600000, 0x0000000089700000, 0x0000000089700000|100%| O|  |TAMS 0x0000000089600000| PB 0x0000000089600000| Untracked 
| 151|0x0000000089700000, 0x0000000089800000, 0x0000000089800000|100%| O|  |TAMS 0x0000000089700000| PB 0x0000000089700000| Untracked 
| 152|0x0000000089800000, 0x0000000089800000, 0x0000000089900000|  0%| F|  |TAMS 0x0000000089800000| PB 0x0000000089800000| Untracked 
| 153|0x0000000089900000, 0x0000000089900000, 0x0000000089a00000|  0%| F|  |TAMS 0x0000000089900000| PB 0x0000000089900000| Untracked 
| 154|0x0000000089a00000, 0x0000000089a00000, 0x0000000089b00000|  0%| F|  |TAMS 0x0000000089a00000| PB 0x0000000089a00000| Untracked 
| 155|0x0000000089b00000, 0x0000000089b00000, 0x0000000089c00000|  0%| F|  |TAMS 0x0000000089b00000| PB 0x0000000089b00000| Untracked 
| 156|0x0000000089c00000, 0x0000000089c00000, 0x0000000089d00000|  0%| F|  |TAMS 0x0000000089c00000| PB 0x0000000089c00000| Untracked 
| 157|0x0000000089d00000, 0x0000000089d00000, 0x0000000089e00000|  0%| F|  |TAMS 0x0000000089d00000| PB 0x0000000089d00000| Untracked 
| 158|0x0000000089e00000, 0x0000000089e00000, 0x0000000089f00000|  0%| F|  |TAMS 0x0000000089e00000| PB 0x0000000089e00000| Untracked 
| 159|0x0000000089f00000, 0x0000000089f00000, 0x000000008a000000|  0%| F|  |TAMS 0x0000000089f00000| PB 0x0000000089f00000| Untracked 
| 160|0x000000008a000000, 0x000000008a000000, 0x000000008a100000|  0%| F|  |TAMS 0x000000008a000000| PB 0x000000008a000000| Untracked 
| 161|0x000000008a100000, 0x000000008a100000, 0x000000008a200000|  0%| F|  |TAMS 0x000000008a100000| PB 0x000000008a100000| Untracked 
| 162|0x000000008a200000, 0x000000008a200000, 0x000000008a300000|  0%| F|  |TAMS 0x000000008a200000| PB 0x000000008a200000| Untracked 
| 163|0x000000008a300000, 0x000000008a300000, 0x000000008a400000|  0%| F|  |TAMS 0x000000008a300000| PB 0x000000008a300000| Untracked 
| 164|0x000000008a400000, 0x000000008a400000, 0x000000008a500000|  0%| F|  |TAMS 0x000000008a400000| PB 0x000000008a400000| Untracked 
| 165|0x000000008a500000, 0x000000008a500000, 0x000000008a600000|  0%| F|  |TAMS 0x000000008a500000| PB 0x000000008a500000| Untracked 
| 166|0x000000008a600000, 0x000000008a600000, 0x000000008a700000|  0%| F|  |TAMS 0x000000008a600000| PB 0x000000008a600000| Untracked 
| 167|0x000000008a700000, 0x000000008a700000, 0x000000008a800000|  0%| F|  |TAMS 0x000000008a700000| PB 0x000000008a700000| Untracked 
| 168|0x000000008a800000, 0x000000008a800000, 0x000000008a900000|  0%| F|  |TAMS 0x000000008a800000| PB 0x000000008a800000| Untracked 
| 169|0x000000008a900000, 0x000000008a900000, 0x000000008aa00000|  0%| F|  |TAMS 0x000000008a900000| PB 0x000000008a900000| Untracked 
| 170|0x000000008aa00000, 0x000000008aa00000, 0x000000008ab00000|  0%| F|  |TAMS 0x000000008aa00000| PB 0x000000008aa00000| Untracked 
| 171|0x000000008ab00000, 0x000000008abaa600, 0x000000008ac00000| 66%| S|CS|TAMS 0x000000008ab00000| PB 0x000000008ab00000| Complete 
| 172|0x000000008ac00000, 0x000000008ad00000, 0x000000008ad00000|100%| S|CS|TAMS 0x000000008ac00000| PB 0x000000008ac00000| Complete 
| 173|0x000000008ad00000, 0x000000008ae00000, 0x000000008ae00000|100%| S|CS|TAMS 0x000000008ad00000| PB 0x000000008ad00000| Complete 
| 174|0x000000008ae00000, 0x000000008ae00000, 0x000000008af00000|  0%| F|  |TAMS 0x000000008ae00000| PB 0x000000008ae00000| Untracked 
| 175|0x000000008af00000, 0x000000008af00000, 0x000000008b000000|  0%| F|  |TAMS 0x000000008af00000| PB 0x000000008af00000| Untracked 
| 176|0x000000008b000000, 0x000000008b000000, 0x000000008b100000|  0%| F|  |TAMS 0x000000008b000000| PB 0x000000008b000000| Untracked 
| 177|0x000000008b100000, 0x000000008b100000, 0x000000008b200000|  0%| F|  |TAMS 0x000000008b100000| PB 0x000000008b100000| Untracked 
| 178|0x000000008b200000, 0x000000008b200000, 0x000000008b300000|  0%| F|  |TAMS 0x000000008b200000| PB 0x000000008b200000| Untracked 
| 179|0x000000008b300000, 0x000000008b300000, 0x000000008b400000|  0%| F|  |TAMS 0x000000008b300000| PB 0x000000008b300000| Untracked 
| 180|0x000000008b400000, 0x000000008b400000, 0x000000008b500000|  0%| F|  |TAMS 0x000000008b400000| PB 0x000000008b400000| Untracked 
| 181|0x000000008b500000, 0x000000008b500000, 0x000000008b600000|  0%| F|  |TAMS 0x000000008b500000| PB 0x000000008b500000| Untracked 
| 182|0x000000008b600000, 0x000000008b600000, 0x000000008b700000|  0%| F|  |TAMS 0x000000008b600000| PB 0x000000008b600000| Untracked 
| 183|0x000000008b700000, 0x000000008b700000, 0x000000008b800000|  0%| F|  |TAMS 0x000000008b700000| PB 0x000000008b700000| Untracked 
| 184|0x000000008b800000, 0x000000008b800000, 0x000000008b900000|  0%| F|  |TAMS 0x000000008b800000| PB 0x000000008b800000| Untracked 
| 185|0x000000008b900000, 0x000000008b900000, 0x000000008ba00000|  0%| F|  |TAMS 0x000000008b900000| PB 0x000000008b900000| Untracked 
| 186|0x000000008ba00000, 0x000000008ba00000, 0x000000008bb00000|  0%| F|  |TAMS 0x000000008ba00000| PB 0x000000008ba00000| Untracked 
| 187|0x000000008bb00000, 0x000000008bb00000, 0x000000008bc00000|  0%| F|  |TAMS 0x000000008bb00000| PB 0x000000008bb00000| Untracked 
| 188|0x000000008bc00000, 0x000000008bc00000, 0x000000008bd00000|  0%| F|  |TAMS 0x000000008bc00000| PB 0x000000008bc00000| Untracked 
| 189|0x000000008bd00000, 0x000000008bd00000, 0x000000008be00000|  0%| F|  |TAMS 0x000000008bd00000| PB 0x000000008bd00000| Untracked 
| 190|0x000000008be00000, 0x000000008be00000, 0x000000008bf00000|  0%| F|  |TAMS 0x000000008be00000| PB 0x000000008be00000| Untracked 
| 191|0x000000008bf00000, 0x000000008bf00000, 0x000000008c000000|  0%| F|  |TAMS 0x000000008bf00000| PB 0x000000008bf00000| Untracked 
| 192|0x000000008c000000, 0x000000008c000000, 0x000000008c100000|  0%| F|  |TAMS 0x000000008c000000| PB 0x000000008c000000| Untracked 
| 193|0x000000008c100000, 0x000000008c100000, 0x000000008c200000|  0%| F|  |TAMS 0x000000008c100000| PB 0x000000008c100000| Untracked 
| 194|0x000000008c200000, 0x000000008c200000, 0x000000008c300000|  0%| F|  |TAMS 0x000000008c200000| PB 0x000000008c200000| Untracked 
| 195|0x000000008c300000, 0x000000008c300000, 0x000000008c400000|  0%| F|  |TAMS 0x000000008c300000| PB 0x000000008c300000| Untracked 
| 196|0x000000008c400000, 0x000000008c400000, 0x000000008c500000|  0%| F|  |TAMS 0x000000008c400000| PB 0x000000008c400000| Untracked 
| 197|0x000000008c500000, 0x000000008c500000, 0x000000008c600000|  0%| F|  |TAMS 0x000000008c500000| PB 0x000000008c500000| Untracked 
| 198|0x000000008c600000, 0x000000008c600000, 0x000000008c700000|  0%| F|  |TAMS 0x000000008c600000| PB 0x000000008c600000| Untracked 
| 199|0x000000008c700000, 0x000000008c700000, 0x000000008c800000|  0%| F|  |TAMS 0x000000008c700000| PB 0x000000008c700000| Untracked 
| 200|0x000000008c800000, 0x000000008c800000, 0x000000008c900000|  0%| F|  |TAMS 0x000000008c800000| PB 0x000000008c800000| Untracked 
| 201|0x000000008c900000, 0x000000008c900000, 0x000000008ca00000|  0%| F|  |TAMS 0x000000008c900000| PB 0x000000008c900000| Untracked 
| 202|0x000000008ca00000, 0x000000008ca00000, 0x000000008cb00000|  0%| F|  |TAMS 0x000000008ca00000| PB 0x000000008ca00000| Untracked 
| 203|0x000000008cb00000, 0x000000008cb00000, 0x000000008cc00000|  0%| F|  |TAMS 0x000000008cb00000| PB 0x000000008cb00000| Untracked 
| 204|0x000000008cc00000, 0x000000008cc00000, 0x000000008cd00000|  0%| F|  |TAMS 0x000000008cc00000| PB 0x000000008cc00000| Untracked 
| 205|0x000000008cd00000, 0x000000008cd00000, 0x000000008ce00000|  0%| F|  |TAMS 0x000000008cd00000| PB 0x000000008cd00000| Untracked 
| 206|0x000000008ce00000, 0x000000008ce00000, 0x000000008cf00000|  0%| F|  |TAMS 0x000000008ce00000| PB 0x000000008ce00000| Untracked 
| 207|0x000000008cf00000, 0x000000008cf00000, 0x000000008d000000|  0%| F|  |TAMS 0x000000008cf00000| PB 0x000000008cf00000| Untracked 
| 208|0x000000008d000000, 0x000000008d000000, 0x000000008d100000|  0%| F|  |TAMS 0x000000008d000000| PB 0x000000008d000000| Untracked 
| 209|0x000000008d100000, 0x000000008d100000, 0x000000008d200000|  0%| F|  |TAMS 0x000000008d100000| PB 0x000000008d100000| Untracked 
| 210|0x000000008d200000, 0x000000008d200000, 0x000000008d300000|  0%| F|  |TAMS 0x000000008d200000| PB 0x000000008d200000| Untracked 
| 211|0x000000008d300000, 0x000000008d300000, 0x000000008d400000|  0%| F|  |TAMS 0x000000008d300000| PB 0x000000008d300000| Untracked 
| 212|0x000000008d400000, 0x000000008d400000, 0x000000008d500000|  0%| F|  |TAMS 0x000000008d400000| PB 0x000000008d400000| Untracked 
| 213|0x000000008d500000, 0x000000008d500000, 0x000000008d600000|  0%| F|  |TAMS 0x000000008d500000| PB 0x000000008d500000| Untracked 
| 214|0x000000008d600000, 0x000000008d600000, 0x000000008d700000|  0%| F|  |TAMS 0x000000008d600000| PB 0x000000008d600000| Untracked 
| 215|0x000000008d700000, 0x000000008d700000, 0x000000008d800000|  0%| F|  |TAMS 0x000000008d700000| PB 0x000000008d700000| Untracked 
| 216|0x000000008d800000, 0x000000008d800000, 0x000000008d900000|  0%| F|  |TAMS 0x000000008d800000| PB 0x000000008d800000| Untracked 
| 217|0x000000008d900000, 0x000000008d900000, 0x000000008da00000|  0%| F|  |TAMS 0x000000008d900000| PB 0x000000008d900000| Untracked 
| 218|0x000000008da00000, 0x000000008da00000, 0x000000008db00000|  0%| F|  |TAMS 0x000000008da00000| PB 0x000000008da00000| Untracked 
| 219|0x000000008db00000, 0x000000008db00000, 0x000000008dc00000|  0%| F|  |TAMS 0x000000008db00000| PB 0x000000008db00000| Untracked 
| 220|0x000000008dc00000, 0x000000008dc00000, 0x000000008dd00000|  0%| F|  |TAMS 0x000000008dc00000| PB 0x000000008dc00000| Untracked 
| 221|0x000000008dd00000, 0x000000008dd00000, 0x000000008de00000|  0%| F|  |TAMS 0x000000008dd00000| PB 0x000000008dd00000| Untracked 
| 222|0x000000008de00000, 0x000000008de00000, 0x000000008df00000|  0%| F|  |TAMS 0x000000008de00000| PB 0x000000008de00000| Untracked 
| 223|0x000000008df00000, 0x000000008df00000, 0x000000008e000000|  0%| F|  |TAMS 0x000000008df00000| PB 0x000000008df00000| Untracked 
| 224|0x000000008e000000, 0x000000008e000000, 0x000000008e100000|  0%| F|  |TAMS 0x000000008e000000| PB 0x000000008e000000| Untracked 
| 225|0x000000008e100000, 0x000000008e100000, 0x000000008e200000|  0%| F|  |TAMS 0x000000008e100000| PB 0x000000008e100000| Untracked 
| 226|0x000000008e200000, 0x000000008e200000, 0x000000008e300000|  0%| F|  |TAMS 0x000000008e200000| PB 0x000000008e200000| Untracked 
| 227|0x000000008e300000, 0x000000008e300000, 0x000000008e400000|  0%| F|  |TAMS 0x000000008e300000| PB 0x000000008e300000| Untracked 
| 228|0x000000008e400000, 0x000000008e400000, 0x000000008e500000|  0%| F|  |TAMS 0x000000008e400000| PB 0x000000008e400000| Untracked 
| 229|0x000000008e500000, 0x000000008e500000, 0x000000008e600000|  0%| F|  |TAMS 0x000000008e500000| PB 0x000000008e500000| Untracked 
| 230|0x000000008e600000, 0x000000008e700000, 0x000000008e700000|100%| E|CS|TAMS 0x000000008e600000| PB 0x000000008e600000| Complete 
| 231|0x000000008e700000, 0x000000008e800000, 0x000000008e800000|100%| E|CS|TAMS 0x000000008e700000| PB 0x000000008e700000| Complete 
| 232|0x000000008e800000, 0x000000008e900000, 0x000000008e900000|100%| E|CS|TAMS 0x000000008e800000| PB 0x000000008e800000| Complete 
| 233|0x000000008e900000, 0x000000008ea00000, 0x000000008ea00000|100%| E|CS|TAMS 0x000000008e900000| PB 0x000000008e900000| Complete 
| 234|0x000000008ea00000, 0x000000008eb00000, 0x000000008eb00000|100%| E|CS|TAMS 0x000000008ea00000| PB 0x000000008ea00000| Complete 
| 235|0x000000008eb00000, 0x000000008ec00000, 0x000000008ec00000|100%| E|CS|TAMS 0x000000008eb00000| PB 0x000000008eb00000| Complete 
| 236|0x000000008ec00000, 0x000000008ed00000, 0x000000008ed00000|100%| E|CS|TAMS 0x000000008ec00000| PB 0x000000008ec00000| Complete 
| 237|0x000000008ed00000, 0x000000008ee00000, 0x000000008ee00000|100%| E|CS|TAMS 0x000000008ed00000| PB 0x000000008ed00000| Complete 
| 238|0x000000008ee00000, 0x000000008ef00000, 0x000000008ef00000|100%| E|CS|TAMS 0x000000008ee00000| PB 0x000000008ee00000| Complete 
| 239|0x000000008ef00000, 0x000000008f000000, 0x000000008f000000|100%| E|CS|TAMS 0x000000008ef00000| PB 0x000000008ef00000| Complete 
| 240|0x000000008f000000, 0x000000008f100000, 0x000000008f100000|100%| E|CS|TAMS 0x000000008f000000| PB 0x000000008f000000| Complete 
| 241|0x000000008f100000, 0x000000008f100000, 0x000000008f200000|  0%| F|  |TAMS 0x000000008f100000| PB 0x000000008f100000| Untracked 
| 242|0x000000008f200000, 0x000000008f200000, 0x000000008f300000|  0%| F|  |TAMS 0x000000008f200000| PB 0x000000008f200000| Untracked 
| 243|0x000000008f300000, 0x000000008f300000, 0x000000008f400000|  0%| F|  |TAMS 0x000000008f300000| PB 0x000000008f300000| Untracked 
| 244|0x000000008f400000, 0x000000008f400000, 0x000000008f500000|  0%| F|  |TAMS 0x000000008f400000| PB 0x000000008f400000| Untracked 
| 245|0x000000008f500000, 0x000000008f500000, 0x000000008f600000|  0%| F|  |TAMS 0x000000008f500000| PB 0x000000008f500000| Untracked 
| 246|0x000000008f600000, 0x000000008f600000, 0x000000008f700000|  0%| F|  |TAMS 0x000000008f600000| PB 0x000000008f600000| Untracked 
| 247|0x000000008f700000, 0x000000008f700000, 0x000000008f800000|  0%| F|  |TAMS 0x000000008f700000| PB 0x000000008f700000| Untracked 
| 248|0x000000008f800000, 0x000000008f800000, 0x000000008f900000|  0%| F|  |TAMS 0x000000008f800000| PB 0x000000008f800000| Untracked 
| 249|0x000000008f900000, 0x000000008f900000, 0x000000008fa00000|  0%| F|  |TAMS 0x000000008f900000| PB 0x000000008f900000| Untracked 
| 250|0x000000008fa00000, 0x000000008fa00000, 0x000000008fb00000|  0%| F|  |TAMS 0x000000008fa00000| PB 0x000000008fa00000| Untracked 
| 251|0x000000008fb00000, 0x000000008fb00000, 0x000000008fc00000|  0%| F|  |TAMS 0x000000008fb00000| PB 0x000000008fb00000| Untracked 
| 252|0x000000008fc00000, 0x000000008fc00000, 0x000000008fd00000|  0%| F|  |TAMS 0x000000008fc00000| PB 0x000000008fc00000| Untracked 
| 253|0x000000008fd00000, 0x000000008fd00000, 0x000000008fe00000|  0%| F|  |TAMS 0x000000008fd00000| PB 0x000000008fd00000| Untracked 
| 254|0x000000008fe00000, 0x000000008fe36308, 0x000000008ff00000| 21%| E|  |TAMS 0x000000008fe00000| PB 0x000000008fe00000| Complete 
| 255|0x000000008ff00000, 0x0000000090000000, 0x0000000090000000|100%| E|CS|TAMS 0x000000008ff00000| PB 0x000000008ff00000| Complete 
| 256|0x0000000090000000, 0x0000000090100000, 0x0000000090100000|100%| E|CS|TAMS 0x0000000090000000| PB 0x0000000090000000| Complete 
| 257|0x0000000090100000, 0x0000000090200000, 0x0000000090200000|100%| E|CS|TAMS 0x0000000090100000| PB 0x0000000090100000| Complete 
|2039|0x00000000ff700000, 0x00000000ff800000, 0x00000000ff800000|100%| O|  |TAMS 0x00000000ff700000| PB 0x00000000ff700000| Untracked 
|2040|0x00000000ff800000, 0x00000000ff900000, 0x00000000ff900000|100%| E|CS|TAMS 0x00000000ff800000| PB 0x00000000ff800000| Complete 
|2041|0x00000000ff900000, 0x00000000ffa00000, 0x00000000ffa00000|100%| O|  |TAMS 0x00000000ff900000| PB 0x00000000ff900000| Untracked 
|2042|0x00000000ffa00000, 0x00000000ffb00000, 0x00000000ffb00000|100%| O|  |TAMS 0x00000000ffa00000| PB 0x00000000ffa00000| Untracked 
|2043|0x00000000ffb00000, 0x00000000ffc00000, 0x00000000ffc00000|100%| O|  |TAMS 0x00000000ffb00000| PB 0x00000000ffb00000| Untracked 
|2044|0x00000000ffc00000, 0x00000000ffd00000, 0x00000000ffd00000|100%| E|CS|TAMS 0x00000000ffc00000| PB 0x00000000ffc00000| Complete 
|2045|0x00000000ffd00000, 0x00000000ffe00000, 0x00000000ffe00000|100%| E|CS|TAMS 0x00000000ffd00000| PB 0x00000000ffd00000| Complete 
|2046|0x00000000ffe00000, 0x00000000fff00000, 0x00000000fff00000|100%| O|  |TAMS 0x00000000ffe00000| PB 0x00000000ffe00000| Untracked 
|2047|0x00000000fff00000, 0x0000000100000000, 0x0000000100000000|100%| E|CS|TAMS 0x00000000fff00000| PB 0x00000000fff00000| Complete 

Card table byte_map: [0x00000285cda10000,0x00000285cde10000] _byte_map_base: 0x00000285cd610000

Marking Bits: (CMBitMap*) 0x00000285bb50a360
 Bits: [0x00000285cde10000, 0x00000285cfe10000)

Polling page: 0x00000285b92d0000

Metaspace:

Usage:
  Non-class:    108.32 MB used.
      Class:     17.17 MB used.
       Both:    125.49 MB used.

Virtual space:
  Non-class space:      128.00 MB reserved,     109.44 MB ( 85%) committed,  2 nodes.
      Class space:      416.00 MB reserved,      18.31 MB (  4%) committed,  1 nodes.
             Both:      544.00 MB reserved,     127.75 MB ( 23%) committed. 

Chunk freelists:
   Non-Class:  2.51 MB
       Class:  13.51 MB
        Both:  16.03 MB

MaxMetaspaceSize: 512.00 MB
CompressedClassSpaceSize: 416.00 MB
Initial GC threshold: 21.00 MB
Current GC threshold: 212.19 MB
CDS: off
 - commit_granule_bytes: 65536.
 - commit_granule_words: 8192.
 - virtual_space_node_default_size: 8388608.
 - enlarge_chunks_in_place: 1.
 - use_allocation_guard: 0.


Internal statistics:

num_allocs_failed_limit: 12.
num_arena_births: 4416.
num_arena_deaths: 0.
num_vsnodes_births: 3.
num_vsnodes_deaths: 0.
num_space_committed: 2044.
num_space_uncommitted: 0.
num_chunks_returned_to_freelist: 12.
num_chunks_taken_from_freelist: 9979.
num_chunk_merges: 12.
num_chunk_splits: 6554.
num_chunks_enlarged: 4211.
num_inconsistent_stats: 0.

CodeHeap 'non-profiled nmethods': size=120000Kb used=8036Kb max_used=8036Kb free=111963Kb
 bounds [0x00000285c60e0000, 0x00000285c68c0000, 0x00000285cd610000]
CodeHeap 'profiled nmethods': size=120000Kb used=23267Kb max_used=24495Kb free=96733Kb
 bounds [0x00000285be610000, 0x00000285bfe00000, 0x00000285c5b40000]
CodeHeap 'non-nmethods': size=5760Kb used=2936Kb max_used=3037Kb free=2823Kb
 bounds [0x00000285c5b40000, 0x00000285c5e60000, 0x00000285c60e0000]
 total_blobs=13630 nmethods=12592 adapters=942
 compilation: enabled
              stopped_count=0, restarted_count=0
 full_count=0

Compilation events (20 events):
Event: 38.271 Thread 0x00000285d249cfe0 nmethod 15251 0x00000285c6736090 code [0x00000285c6736240, 0x00000285c6736460]
Event: 38.271 Thread 0x00000285d249cfe0 15267       4       org.gradle.internal.hash.HashingOutputStream::write (23 bytes)
Event: 38.274 Thread 0x00000285d249cfe0 nmethod 15267 0x00000285c6735810 code [0x00000285c67359c0, 0x00000285c6735c58]
Event: 38.274 Thread 0x00000285d249cfe0 15253       4       com.google.common.collect.ImmutableCollection::spliterator (8 bytes)
Event: 38.275 Thread 0x00000285d249cfe0 nmethod 15253 0x00000285c65fb990 code [0x00000285c65fbb20, 0x00000285c65fbc20]
Event: 38.275 Thread 0x00000285d249cfe0 15254   !   4       java.util.zip.Inflater::needsDictionary (19 bytes)
Event: 38.276 Thread 0x00000285d249cfe0 nmethod 15254 0x00000285c65fb510 code [0x00000285c65fb6a0, 0x00000285c65fb8a0]
Event: 38.546 Thread 0x00000285d249cfe0 15349   !   4       java.util.concurrent.locks.LockSupport::parkNanos (56 bytes)
Event: 38.549 Thread 0x00000285d249cfe0 nmethod 15349 0x00000285c65faf10 code [0x00000285c65fb0c0, 0x00000285c65fb370]
Event: 39.227 Thread 0x00000285d249cfe0 15350       4       java.util.Collections$UnmodifiableCollection::contains (11 bytes)
Event: 39.229 Thread 0x00000285d249cfe0 nmethod 15350 0x00000285c635d810 code [0x00000285c635d9a0, 0x00000285c635db20]
Event: 40.002 Thread 0x00000285d249cfe0 15351       4       java.util.concurrent.locks.AbstractQueuedSynchronizer$ConditionObject::awaitNanos (207 bytes)
Event: 40.022 Thread 0x00000285d249cfe0 nmethod 15351 0x00000285c64f5e10 code [0x00000285c64f60e0, 0x00000285c64f7410]
Event: 42.522 Thread 0x00000285d2470260 15352       3       org.gradle.internal.serialize.InputStreamBackedDecoder::readInt (8 bytes)
Event: 42.522 Thread 0x00000285d249cfe0 15353  s!   4       java.io.FileDescriptor::closeAll (163 bytes)
Event: 42.524 Thread 0x00000285d2470260 nmethod 15352 0x00000285be7ef410 code [0x00000285be7ef620, 0x00000285be7efc90]
Event: 42.525 Thread 0x00000285d2470260 15354       3       java.util.Random::next (47 bytes)
Event: 42.525 Thread 0x00000285d2470260 nmethod 15354 0x00000285beb3cc10 code [0x00000285beb3cdc0, 0x00000285beb3d028]
Event: 42.538 Thread 0x00000285d249cfe0 nmethod 15353 0x00000285c62f3e10 code [0x00000285c62f4020, 0x00000285c62f4d70]
Event: 45.214 Thread 0x00000285d249cfe0 15355   !   4       java.util.stream.ReferencePipeline$7$1::accept (127 bytes)

GC Heap History (20 events):
Event: 22.321 GC heap before
{Heap before GC invocations=43 (full 0):
 garbage-first heap   total 181248K, used 167409K [0x0000000080000000, 0x0000000100000000)
  region size 1024K, 61 young (62464K), 3 survivors (3072K)
 Metaspace       used 113411K, committed 115648K, reserved 557056K
  class space    used 15634K, committed 16768K, reserved 425984K
}
Event: 22.330 GC heap after
{Heap after GC invocations=44 (full 0):
 garbage-first heap   total 218112K, used 109666K [0x0000000080000000, 0x0000000100000000)
  region size 1024K, 5 young (5120K), 5 survivors (5120K)
 Metaspace       used 113411K, committed 115648K, reserved 557056K
  class space    used 15634K, committed 16768K, reserved 425984K
}
Event: 23.780 GC heap before
{Heap before GC invocations=44 (full 0):
 garbage-first heap   total 218112K, used 203874K [0x0000000080000000, 0x0000000100000000)
  region size 1024K, 93 young (95232K), 5 survivors (5120K)
 Metaspace       used 117525K, committed 119744K, reserved 557056K
  class space    used 16037K, committed 17152K, reserved 425984K
}
Event: 23.795 GC heap after
{Heap after GC invocations=45 (full 0):
 garbage-first heap   total 218112K, used 115851K [0x0000000080000000, 0x0000000100000000)
  region size 1024K, 11 young (11264K), 11 survivors (11264K)
 Metaspace       used 117525K, committed 119744K, reserved 557056K
  class space    used 16037K, committed 17152K, reserved 425984K
}
Event: 25.294 GC heap before
{Heap before GC invocations=45 (full 0):
 garbage-first heap   total 218112K, used 193675K [0x0000000080000000, 0x0000000100000000)
  region size 1024K, 87 young (89088K), 11 survivors (11264K)
 Metaspace       used 117722K, committed 120000K, reserved 557056K
  class space    used 16074K, committed 17216K, reserved 425984K
}
Event: 25.311 GC heap after
{Heap after GC invocations=46 (full 0):
 garbage-first heap   total 218112K, used 118364K [0x0000000080000000, 0x0000000100000000)
  region size 1024K, 3 young (3072K), 3 survivors (3072K)
 Metaspace       used 117722K, committed 120000K, reserved 557056K
  class space    used 16074K, committed 17216K, reserved 425984K
}
Event: 25.453 GC heap before
{Heap before GC invocations=46 (full 0):
 garbage-first heap   total 218112K, used 128604K [0x0000000080000000, 0x0000000100000000)
  region size 1024K, 14 young (14336K), 3 survivors (3072K)
 Metaspace       used 118276K, committed 120576K, reserved 557056K
  class space    used 16147K, committed 17280K, reserved 425984K
}
Event: 25.459 GC heap after
{Heap after GC invocations=47 (full 0):
 garbage-first heap   total 218112K, used 119370K [0x0000000080000000, 0x0000000100000000)
  region size 1024K, 4 young (4096K), 4 survivors (4096K)
 Metaspace       used 118276K, committed 120576K, reserved 557056K
  class space    used 16147K, committed 17280K, reserved 425984K
}
Event: 27.743 GC heap before
{Heap before GC invocations=48 (full 0):
 garbage-first heap   total 218112K, used 208458K [0x0000000080000000, 0x0000000100000000)
  region size 1024K, 83 young (84992K), 4 survivors (4096K)
 Metaspace       used 119287K, committed 121536K, reserved 557056K
  class space    used 16354K, committed 17472K, reserved 425984K
}
Event: 27.774 GC heap after
{Heap after GC invocations=49 (full 0):
 garbage-first heap   total 225280K, used 139264K [0x0000000080000000, 0x0000000100000000)
  region size 1024K, 11 young (11264K), 11 survivors (11264K)
 Metaspace       used 119287K, committed 121536K, reserved 557056K
  class space    used 16354K, committed 17472K, reserved 425984K
}
Event: 34.375 GC heap before
{Heap before GC invocations=49 (full 0):
 garbage-first heap   total 225280K, used 206848K [0x0000000080000000, 0x0000000100000000)
  region size 1024K, 73 young (74752K), 11 survivors (11264K)
 Metaspace       used 119747K, committed 122112K, reserved 557056K
  class space    used 16410K, committed 17600K, reserved 425984K
}
Event: 34.396 GC heap after
{Heap after GC invocations=50 (full 0):
 garbage-first heap   total 228352K, used 149194K [0x0000000080000000, 0x0000000100000000)
  region size 1024K, 7 young (7168K), 7 survivors (7168K)
 Metaspace       used 119747K, committed 122112K, reserved 557056K
  class space    used 16410K, committed 17600K, reserved 425984K
}
Event: 35.210 GC heap before
{Heap before GC invocations=50 (full 0):
 garbage-first heap   total 228352K, used 208586K [0x0000000080000000, 0x0000000100000000)
  region size 1024K, 65 young (66560K), 7 survivors (7168K)
 Metaspace       used 125211K, committed 127488K, reserved 557056K
  class space    used 17147K, committed 18304K, reserved 425984K
}
Event: 35.227 GC heap after
{Heap after GC invocations=51 (full 0):
 garbage-first heap   total 228352K, used 153088K [0x0000000080000000, 0x0000000100000000)
  region size 1024K, 4 young (4096K), 4 survivors (4096K)
 Metaspace       used 125211K, committed 127488K, reserved 557056K
  class space    used 17147K, committed 18304K, reserved 425984K
}
Event: 36.253 GC heap before
{Heap before GC invocations=52 (full 0):
 garbage-first heap   total 256000K, used 210432K [0x0000000080000000, 0x0000000100000000)
  region size 1024K, 60 young (61440K), 4 survivors (4096K)
 Metaspace       used 127785K, committed 130048K, reserved 557056K
  class space    used 17464K, committed 18624K, reserved 425984K
}
Event: 36.267 GC heap after
{Heap after GC invocations=53 (full 0):
 garbage-first heap   total 256000K, used 159340K [0x0000000080000000, 0x0000000100000000)
  region size 1024K, 8 young (8192K), 8 survivors (8192K)
 Metaspace       used 127785K, committed 130048K, reserved 557056K
  class space    used 17464K, committed 18624K, reserved 425984K
}
Event: 36.580 GC heap before
{Heap before GC invocations=53 (full 0):
 garbage-first heap   total 256000K, used 235116K [0x0000000080000000, 0x0000000100000000)
  region size 1024K, 81 young (82944K), 8 survivors (8192K)
 Metaspace       used 127971K, committed 130368K, reserved 557056K
  class space    used 17494K, committed 18688K, reserved 425984K
}
Event: 36.594 GC heap after
{Heap after GC invocations=54 (full 0):
 garbage-first heap   total 256000K, used 162324K [0x0000000080000000, 0x0000000100000000)
  region size 1024K, 7 young (7168K), 7 survivors (7168K)
 Metaspace       used 127971K, committed 130368K, reserved 557056K
  class space    used 17494K, committed 18688K, reserved 425984K
}
Event: 36.757 GC heap before
{Heap before GC invocations=54 (full 0):
 garbage-first heap   total 256000K, used 235028K [0x0000000080000000, 0x0000000100000000)
  region size 1024K, 78 young (79872K), 7 survivors (7168K)
 Metaspace       used 127971K, committed 130368K, reserved 557056K
  class space    used 17494K, committed 18688K, reserved 425984K
}
Event: 36.766 GC heap after
{Heap after GC invocations=55 (full 0):
 garbage-first heap   total 256000K, used 163497K [0x0000000080000000, 0x0000000100000000)
  region size 1024K, 3 young (3072K), 3 survivors (3072K)
 Metaspace       used 127971K, committed 130368K, reserved 557056K
  class space    used 17494K, committed 18688K, reserved 425984K
}

Dll operation events (3 events):
Event: 0.018 Loaded shared library C:\Program Files\Android\Android Studio\jbr\bin\java.dll
Event: 0.025 Loaded shared library C:\Program Files\Android\Android Studio\jbr\bin\zip.dll
Event: 0.613 Loaded shared library C:\Program Files\Android\Android Studio\jbr\bin\verify.dll

Deoptimization events (20 events):
Event: 37.239 Thread 0x00000285dbd39ac0 DEOPT PACKING pc=0x00000285c67123b4 sp=0x000000c716cfaa60
Event: 37.239 Thread 0x00000285dbd39ac0 DEOPT UNPACKING pc=0x00000285c5b946a2 sp=0x000000c716cfaa08 mode 2
Event: 37.239 Thread 0x00000285dbd39ac0 Uncommon trap: trap_request=0xffffffde fr.pc=0x00000285c67123b4 relative=0x0000000000000374
Event: 37.239 Thread 0x00000285dbd39ac0 Uncommon trap: reason=class_check action=maybe_recompile pc=0x00000285c67123b4 method=java.util.stream.ReferencePipeline$7$1.accept(Ljava/lang/Object;)V @ 50 c2
Event: 37.239 Thread 0x00000285dbd39ac0 DEOPT PACKING pc=0x00000285c67123b4 sp=0x000000c716cfa800
Event: 37.239 Thread 0x00000285dbd39ac0 DEOPT UNPACKING pc=0x00000285c5b946a2 sp=0x000000c716cfa7a8 mode 2
Event: 37.239 Thread 0x00000285dbd39ac0 Uncommon trap: trap_request=0xffffffde fr.pc=0x00000285c67123dc relative=0x000000000000039c
Event: 37.239 Thread 0x00000285dbd39ac0 Uncommon trap: reason=class_check action=maybe_recompile pc=0x00000285c67123dc method=java.util.stream.ReferencePipeline$7$1.accept(Ljava/lang/Object;)V @ 68 c2
Event: 37.239 Thread 0x00000285dbd39ac0 DEOPT PACKING pc=0x00000285c67123dc sp=0x000000c716cfa5a0
Event: 37.239 Thread 0x00000285dbd39ac0 DEOPT UNPACKING pc=0x00000285c5b946a2 sp=0x000000c716cfa548 mode 2
Event: 37.239 Thread 0x00000285dbd39ac0 Uncommon trap: trap_request=0xffffffde fr.pc=0x00000285c67123dc relative=0x000000000000039c
Event: 37.239 Thread 0x00000285dbd39ac0 Uncommon trap: reason=class_check action=maybe_recompile pc=0x00000285c67123dc method=java.util.stream.ReferencePipeline$7$1.accept(Ljava/lang/Object;)V @ 68 c2
Event: 37.239 Thread 0x00000285dbd39ac0 DEOPT PACKING pc=0x00000285c67123dc sp=0x000000c716cfa5a0
Event: 37.239 Thread 0x00000285dbd39ac0 DEOPT UNPACKING pc=0x00000285c5b946a2 sp=0x000000c716cfa548 mode 2
Event: 37.239 Thread 0x00000285dbd39ac0 DEOPT PACKING pc=0x00000285c652ce28 sp=0x000000c716cfbf90
Event: 37.239 Thread 0x00000285dbd39ac0 DEOPT UNPACKING pc=0x00000285c5b94e42 sp=0x000000c716cfb380 mode 0
Event: 37.245 Thread 0x00000285dbd39ac0 Uncommon trap: trap_request=0xffffffc6 fr.pc=0x00000285c679aed0 relative=0x0000000000000190
Event: 37.245 Thread 0x00000285dbd39ac0 Uncommon trap: reason=bimorphic_or_optimized_type_check action=maybe_recompile pc=0x00000285c679aed0 method=java.util.stream.Streams$StreamBuilderImpl.forEachRemaining(Ljava/util/function/Consumer;)V @ 19 c2
Event: 37.245 Thread 0x00000285dbd39ac0 DEOPT PACKING pc=0x00000285c679aed0 sp=0x000000c716cfa6a0
Event: 37.245 Thread 0x00000285dbd39ac0 DEOPT UNPACKING pc=0x00000285c5b946a2 sp=0x000000c716cfa638 mode 2

Classes loaded (20 events):
Event: 35.024 Loading class jdk/internal/reflect/MethodHandleBooleanFieldAccessorImpl
Event: 35.025 Loading class jdk/internal/reflect/MethodHandleBooleanFieldAccessorImpl done
Event: 35.027 Loading class com/sun/org/apache/xerces/internal/impl/io/MalformedByteSequenceException
Event: 35.027 Loading class java/io/CharConversionException
Event: 35.027 Loading class java/io/CharConversionException done
Event: 35.027 Loading class com/sun/org/apache/xerces/internal/impl/io/MalformedByteSequenceException done
Event: 36.325 Loading class java/util/zip/ZipFile$ZipEntryIterator
Event: 36.326 Loading class java/util/zip/ZipFile$ZipEntryIterator done
Event: 36.332 Loading class java/util/stream/SortedOps$RefSortingSink
Event: 36.333 Loading class java/util/stream/SortedOps$RefSortingSink done
Event: 37.280 Loading class java/lang/ProcessImpl
Event: 37.282 Loading class java/lang/ProcessImpl done
Event: 37.295 Loading class java/lang/ProcessHandleImpl
Event: 37.296 Loading class java/lang/ProcessHandleImpl done
Event: 37.297 Loading class java/lang/ProcessImpl$2
Event: 37.297 Loading class java/lang/ProcessImpl$2 done
Event: 37.297 Loading class java/lang/Process$PipeInputStream
Event: 37.297 Loading class java/lang/Process$PipeInputStream done
Event: 37.300 Loading class jdk/internal/event/ProcessStartEvent
Event: 37.301 Loading class jdk/internal/event/ProcessStartEvent done

Classes unloaded (0 events):
No events

Classes redefined (0 events):
No events

Internal exceptions (20 events):
Event: 34.195 Thread 0x00000285d867df60 Exception <a 'java/lang/ClassNotFoundException'{0x000000008a2ca8c8}: com/android/build/gradle/internal/dsl/TestOptions$UnitTestOptions_DecoratedCustomizer> (0x000000008a2ca8c8) 
thrown [s\src\hotspot\share\classfile\systemDictionary.cpp, line 312]
Event: 34.491 Thread 0x00000285d867df60 Exception <a 'java/lang/IncompatibleClassChangeError'{0x000000008d0b3d28}: Found class java.lang.Object, but interface was expected> (0x000000008d0b3d28) 
thrown [s\src\hotspot\share\interpreter\linkResolver.cpp, line 851]
Event: 34.568 Thread 0x00000285d867df60 Exception <a 'sun/nio/fs/WindowsException'{0x000000008caabcf8}> (0x000000008caabcf8) 
thrown [s\src\hotspot\share\prims\jni.cpp, line 535]
Event: 34.568 Thread 0x00000285d867df60 Exception <a 'sun/nio/fs/WindowsException'{0x000000008caad360}> (0x000000008caad360) 
thrown [s\src\hotspot\share\prims\jni.cpp, line 535]
Event: 34.568 Thread 0x00000285d867df60 Exception <a 'sun/nio/fs/WindowsException'{0x000000008caaea18}> (0x000000008caaea18) 
thrown [s\src\hotspot\share\prims\jni.cpp, line 535]
Event: 34.568 Thread 0x00000285d867df60 Exception <a 'sun/nio/fs/WindowsException'{0x000000008cab00d0}> (0x000000008cab00d0) 
thrown [s\src\hotspot\share\prims\jni.cpp, line 535]
Event: 34.708 Thread 0x00000285d867df60 Exception <a 'java/lang/NullPointerException'{0x000000008bf2f490}> (0x000000008bf2f490) 
thrown [s\src\hotspot\share\interpreter\linkResolver.cpp, line 1471]
Event: 35.332 Thread 0x00000285d248ab40 Implicit null exception at 0x00000285c67eaec8 to 0x00000285c67eb5d4
Event: 35.784 Thread 0x00000285d867df60 Implicit null exception at 0x00000285c611c044 to 0x00000285c611c120
Event: 35.835 Thread 0x00000285d867df60 Implicit null exception at 0x00000285c64e22cd to 0x00000285c64e2415
Event: 35.970 Thread 0x00000285d867df60 Exception <a 'java/lang/IncompatibleClassChangeError'{0x000000008d6f3190}: Found class java.lang.Object, but interface was expected> (0x000000008d6f3190) 
thrown [s\src\hotspot\share\interpreter\linkResolver.cpp, line 851]
Event: 36.280 Thread 0x00000285d867df60 Exception <a 'java/lang/IncompatibleClassChangeError'{0x00000000fff86f98}: Found class java.lang.Object, but interface was expected> (0x00000000fff86f98) 
thrown [s\src\hotspot\share\interpreter\linkResolver.cpp, line 851]
Event: 36.327 Thread 0x00000285dbd39ac0 Implicit null exception at 0x00000285c62fec6f to 0x00000285c62ff874
Event: 37.114 Thread 0x00000285dbe217d0 Exception <a 'java/lang/NoSuchMethodError'{0x000000008e68a0d0}: static Ljava/lang/Object;.<clinit>()V> (0x000000008e68a0d0) 
thrown [s\src\hotspot\share\prims\jni.cpp, line 1139]
Event: 37.117 Thread 0x00000285dbe217d0 Exception <a 'java/lang/NoSuchMethodError'{0x000000008e695298}: static Lorg/jetbrains/kotlin/gradle/plugin/statistics/MetricContainer;.<clinit>()V> (0x000000008e695298) 
thrown [s\src\hotspot\share\prims\jni.cpp, line 1139]
Event: 37.160 Thread 0x00000285dbd39ac0 Exception <a 'sun/nio/fs/WindowsException'{0x000000008e675708}> (0x000000008e675708) 
thrown [s\src\hotspot\share\prims\jni.cpp, line 535]
Event: 37.214 Thread 0x00000285dbd39ac0 Exception <a 'sun/nio/fs/WindowsException'{0x00000000901e49b8}> (0x00000000901e49b8) 
thrown [s\src\hotspot\share\prims\jni.cpp, line 535]
Event: 37.214 Thread 0x00000285dbd39ac0 Exception <a 'sun/nio/fs/WindowsException'{0x00000000901e6200}> (0x00000000901e6200) 
thrown [s\src\hotspot\share\prims\jni.cpp, line 535]
Event: 37.295 Thread 0x00000285dba3aac0 Exception <a 'java/lang/NoSuchMethodError'{0x000000008ff98d00}: 'void java.lang.invoke.DirectMethodHandle$Holder.invokeStatic(java.lang.Object, long)'> (0x000000008ff98d00) 
thrown [s\src\hotspot\share\interpreter\linkResolver.cpp, line 784]
Event: 37.297 Thread 0x00000285dba3aac0 Exception <a 'java/lang/NoSuchMethodError'{0x000000008ffa2a28}: 'java.lang.Object java.lang.invoke.DirectMethodHandle$Holder.invokeStaticInit(java.lang.Object, long, java.lang.Object)'> (0x000000008ffa2a28) 
thrown [s\src\hotspot\share\interpreter\linkResolver.cpp, line 784]

ZGC Phase Switch (0 events):
No events

VM Operations (20 events):
Event: 36.283 Executing VM operation: HandshakeAllThreads (Deoptimize)
Event: 36.283 Executing VM operation: HandshakeAllThreads (Deoptimize) done
Event: 36.580 Executing VM operation: G1CollectForAllocation (G1 Evacuation Pause)
Event: 36.594 Executing VM operation: G1CollectForAllocation (G1 Evacuation Pause) done
Event: 36.756 Executing VM operation: G1CollectForAllocation (G1 Evacuation Pause)
Event: 36.766 Executing VM operation: G1CollectForAllocation (G1 Evacuation Pause) done
Event: 37.063 Executing VM operation: G1PauseRemark
Event: 37.076 Executing VM operation: G1PauseRemark done
Event: 37.091 Executing VM operation: HandshakeAllThreads (Deoptimize)
Event: 37.091 Executing VM operation: HandshakeAllThreads (Deoptimize) done
Event: 37.238 Executing VM operation: HandshakeAllThreads (Deoptimize)
Event: 37.238 Executing VM operation: HandshakeAllThreads (Deoptimize) done
Event: 37.242 Executing VM operation: HandshakeAllThreads (Deoptimize)
Event: 37.242 Executing VM operation: HandshakeAllThreads (Deoptimize) done
Event: 37.253 Executing VM operation: G1PauseCleanup
Event: 37.253 Executing VM operation: G1PauseCleanup done
Event: 37.299 Executing VM operation: HandshakeAllThreads (Deoptimize)
Event: 37.299 Executing VM operation: HandshakeAllThreads (Deoptimize) done
Event: 38.301 Executing VM operation: Cleanup
Event: 38.301 Executing VM operation: Cleanup done

Memory protections (0 events):
No events

Nmethod flushes (20 events):
Event: 37.074 Thread 0x00000285d22f75b0 flushing  nmethod 0x00000285bf5b0f10
Event: 37.074 Thread 0x00000285d22f75b0 flushing  nmethod 0x00000285bf5b1710
Event: 37.074 Thread 0x00000285d22f75b0 flushing  nmethod 0x00000285bf5b1f90
Event: 37.074 Thread 0x00000285d22f75b0 flushing  nmethod 0x00000285bf5b2c10
Event: 37.074 Thread 0x00000285d22f75b0 flushing  nmethod 0x00000285bf67f590
Event: 37.074 Thread 0x00000285d22f75b0 flushing  nmethod 0x00000285bf86d010
Event: 37.074 Thread 0x00000285d22f75b0 flushing  nmethod 0x00000285bf86f090
Event: 37.074 Thread 0x00000285d22f75b0 flushing  nmethod 0x00000285bf894390
Event: 37.074 Thread 0x00000285d22f75b0 flushing  nmethod 0x00000285bf89f890
Event: 37.074 Thread 0x00000285d22f75b0 flushing  nmethod 0x00000285bf9b1c10
Event: 37.074 Thread 0x00000285d22f75b0 flushing  nmethod 0x00000285bfa03790
Event: 37.074 Thread 0x00000285d22f75b0 flushing  nmethod 0x00000285bfa7be90
Event: 37.074 Thread 0x00000285d22f75b0 flushing  nmethod 0x00000285bfba4110
Event: 37.074 Thread 0x00000285d22f75b0 flushing  nmethod 0x00000285bfbe1790
Event: 37.074 Thread 0x00000285d22f75b0 flushing  nmethod 0x00000285bfc70710
Event: 37.074 Thread 0x00000285d22f75b0 flushing  nmethod 0x00000285bfc71190
Event: 37.074 Thread 0x00000285d22f75b0 flushing  nmethod 0x00000285bfc71890
Event: 37.074 Thread 0x00000285d22f75b0 flushing  nmethod 0x00000285bfc71e10
Event: 37.074 Thread 0x00000285d22f75b0 flushing  nmethod 0x00000285bfc73610
Event: 37.074 Thread 0x00000285d22f75b0 flushing  nmethod 0x00000285bfcd1410

Events (20 events):
Event: 22.527 Thread 0x00000285d867df60 Thread added: 0x00000285dbb32900
Event: 22.814 Thread 0x00000285d867df60 Thread added: 0x00000285dbb34340
Event: 23.248 Thread 0x00000285d867df60 Thread added: 0x00000285dbb30ec0
Event: 23.248 Thread 0x00000285d867df60 Thread added: 0x00000285dbb2da40
Event: 23.248 Thread 0x00000285d867df60 Thread added: 0x00000285dbb2fb10
Event: 23.293 Thread 0x00000285d867df60 Thread added: 0x00000285dbb2e0d0
Event: 23.294 Thread 0x00000285d867df60 Thread added: 0x00000285dbb2e760
Event: 23.295 Thread 0x00000285d867df60 Thread added: 0x00000285dba3d8b0
Event: 23.510 Thread 0x00000285d867df60 Thread added: 0x00000285dba3ec60
Event: 23.511 Thread 0x00000285d867df60 Thread added: 0x00000285dba3f980
Event: 23.511 Thread 0x00000285d867df60 Thread added: 0x00000285dba41a50
Event: 25.268 Thread 0x00000285d867df60 Thread added: 0x00000285dba3e5d0
Event: 27.053 Thread 0x00000285d867df60 Thread added: 0x00000285e2732340
Event: 27.175 Thread 0x00000285d867df60 Thread added: 0x00000285e2733060
Event: 27.175 Thread 0x00000285d867df60 Thread added: 0x00000285e27336f0
Event: 33.948 Thread 0x00000285d867df60 Thread added: 0x00000285e2730270
Event: 36.993 Thread 0x00000285dbd39ac0 Thread added: 0x00000285dbabee30
Event: 37.278 Thread 0x00000285dbd39ac0 Thread added: 0x00000285dba3aac0
Event: 37.303 Thread 0x00000285dba3aac0 Thread added: 0x00000285dba3be70
Event: 37.303 Thread 0x00000285dba3aac0 Thread added: 0x00000285dba420e0


Dynamic libraries:
0x00007ff60b8b0000 - 0x00007ff60b8ba000 	C:\Program Files\Android\Android Studio\jbr\bin\java.exe
0x00007fffa68b0000 - 0x00007fffa6aa8000 	C:\Windows\SYSTEM32\ntdll.dll
0x00007fffa6670000 - 0x00007fffa6732000 	C:\Windows\System32\KERNEL32.DLL
0x00007fffa40e0000 - 0x00007fffa43d6000 	C:\Windows\System32\KERNELBASE.dll
0x00007fffa3f40000 - 0x00007fffa4040000 	C:\Windows\System32\ucrtbase.dll
0x00007fff9b130000 - 0x00007fff9b148000 	C:\Program Files\Android\Android Studio\jbr\bin\jli.dll
0x00007fff9d990000 - 0x00007fff9d9ab000 	C:\Program Files\Android\Android Studio\jbr\bin\VCRUNTIME140.dll
0x00007fffa4c60000 - 0x00007fffa4dfd000 	C:\Windows\System32\USER32.dll
0x00007fff90070000 - 0x00007fff9030a000 	C:\Windows\WinSxS\amd64_microsoft.windows.common-controls_6595b64144ccf1df_6.0.19041.5915_none_60b4b9d171f9c7c7\COMCTL32.dll
0x00007fffa4490000 - 0x00007fffa44b2000 	C:\Windows\System32\win32u.dll
0x00007fffa4a00000 - 0x00007fffa4a9e000 	C:\Windows\System32\msvcrt.dll
0x00007fffa63f0000 - 0x00007fffa641b000 	C:\Windows\System32\GDI32.dll
0x00007fffa44c0000 - 0x00007fffa45d8000 	C:\Windows\System32\gdi32full.dll
0x00007fffa4040000 - 0x00007fffa40dd000 	C:\Windows\System32\msvcp_win.dll
0x00007fffa62b0000 - 0x00007fffa62df000 	C:\Windows\System32\IMM32.DLL
0x00007fffa0920000 - 0x00007fffa092c000 	C:\Program Files\Android\Android Studio\jbr\bin\vcruntime140_1.dll
0x00007fff7ac70000 - 0x00007fff7acfd000 	C:\Program Files\Android\Android Studio\jbr\bin\msvcp140.dll
0x00007fff67c00000 - 0x00007fff6888b000 	C:\Program Files\Android\Android Studio\jbr\bin\server\jvm.dll
0x00007fffa4e00000 - 0x00007fffa4eb1000 	C:\Windows\System32\ADVAPI32.dll
0x00007fffa6760000 - 0x00007fffa67ff000 	C:\Windows\System32\sechost.dll
0x00007fffa5860000 - 0x00007fffa5983000 	C:\Windows\System32\RPCRT4.dll
0x00007fffa46c0000 - 0x00007fffa46e7000 	C:\Windows\System32\bcrypt.dll
0x00007fffa6800000 - 0x00007fffa686b000 	C:\Windows\System32\WS2_32.dll
0x00007fffa3da0000 - 0x00007fffa3deb000 	C:\Windows\SYSTEM32\POWRPROF.dll
0x00007fff92b80000 - 0x00007fff92ba7000 	C:\Windows\SYSTEM32\WINMM.dll
0x00007fff9dc10000 - 0x00007fff9dc1a000 	C:\Windows\SYSTEM32\VERSION.dll
0x00007fffa3d80000 - 0x00007fffa3d92000 	C:\Windows\SYSTEM32\UMPDC.dll
0x00007fffa2760000 - 0x00007fffa2772000 	C:\Windows\SYSTEM32\kernel.appcore.dll
0x00007fff9fa80000 - 0x00007fff9fa8a000 	C:\Program Files\Android\Android Studio\jbr\bin\jimage.dll
0x00007fffa1ca0000 - 0x00007fffa1ea1000 	C:\Windows\SYSTEM32\DBGHELP.DLL
0x00007fff9ad20000 - 0x00007fff9ad54000 	C:\Windows\SYSTEM32\dbgcore.DLL
0x00007fffa45e0000 - 0x00007fffa4662000 	C:\Windows\System32\bcryptPrimitives.dll
0x00007fffa0060000 - 0x00007fffa006e000 	C:\Program Files\Android\Android Studio\jbr\bin\instrument.dll
0x00007fff9d970000 - 0x00007fff9d990000 	C:\Program Files\Android\Android Studio\jbr\bin\java.dll
0x00007fff9c380000 - 0x00007fff9c398000 	C:\Program Files\Android\Android Studio\jbr\bin\zip.dll
0x00007fffa59f0000 - 0x00007fffa615e000 	C:\Windows\System32\SHELL32.dll
0x00007fffa1fa0000 - 0x00007fffa2744000 	C:\Windows\SYSTEM32\windows.storage.dll
0x00007fffa4ec0000 - 0x00007fffa5213000 	C:\Windows\System32\combase.dll
0x00007fffa38a0000 - 0x00007fffa38cb000 	C:\Windows\SYSTEM32\Wldp.dll
0x00007fffa6420000 - 0x00007fffa64ed000 	C:\Windows\System32\OLEAUT32.dll
0x00007fffa5220000 - 0x00007fffa52cd000 	C:\Windows\System32\SHCORE.dll
0x00007fffa5990000 - 0x00007fffa59eb000 	C:\Windows\System32\shlwapi.dll
0x00007fffa3e70000 - 0x00007fffa3e94000 	C:\Windows\SYSTEM32\profapi.dll
0x00007fff9ff00000 - 0x00007fff9ff10000 	C:\Program Files\Android\Android Studio\jbr\bin\net.dll
0x00007fff97780000 - 0x00007fff9788a000 	C:\Windows\SYSTEM32\WINHTTP.dll
0x00007fffa3600000 - 0x00007fffa366a000 	C:\Windows\system32\mswsock.dll
0x00007fff9c2e0000 - 0x00007fff9c2f6000 	C:\Program Files\Android\Android Studio\jbr\bin\nio.dll
0x00007fff9e030000 - 0x00007fff9e040000 	C:\Program Files\Android\Android Studio\jbr\bin\verify.dll
0x00007fff9cc70000 - 0x00007fff9cc97000 	C:\Users\Hii\.gradle\native\1def1411415f61bf3af743bc5b6707747c0891f09f0c88961ee8f79bc544acac\windows-amd64\native-platform.dll
0x000000005acc0000 - 0x000000005ad33000 	C:\Users\Hii\.gradle\native\0.2.5\x86_64-windows-gnu\gradle-fileevents.dll
0x00007fff9d770000 - 0x00007fff9d779000 	C:\Program Files\Android\Android Studio\jbr\bin\management.dll
0x00007fff9c3d0000 - 0x00007fff9c3db000 	C:\Program Files\Android\Android Studio\jbr\bin\management_ext.dll
0x00007fffa4c50000 - 0x00007fffa4c58000 	C:\Windows\System32\PSAPI.DLL
0x00007fffa37f0000 - 0x00007fffa3808000 	C:\Windows\SYSTEM32\CRYPTSP.dll
0x00007fffa2f20000 - 0x00007fffa2f55000 	C:\Windows\system32\rsaenh.dll
0x00007fffa3e30000 - 0x00007fffa3e5e000 	C:\Windows\SYSTEM32\USERENV.dll
0x00007fffa3810000 - 0x00007fffa381c000 	C:\Windows\SYSTEM32\CRYPTBASE.dll
0x00007fffa32e0000 - 0x00007fffa331b000 	C:\Windows\SYSTEM32\IPHLPAPI.DLL
0x00007fffa52d0000 - 0x00007fffa52d8000 	C:\Windows\System32\NSI.dll
0x00007fff9d960000 - 0x00007fff9d969000 	C:\Program Files\Android\Android Studio\jbr\bin\extnet.dll
0x00007fff9fef0000 - 0x00007fff9fef7000 	C:\Windows\system32\wshunix.dll
0x000000005abc0000 - 0x000000005ac33000 	C:\Users\Hii\AppData\Local\Temp\native-platform5556191078485274788dir\gradle-fileevents.dll
0x00007fff7bea0000 - 0x00007fff7beb7000 	C:\Windows\system32\napinsp.dll
0x00007fff7be80000 - 0x00007fff7be9b000 	C:\Windows\system32\pnrpnsp.dll
0x00007fff9e1d0000 - 0x00007fff9e1ed000 	C:\Windows\system32\wshbth.dll
0x00007fff9b9b0000 - 0x00007fff9b9cd000 	C:\Windows\system32\NLAapi.dll
0x00007fffa3320000 - 0x00007fffa33ea000 	C:\Windows\SYSTEM32\DNSAPI.dll
0x00007fff7be60000 - 0x00007fff7be72000 	C:\Windows\System32\winrnr.dll
0x00007fff9c120000 - 0x00007fff9c12a000 	C:\Windows\System32\rasadhlp.dll
0x00007fff92880000 - 0x00007fff92900000 	C:\Windows\System32\fwpuclnt.dll

dbghelp: loaded successfully - version: 4.0.5 - missing functions: none
symbol engine: initialized successfully - sym options: 0x614 - pdb path: .;C:\Program Files\Android\Android Studio\jbr\bin;C:\Windows\SYSTEM32;C:\Windows\WinSxS\amd64_microsoft.windows.common-controls_6595b64144ccf1df_6.0.19041.5915_none_60b4b9d171f9c7c7;C:\Program Files\Android\Android Studio\jbr\bin\server;C:\Users\Hii\.gradle\native\1def1411415f61bf3af743bc5b6707747c0891f09f0c88961ee8f79bc544acac\windows-amd64;C:\Users\Hii\.gradle\native\0.2.5\x86_64-windows-gnu;C:\Users\Hii\AppData\Local\Temp\native-platform5556191078485274788dir

VM Arguments:
jvm_args: --add-opens=java.base/java.lang=ALL-UNNAMED --add-opens=java.base/java.lang.invoke=ALL-UNNAMED --add-opens=java.base/java.util=ALL-UNNAMED --add-opens=java.prefs/java.util.prefs=ALL-UNNAMED --add-exports=jdk.compiler/com.sun.tools.javac.api=ALL-UNNAMED --add-exports=jdk.compiler/com.sun.tools.javac.util=ALL-UNNAMED --add-opens=java.base/java.util=ALL-UNNAMED --add-opens=java.prefs/java.util.prefs=ALL-UNNAMED --add-opens=java.base/java.nio.charset=ALL-UNNAMED --add-opens=java.base/java.net=ALL-UNNAMED --add-opens=java.base/java.util.concurrent.atomic=ALL-UNNAMED --add-opens=java.xml/javax.xml.namespace=ALL-UNNAMED -XX:MaxMetaspaceSize=512m -XX:+HeapDumpOnOutOfMemoryError -Xmx2048m -Dfile.encoding=UTF-8 -Duser.country=US -Duser.language=en -Duser.variant -javaagent:C:\Users\Hii\.gradle\wrapper\dists\gradle-8.12-all\ejduaidbjup3bmmkhw3rie4zb\gradle-8.12\lib\agents\gradle-instrumentation-agent-8.12.jar 
java_command: org.gradle.launcher.daemon.bootstrap.GradleDaemon 8.12
java_class_path (initial): C:\Users\Hii\.gradle\wrapper\dists\gradle-8.12-all\ejduaidbjup3bmmkhw3rie4zb\gradle-8.12\lib\gradle-daemon-main-8.12.jar
Launcher Type: SUN_STANDARD

[Global flags]
     intx CICompilerCount                          = 3                                         {product} {ergonomic}
   size_t CompressedClassSpaceSize                 = 436207616                                 {product} {ergonomic}
     uint ConcGCThreads                            = 1                                         {product} {ergonomic}
     uint G1ConcRefinementThreads                  = 4                                         {product} {ergonomic}
   size_t G1HeapRegionSize                         = 1048576                                   {product} {ergonomic}
    uintx GCDrainStackTargetSize                   = 64                                        {product} {ergonomic}
     bool HeapDumpOnOutOfMemoryError               = true                                   {manageable} {command line}
   size_t InitialHeapSize                          = 67108864                                  {product} {ergonomic}
   size_t MarkStackSize                            = 4194304                                   {product} {ergonomic}
   size_t MaxHeapSize                              = 2147483648                                {product} {command line}
   size_t MaxMetaspaceSize                         = 536870912                                 {product} {command line}
   size_t MaxNewSize                               = 1287651328                                {product} {ergonomic}
   size_t MinHeapDeltaBytes                        = 1048576                                   {product} {ergonomic}
   size_t MinHeapSize                              = 8388608                                   {product} {ergonomic}
    uintx NonNMethodCodeHeapSize                   = 5832780                                {pd product} {ergonomic}
    uintx NonProfiledCodeHeapSize                  = 122912730                              {pd product} {ergonomic}
    uintx ProfiledCodeHeapSize                     = 122912730                              {pd product} {ergonomic}
    uintx ReservedCodeCacheSize                    = 251658240                              {pd product} {ergonomic}
     bool SegmentedCodeCache                       = true                                      {product} {ergonomic}
   size_t SoftMaxHeapSize                          = 2147483648                             {manageable} {ergonomic}
     bool UseCompressedOops                        = true                           {product lp64_product} {ergonomic}
     bool UseG1GC                                  = true                                      {product} {ergonomic}
     bool UseLargePagesIndividualAllocation        = false                                  {pd product} {ergonomic}

Logging:
Log output configuration:
 #0: stdout all=warning uptime,level,tags foldmultilines=false
 #1: stderr all=off uptime,level,tags foldmultilines=false

Environment Variables:
JAVA_HOME=C:\Program Files\Android\Android Studio\jbr
CLASSPATH=C:\Users\Hii\StudioProjects\project1\android\\gradle\wrapper\gradle-wrapper.jar
PATH=C:\Program Files\Android\Android Studio\jbr\bin;C:\Python313\Scripts\;C:\Python313\;C:\Program Files\Common Files\Oracle\Java\javapath;C:\Python312\Scripts\;C:\Python312\;C:\Windows\system32;C:\Windows;C:\Windows\System32\Wbem;C:\Windows\System32\WindowsPowerShell\v1.0\;C:\Windows\System32\OpenSSH\;C:\Program Files\Common Files\Autodesk Shared\;C:\Program Files\Microsoft SQL Server\120\Tools\Binn\;C:\ProgramData\chocolatey\bin;C:\Program Files\nodejs\;C:\laragon\maven-mvnd-1.0.2-windows-amd64\bin\bin;C:\flutter\bin;C:\Program Files\MySQL\MySQL Shell 8.0\bin\;C:\Users\Hii\AppData\Local\Microsoft\WindowsApps;C:\Program Files\MySQL\MySQL Server 8.0\bin;C:\Program Files\MySQL\MySQL Server 8.0\bin;C:\Users\Hii\AppData\Local\GitHubDesktop\bin;C:\Users\Hii\AppData\Local\Programs\Microsoft VS Code\bin;C:\Users\Hii\AppData\Roaming\npm;C:\flutter\bin;;C:\flutter\bin\mingit\cmd
USERNAME=Hii
OS=Windows_NT
PROCESSOR_IDENTIFIER=Intel64 Family 6 Model 142 Stepping 10, GenuineIntel
TMP=C:\Users\Hii\AppData\Local\Temp
TEMP=C:\Users\Hii\AppData\Local\Temp




Periodic native trim disabled

JNI global refs:
JNI global refs: 30, weak refs: 0

JNI global refs memory usage: 835, weak refs: 833

Process memory usage:
Resident Set Size: 423112K (10% of 4094540K total physical memory with 137416K free physical memory)

OOME stack traces (most recent first):
Classloader memory used:
Loader org.gradle.internal.classloader.VisitableURLClassLoader                         : 46101K
Loader org.gradle.internal.classloader.VisitableURLClassLoader$InstrumentingVisitableURLClassLoader: 38638K
Loader bootstrap                                                                       : 29407K
Loader org.gradle.initialization.MixInLegacyTypesClassLoader                           : 12975K
Loader jdk.internal.loader.ClassLoaders$PlatformClassLoader                            : 508K
Loader jdk.internal.loader.ClassLoaders$AppClassLoader                                 : 232K
Loader org.gradle.groovy.scripts.internal.DefaultScriptCompilationHandler$ScriptClassLoader: 218K
Loader jdk.internal.reflect.DelegatingClassLoader                                      : 215K
Loader org.gradle.internal.classloader.VisitableURLClassLoader                         : 184K
Loader org.codehaus.groovy.runtime.callsite.CallSiteClassLoader                        : 18568B


[error occurred during error reporting (Classloader stats), id 0xe0000001, Out of Memory Error (s\src\hotspot\share\memory\arena.cpp:168)]
---------------  S Y S T E M  ---------------

OS:
 Windows 10 , 64 bit Build 19041 (10.0.19041.5915)
OS uptime: 3 days 11:40 hours

CPU: total 4 (initial active 4) (2 cores per cpu, 2 threads per core) family 6 model 142 stepping 10 microcode 0xf6, cx8, cmov, fxsr, ht, mmx, 3dnowpref, sse, sse2, sse3, ssse3, sse4.1, sse4.2, popcnt, lzcnt, tsc, tscinvbit, avx, avx2, aes, erms, clmul, bmi1, bmi2, adx, fma, vzeroupper, clflush, clflushopt, rdtscp, f16c
Processor Information for the first 4 processors :
  Max Mhz: 2201, Current Mhz: 2201, Mhz Limit: 2201

Memory: 4k page, system-wide physical 3998M (133M free)
TotalPageFile size 16286M (AvailPageFile size 0M)
current process WorkingSet (physical memory assigned to process): 408M, peak: 480M
current process commit charge ("private bytes"): 602M, peak: 628M

vm_info: OpenJDK 64-Bit Server VM (21.0.6+-13368085-b895.109) for windows-amd64 JRE (21.0.6+-13368085-b895.109), built on 2025-04-16T17:01:31Z by "builder" with MS VC++ 16.10 / 16.11 (VS2019)

END.
