#
# There is insufficient memory for the Java Runtime Environment to continue.
# Native memory allocation (malloc) failed to allocate 32784 bytes. Error detail: Chunk::new
# Possible reasons:
#   The system is out of physical RAM or swap space
#   This process is running with CompressedOops enabled, and the Java Heap may be blocking the growth of the native heap
# Possible solutions:
#   Reduce memory load on the system
#   Increase physical memory or swap space
#   Check if swap backing store is full
#   Decrease Java heap size (-Xmx/-Xms)
#   Decrease number of Java threads
#   Decrease Java thread stack sizes (-Xss)
#   Set larger code cache with -XX:ReservedCodeCacheSize=
#   JVM is running with Unscaled Compressed Oops mode in which the Java heap is
#     placed in the first 4GB address space. The Java Heap base address is the
#     maximum limit for the native heap growth. Please use -XX:HeapBaseMinAddress
#     to set the Java Heap base and to place the Java Heap above 4GB virtual address.
# This output file may be truncated or incomplete.
#
#  Out of Memory Error (arena.cpp:168), pid=4304, tid=4648
#
# JRE version: OpenJDK Runtime Environment (21.0.6) (build 21.0.6+-13368085-b895.109)
# Java VM: OpenJDK 64-Bit Server VM (21.0.6+-13368085-b895.109, mixed mode, tiered, compressed oops, compressed class ptrs, g1 gc, windows-amd64)
# No core dump will be written. Minidumps are not enabled by default on client versions of Windows
#

---------------  S U M M A R Y ------------

Command Line: --add-opens=java.base/java.lang=ALL-UNNAMED --add-opens=java.base/java.lang.invoke=ALL-UNNAMED --add-opens=java.base/java.util=ALL-UNNAMED --add-opens=java.prefs/java.util.prefs=ALL-UNNAMED --add-exports=jdk.compiler/com.sun.tools.javac.api=ALL-UNNAMED --add-exports=jdk.compiler/com.sun.tools.javac.util=ALL-UNNAMED --add-opens=java.base/java.util=ALL-UNNAMED --add-opens=java.prefs/java.util.prefs=ALL-UNNAMED --add-opens=java.base/java.nio.charset=ALL-UNNAMED --add-opens=java.base/java.net=ALL-UNNAMED --add-opens=java.base/java.util.concurrent.atomic=ALL-UNNAMED --add-opens=java.xml/javax.xml.namespace=ALL-UNNAMED -XX:MaxMetaspaceSize=512m -XX:+HeapDumpOnOutOfMemoryError -Xmx2048m -Dfile.encoding=UTF-8 -Duser.country=US -Duser.language=en -Duser.variant -javaagent:C:\Users\Hii\.gradle\wrapper\dists\gradle-8.12-all\ejduaidbjup3bmmkhw3rie4zb\gradle-8.12\lib\agents\gradle-instrumentation-agent-8.12.jar org.gradle.launcher.daemon.bootstrap.GradleDaemon 8.12

Host: Intel(R) Core(TM) i3-8130U CPU @ 2.20GHz, 4 cores, 3G,  Windows 10 , 64 bit Build 19041 (10.0.19041.5915)
Time: Wed Jul  2 00:37:11 2025 India Standard Time elapsed time: 35.632376 seconds (0d 0h 0m 35s)

---------------  T H R E A D  ---------------

Current thread (0x000002637d846710):  JavaThread "C2 CompilerThread0" daemon [_thread_in_native, id=4648, stack(0x0000006bc9100000,0x0000006bc9200000) (1024K)]


Current CompileTask:
C2:35632 15346       4       java.io.DataInputStream::readUTF (501 bytes)

Stack: [0x0000006bc9100000,0x0000006bc9200000]
Native frames: (J=compiled Java code, j=interpreted, Vv=VM code, C=native code)
V  [jvm.dll+0x6d0639]
V  [jvm.dll+0x85eb03]
V  [jvm.dll+0x86105e]
V  [jvm.dll+0x861743]
V  [jvm.dll+0x27e6e6]
V  [jvm.dll+0xbff6d]
V  [jvm.dll+0xc04a3]
V  [jvm.dll+0xc0095]
V  [jvm.dll+0x6ad4cc]
V  [jvm.dll+0x60c3b7]
V  [jvm.dll+0x60878a]
V  [jvm.dll+0x5f0e86]
V  [jvm.dll+0x5f1665]
V  [jvm.dll+0x5f3d3d]
V  [jvm.dll+0x5f37cd]
V  [jvm.dll+0x5f36b0]
V  [jvm.dll+0x5fabdc]
V  [jvm.dll+0x250d92]
V  [jvm.dll+0x24963a]
V  [jvm.dll+0x24714e]
V  [jvm.dll+0x1c5f04]
V  [jvm.dll+0x2569ac]
V  [jvm.dll+0x254ef6]
V  [jvm.dll+0x3f0e96]
V  [jvm.dll+0x806ed8]
V  [jvm.dll+0x6cef0d]
C  [ucrtbase.dll+0x21bb2]
C  [KERNEL32.DLL+0x17374]
C  [ntdll.dll+0x4cc91]


---------------  P R O C E S S  ---------------

Threads class SMR info:
_java_thread_list=0x000002630da2a4b0, length=90, elements={
0x00000263668542d0, 0x000002637d822490, 0x000002637d825050, 0x000002637d841e80,
0x000002637d8424e0, 0x000002637d842f30, 0x000002637d843980, 0x000002637d846710,
0x000002637d84edc0, 0x000002637d605df0, 0x000002637db4f1b0, 0x000002637f289c60,
0x000002637ebe2760, 0x000002637e95e020, 0x00000263040a2a40, 0x00000263041424c0,
0x00000263042be8e0, 0x00000263042c9650, 0x00000263042ba0f0, 0x0000026304377ad0,
0x0000026304378160, 0x0000026304375370, 0x0000026304376720, 0x0000026304376090,
0x0000026304377440, 0x0000026304375a00, 0x0000026304374ce0, 0x0000026304376db0,
0x0000026305f9ca50, 0x0000026305f9c3c0, 0x0000026305f9b6a0, 0x0000026305f9d0e0,
0x0000026305f9de00, 0x00000263060b9d80, 0x00000263060bb7c0, 0x00000263060bbe50,
0x00000263060bd890, 0x00000263060bf960, 0x00000263060bfff0, 0x00000263060b9060,
0x00000263060bdf20, 0x00000263060c0680, 0x00000263060bb130, 0x00000263060ba410,
0x000002637eb40250, 0x000002637eb42320, 0x000002637eb464c0, 0x000002637eb429b0,
0x000002637eb44a80, 0x000002637eb3f530, 0x000002637eb408e0, 0x000002637eb45110,
0x000002637eb43040, 0x000002637eb457a0, 0x000002637eb46b50, 0x000002637eb3fbc0,
0x000002637eb45e30, 0x000002637eb41c90, 0x000002637eb40f70, 0x000002637eb41600,
0x000002637eb43d60, 0x000002637eb443f0, 0x00000263076cc090, 0x00000263076ce160,
0x00000263076d36b0, 0x00000263076cd440, 0x00000263076d0230, 0x00000263076d08c0,
0x00000263076d3020, 0x00000263076d15e0, 0x000002630cd42bb0, 0x000002630cd43240,
0x000002630d023660, 0x000002630d01c6d0, 0x000002630d01cd60, 0x000002630d01e110,
0x00000263075acc80, 0x00000263075ad310, 0x00000263075aa520, 0x00000263075abf60,
0x00000263075aabb0, 0x00000263075ad9a0, 0x0000026306556d70, 0x000002630655af10,
0x00000263065566e0, 0x0000026306557a90, 0x000002630729a710, 0x0000026307297fb0,
0x0000026307297920, 0x0000026307298640
}

Java Threads: ( => current thread )
  0x00000263668542d0 JavaThread "main"                              [_thread_blocked, id=16800, stack(0x0000006bc8300000,0x0000006bc8400000) (1024K)]
  0x000002637d822490 JavaThread "Reference Handler"          daemon [_thread_blocked, id=4652, stack(0x0000006bc8b00000,0x0000006bc8c00000) (1024K)]
  0x000002637d825050 JavaThread "Finalizer"                  daemon [_thread_blocked, id=7824, stack(0x0000006bc8c00000,0x0000006bc8d00000) (1024K)]
  0x000002637d841e80 JavaThread "Signal Dispatcher"          daemon [_thread_blocked, id=14476, stack(0x0000006bc8d00000,0x0000006bc8e00000) (1024K)]
  0x000002637d8424e0 JavaThread "Attach Listener"            daemon [_thread_blocked, id=11304, stack(0x0000006bc8e00000,0x0000006bc8f00000) (1024K)]
  0x000002637d842f30 JavaThread "Service Thread"             daemon [_thread_blocked, id=16028, stack(0x0000006bc8f00000,0x0000006bc9000000) (1024K)]
  0x000002637d843980 JavaThread "Monitor Deflation Thread"   daemon [_thread_blocked, id=8396, stack(0x0000006bc9000000,0x0000006bc9100000) (1024K)]
=>0x000002637d846710 JavaThread "C2 CompilerThread0"         daemon [_thread_in_native, id=4648, stack(0x0000006bc9100000,0x0000006bc9200000) (1024K)]
  0x000002637d84edc0 JavaThread "C1 CompilerThread0"         daemon [_thread_blocked, id=452, stack(0x0000006bc9200000,0x0000006bc9300000) (1024K)]
  0x000002637d605df0 JavaThread "Common-Cleaner"             daemon [_thread_blocked, id=9100, stack(0x0000006bc9300000,0x0000006bc9400000) (1024K)]
  0x000002637db4f1b0 JavaThread "Notification Thread"        daemon [_thread_blocked, id=16312, stack(0x0000006bc9400000,0x0000006bc9500000) (1024K)]
  0x000002637f289c60 JavaThread "Daemon health stats"               [_thread_blocked, id=3592, stack(0x0000006bc9900000,0x0000006bc9a00000) (1024K)]
  0x000002637ebe2760 JavaThread "Incoming local TCP Connector on port 59685"        [_thread_in_native, id=17124, stack(0x0000006bc9a00000,0x0000006bc9b00000) (1024K)]
  0x000002637e95e020 JavaThread "Daemon periodic checks"            [_thread_blocked, id=5640, stack(0x0000006bc9b00000,0x0000006bc9c00000) (1024K)]
  0x00000263040a2a40 JavaThread "Daemon"                            [_thread_blocked, id=5032, stack(0x0000006bc9c00000,0x0000006bc9d00000) (1024K)]
  0x00000263041424c0 JavaThread "Handler for socket connection from /127.0.0.1:59685 to /127.0.0.1:59686"        [_thread_in_native, id=12240, stack(0x0000006bc9d00000,0x0000006bc9e00000) (1024K)]
  0x00000263042be8e0 JavaThread "Cancel handler"                    [_thread_blocked, id=15008, stack(0x0000006bc9e00000,0x0000006bc9f00000) (1024K)]
  0x00000263042c9650 JavaThread "Daemon worker"                     [_thread_blocked, id=5580, stack(0x0000006bc9f00000,0x0000006bca000000) (1024K)]
  0x00000263042ba0f0 JavaThread "Asynchronous log dispatcher for DefaultDaemonConnection: socket connection from /127.0.0.1:59685 to /127.0.0.1:59686"        [_thread_blocked, id=5372, stack(0x0000006bca000000,0x0000006bca100000) (1024K)]
  0x0000026304377ad0 JavaThread "Stdin handler"                     [_thread_blocked, id=10736, stack(0x0000006bca100000,0x0000006bca200000) (1024K)]
  0x0000026304378160 JavaThread "Daemon client event forwarder"        [_thread_blocked, id=12584, stack(0x0000006bca200000,0x0000006bca300000) (1024K)]
  0x0000026304375370 JavaThread "Cache worker for journal cache (C:\Users\Hii\.gradle\caches\journal-1)"        [_thread_blocked, id=1524, stack(0x0000006bc9800000,0x0000006bc9900000) (1024K)]
  0x0000026304376720 JavaThread "File lock request listener"        [_thread_in_native, id=10796, stack(0x0000006bca300000,0x0000006bca400000) (1024K)]
  0x0000026304376090 JavaThread "Cache worker for file hash cache (C:\Users\Hii\.gradle\caches\8.12\fileHashes)"        [_thread_blocked, id=12908, stack(0x0000006bca400000,0x0000006bca500000) (1024K)]
  0x0000026304377440 JavaThread "Cache worker for file hash cache (C:\Users\Hii\StudioProjects\project1\android\.gradle\8.12\fileHashes)"        [_thread_blocked, id=6088, stack(0x0000006bca500000,0x0000006bca600000) (1024K)]
  0x0000026304375a00 JavaThread "Cache worker for Build Output Cleanup Cache (C:\Users\Hii\StudioProjects\project1\android\.gradle\buildOutputCleanup)"        [_thread_blocked, id=10928, stack(0x0000006bca600000,0x0000006bca700000) (1024K)]
  0x0000026304374ce0 JavaThread "File watcher server"        daemon [_thread_in_native, id=2396, stack(0x0000006bca700000,0x0000006bca800000) (1024K)]
  0x0000026304376db0 JavaThread "File watcher consumer"      daemon [_thread_blocked, id=5756, stack(0x0000006bca800000,0x0000006bca900000) (1024K)]
  0x0000026305f9ca50 JavaThread "Cache worker for checksums cache (C:\Users\Hii\StudioProjects\project1\android\.gradle\8.12\checksums)"        [_thread_blocked, id=9028, stack(0x0000006bca900000,0x0000006bcaa00000) (1024K)]
  0x0000026305f9c3c0 JavaThread "Cache worker for file content cache (C:\Users\Hii\.gradle\caches\8.12\fileContent)"        [_thread_blocked, id=9852, stack(0x0000006bcaa00000,0x0000006bcab00000) (1024K)]
  0x0000026305f9b6a0 JavaThread "Cache worker for cache directory md-rule (C:\Users\Hii\.gradle\caches\8.12\md-rule)"        [_thread_blocked, id=13264, stack(0x0000006bcab00000,0x0000006bcac00000) (1024K)]
  0x0000026305f9d0e0 JavaThread "Cache worker for cache directory md-supplier (C:\Users\Hii\.gradle\caches\8.12\md-supplier)"        [_thread_blocked, id=13872, stack(0x0000006bcac00000,0x0000006bcad00000) (1024K)]
  0x0000026305f9de00 JavaThread "Cache worker for Build Output Cleanup Cache (C:\flutter\packages\flutter_tools\gradle\.gradle\buildOutputCleanup)"        [_thread_blocked, id=556, stack(0x0000006bcad00000,0x0000006bcae00000) (1024K)]
  0x00000263060b9d80 JavaThread "Unconstrained build operations"        [_thread_blocked, id=11712, stack(0x0000006bcaf00000,0x0000006bcb000000) (1024K)]
  0x00000263060bb7c0 JavaThread "Unconstrained build operations Thread 2"        [_thread_blocked, id=18000, stack(0x0000006bcb000000,0x0000006bcb100000) (1024K)]
  0x00000263060bbe50 JavaThread "Unconstrained build operations Thread 3"        [_thread_blocked, id=7132, stack(0x0000006bcb100000,0x0000006bcb200000) (1024K)]
  0x00000263060bd890 JavaThread "Unconstrained build operations Thread 4"        [_thread_blocked, id=7800, stack(0x0000006bcb200000,0x0000006bcb300000) (1024K)]
  0x00000263060bf960 JavaThread "Unconstrained build operations Thread 5"        [_thread_blocked, id=11748, stack(0x0000006bcb300000,0x0000006bcb400000) (1024K)]
  0x00000263060bfff0 JavaThread "Unconstrained build operations Thread 6"        [_thread_blocked, id=1920, stack(0x0000006bcb400000,0x0000006bcb500000) (1024K)]
  0x00000263060b9060 JavaThread "Unconstrained build operations Thread 7"        [_thread_blocked, id=916, stack(0x0000006bcb500000,0x0000006bcb600000) (1024K)]
  0x00000263060bdf20 JavaThread "Unconstrained build operations Thread 8"        [_thread_blocked, id=11236, stack(0x0000006bcb600000,0x0000006bcb700000) (1024K)]
  0x00000263060c0680 JavaThread "Unconstrained build operations Thread 9"        [_thread_blocked, id=17512, stack(0x0000006bcb700000,0x0000006bcb800000) (1024K)]
  0x00000263060bb130 JavaThread "Memory manager"                    [_thread_blocked, id=3688, stack(0x0000006bcb800000,0x0000006bcb900000) (1024K)]
  0x00000263060ba410 JavaThread "build event listener"              [_thread_blocked, id=1052, stack(0x0000006bcae00000,0x0000006bcaf00000) (1024K)]
  0x000002637eb40250 JavaThread "included builds"                   [_thread_blocked, id=12400, stack(0x0000006bcb900000,0x0000006bcba00000) (1024K)]
  0x000002637eb42320 JavaThread "Execution worker"                  [_thread_blocked, id=3368, stack(0x0000006bcba00000,0x0000006bcbb00000) (1024K)]
  0x000002637eb464c0 JavaThread "Execution worker Thread 2"         [_thread_blocked, id=2584, stack(0x0000006bcbb00000,0x0000006bcbc00000) (1024K)]
  0x000002637eb429b0 JavaThread "Execution worker Thread 3"         [_thread_blocked, id=3952, stack(0x0000006bcbc00000,0x0000006bcbd00000) (1024K)]
  0x000002637eb44a80 JavaThread "Cache worker for execution history cache (C:\flutter\packages\flutter_tools\gradle\.gradle\8.12\executionHistory)"        [_thread_blocked, id=15960, stack(0x0000006bcbd00000,0x0000006bcbe00000) (1024K)]
  0x000002637eb3f530 JavaThread "Unconstrained build operations Thread 10"        [_thread_blocked, id=1540, stack(0x0000006bcbe00000,0x0000006bcbf00000) (1024K)]
  0x000002637eb408e0 JavaThread "Unconstrained build operations Thread 11"        [_thread_blocked, id=13104, stack(0x0000006bcbf00000,0x0000006bcc000000) (1024K)]
  0x000002637eb45110 JavaThread "Unconstrained build operations Thread 12"        [_thread_blocked, id=12344, stack(0x0000006bcc000000,0x0000006bcc100000) (1024K)]
  0x000002637eb43040 JavaThread "Unconstrained build operations Thread 13"        [_thread_blocked, id=17148, stack(0x0000006bcc100000,0x0000006bcc200000) (1024K)]
  0x000002637eb457a0 JavaThread "Unconstrained build operations Thread 14"        [_thread_blocked, id=15700, stack(0x0000006bcc200000,0x0000006bcc300000) (1024K)]
  0x000002637eb46b50 JavaThread "Unconstrained build operations Thread 15"        [_thread_blocked, id=16260, stack(0x0000006bcc300000,0x0000006bcc400000) (1024K)]
  0x000002637eb3fbc0 JavaThread "Unconstrained build operations Thread 16"        [_thread_blocked, id=17204, stack(0x0000006bcc400000,0x0000006bcc500000) (1024K)]
  0x000002637eb45e30 JavaThread "Unconstrained build operations Thread 17"        [_thread_blocked, id=6324, stack(0x0000006bcc500000,0x0000006bcc600000) (1024K)]
  0x000002637eb41c90 JavaThread "Unconstrained build operations Thread 18"        [_thread_blocked, id=13772, stack(0x0000006bcc600000,0x0000006bcc700000) (1024K)]
  0x000002637eb40f70 JavaThread "Unconstrained build operations Thread 19"        [_thread_blocked, id=15412, stack(0x0000006bcc700000,0x0000006bcc800000) (1024K)]
  0x000002637eb41600 JavaThread "Unconstrained build operations Thread 20"        [_thread_blocked, id=17880, stack(0x0000006bcc800000,0x0000006bcc900000) (1024K)]
  0x000002637eb43d60 JavaThread "Unconstrained build operations Thread 21"        [_thread_blocked, id=11704, stack(0x0000006bcc900000,0x0000006bcca00000) (1024K)]
  0x000002637eb443f0 JavaThread "Unconstrained build operations Thread 22"        [_thread_blocked, id=2240, stack(0x0000006bcca00000,0x0000006bccb00000) (1024K)]
  0x00000263076cc090 JavaThread "Unconstrained build operations Thread 23"        [_thread_blocked, id=7996, stack(0x0000006bccb00000,0x0000006bccc00000) (1024K)]
  0x00000263076ce160 JavaThread "Unconstrained build operations Thread 24"        [_thread_blocked, id=13000, stack(0x0000006bccc00000,0x0000006bccd00000) (1024K)]
  0x00000263076d36b0 JavaThread "Unconstrained build operations Thread 25"        [_thread_blocked, id=8660, stack(0x0000006bccd00000,0x0000006bcce00000) (1024K)]
  0x00000263076cd440 JavaThread "Unconstrained build operations Thread 26"        [_thread_blocked, id=2524, stack(0x0000006bcce00000,0x0000006bccf00000) (1024K)]
  0x00000263076d0230 JavaThread "Unconstrained build operations Thread 27"        [_thread_blocked, id=15628, stack(0x0000006bccf00000,0x0000006bcd000000) (1024K)]
  0x00000263076d08c0 JavaThread "Unconstrained build operations Thread 28"        [_thread_blocked, id=13808, stack(0x0000006bcd000000,0x0000006bcd100000) (1024K)]
  0x00000263076d3020 JavaThread "Unconstrained build operations Thread 29"        [_thread_blocked, id=1400, stack(0x0000006bcd100000,0x0000006bcd200000) (1024K)]
  0x00000263076d15e0 JavaThread "build event listener"              [_thread_blocked, id=9524, stack(0x0000006bcd200000,0x0000006bcd300000) (1024K)]
  0x000002630cd42bb0 JavaThread "Problems report writer"            [_thread_blocked, id=10460, stack(0x0000006bcd300000,0x0000006bcd400000) (1024K)]
  0x000002630cd43240 JavaThread "jar transforms"                    [_thread_blocked, id=11360, stack(0x0000006bcd400000,0x0000006bcd500000) (1024K)]
  0x000002630d023660 JavaThread "Unconstrained build operations Thread 30"        [_thread_blocked, id=8944, stack(0x0000006bcd500000,0x0000006bcd600000) (1024K)]
  0x000002630d01c6d0 JavaThread "Unconstrained build operations Thread 31"        [_thread_blocked, id=14260, stack(0x0000006bcd600000,0x0000006bcd700000) (1024K)]
  0x000002630d01cd60 JavaThread "Unconstrained build operations Thread 32"        [_thread_blocked, id=2404, stack(0x0000006bcd700000,0x0000006bcd800000) (1024K)]
  0x000002630d01e110 JavaThread "Unconstrained build operations Thread 33"        [_thread_blocked, id=13844, stack(0x0000006bcd800000,0x0000006bcd900000) (1024K)]
  0x00000263075acc80 JavaThread "Unconstrained build operations Thread 34"        [_thread_blocked, id=15376, stack(0x0000006bcd900000,0x0000006bcda00000) (1024K)]
  0x00000263075ad310 JavaThread "Unconstrained build operations Thread 35"        [_thread_blocked, id=2180, stack(0x0000006bcda00000,0x0000006bcdb00000) (1024K)]
  0x00000263075aa520 JavaThread "Unconstrained build operations Thread 36"        [_thread_blocked, id=12068, stack(0x0000006bcdb00000,0x0000006bcdc00000) (1024K)]
  0x00000263075abf60 JavaThread "Unconstrained build operations Thread 37"        [_thread_blocked, id=18064, stack(0x0000006bcdc00000,0x0000006bcdd00000) (1024K)]
  0x00000263075aabb0 JavaThread "Unconstrained build operations Thread 38"        [_thread_blocked, id=17032, stack(0x0000006bcdd00000,0x0000006bcde00000) (1024K)]
  0x00000263075ad9a0 JavaThread "jar transforms Thread 2"           [_thread_blocked, id=11164, stack(0x0000006bcde00000,0x0000006bcdf00000) (1024K)]
  0x0000026306556d70 JavaThread "jar transforms Thread 3"           [_thread_blocked, id=13788, stack(0x0000006bcdf00000,0x0000006bce000000) (1024K)]
  0x000002630655af10 JavaThread "Unconstrained build operations Thread 39"        [_thread_blocked, id=18324, stack(0x0000006bce000000,0x0000006bce100000) (1024K)]
  0x00000263065566e0 JavaThread "Unconstrained build operations Thread 40"        [_thread_blocked, id=1884, stack(0x0000006bce100000,0x0000006bce200000) (1024K)]
  0x0000026306557a90 JavaThread "jar transforms Thread 4"           [_thread_blocked, id=15304, stack(0x0000006bce200000,0x0000006bce300000) (1024K)]
  0x000002630729a710 JavaThread "Cache worker for execution history cache (C:\Users\Hii\StudioProjects\project1\android\.gradle\8.12\executionHistory)"        [_thread_blocked, id=2580, stack(0x0000006bce300000,0x0000006bce400000) (1024K)]
  0x0000026307297fb0 JavaThread "Exec process"                      [_thread_in_native, id=15800, stack(0x0000006bce400000,0x0000006bce500000) (1024K)]
  0x0000026307297920 JavaThread "Exec process Thread 2"             [_thread_in_native, id=16972, stack(0x0000006bce500000,0x0000006bce600000) (1024K)]
  0x0000026307298640 JavaThread "Exec process Thread 3"             [_thread_in_native, id=13044, stack(0x0000006bce600000,0x0000006bce700000) (1024K)]
Total: 90

Other Threads:
  0x000002637d65f940 VMThread "VM Thread"                           [id=3632, stack(0x0000006bc8a00000,0x0000006bc8b00000) (1024K)]
  0x000002637d605520 WatcherThread "VM Periodic Task Thread"        [id=17900, stack(0x0000006bc8900000,0x0000006bc8a00000) (1024K)]
  0x00000263668ac3a0 WorkerThread "GC Thread#0"                     [id=4532, stack(0x0000006bc8400000,0x0000006bc8500000) (1024K)]
  0x000002637dc4bc60 WorkerThread "GC Thread#1"                     [id=1712, stack(0x0000006bc9500000,0x0000006bc9600000) (1024K)]
  0x000002637dc47480 WorkerThread "GC Thread#2"                     [id=12476, stack(0x0000006bc9600000,0x0000006bc9700000) (1024K)]
  0x000002637df25590 WorkerThread "GC Thread#3"                     [id=11256, stack(0x0000006bc9700000,0x0000006bc9800000) (1024K)]
  0x00000263668bd400 ConcurrentGCThread "G1 Main Marker"            [id=7908, stack(0x0000006bc8500000,0x0000006bc8600000) (1024K)]
  0x00000263668bde10 WorkerThread "G1 Conc#0"                       [id=11136, stack(0x0000006bc8600000,0x0000006bc8700000) (1024K)]
  0x0000026366915b40 ConcurrentGCThread "G1 Refine#0"               [id=7212, stack(0x0000006bc8700000,0x0000006bc8800000) (1024K)]
  0x00000263669165c0 ConcurrentGCThread "G1 Service"                [id=5292, stack(0x0000006bc8800000,0x0000006bc8900000) (1024K)]
Total: 10

Threads with active compile tasks:
C2 CompilerThread0  35680 15346       4       java.io.DataInputStream::readUTF (501 bytes)
Total: 1

VM state: not at safepoint (normal execution)

VM Mutex/Monitor currently owned by a thread: None

Heap address: 0x0000000080000000, size: 2048 MB, Compressed Oops mode: 32-bit

CDS archive(s) not mapped
Compressed class space mapped at: 0x0000000100000000-0x000000011a000000, reserved size: 436207616
Narrow klass base: 0x0000000000000000, Narrow klass shift: 3, Narrow klass range: 0x11a000000

GC Precious Log:
 CardTable entry size: 512
 Card Set container configuration: InlinePtr #cards 5 size 8 Array Of Cards #cards 12 size 40 Howl #buckets 4 coarsen threshold 1843 Howl Bitmap #cards 512 size 80 coarsen threshold 460 Card regions per heap region 1 cards per card region 2048
 CPUs: 4 total, 4 available
 Memory: 3998M
 Large Page Support: Disabled
 NUMA Support: Disabled
 Compressed Oops: Enabled (32-bit)
 Heap Region Size: 1M
 Heap Min Capacity: 8M
 Heap Initial Capacity: 64M
 Heap Max Capacity: 2G
 Pre-touch: Disabled
 Parallel Workers: 4
 Concurrent Workers: 1
 Concurrent Refinement Workers: 4
 Periodic GC: Disabled

Heap:
 garbage-first heap   total 263168K, used 218112K [0x0000000080000000, 0x0000000100000000)
  region size 1024K, 67 young (68608K), 7 survivors (7168K)
 Metaspace       used 131661K, committed 134016K, reserved 557056K
  class space    used 17964K, committed 19136K, reserved 425984K

Heap Regions: E=young(eden), S=young(survivor), O=old, HS=humongous(starts), HC=humongous(continues), CS=collection set, F=free, TAMS=top-at-mark-start, PB=parsable bottom
|   0|0x0000000080000000, 0x0000000080100000, 0x0000000080100000|100%|HS|  |TAMS 0x0000000080000000| PB 0x0000000080000000| Complete 
|   1|0x0000000080100000, 0x0000000080200000, 0x0000000080200000|100%|HC|  |TAMS 0x0000000080100000| PB 0x0000000080100000| Complete 
|   2|0x0000000080200000, 0x0000000080300000, 0x0000000080300000|100%|HC|  |TAMS 0x0000000080200000| PB 0x0000000080200000| Complete 
|   3|0x0000000080300000, 0x0000000080400000, 0x0000000080400000|100%| O|  |TAMS 0x0000000080300000| PB 0x0000000080300000| Untracked 
|   4|0x0000000080400000, 0x0000000080500000, 0x0000000080500000|100%| O|  |TAMS 0x0000000080400000| PB 0x0000000080400000| Untracked 
|   5|0x0000000080500000, 0x0000000080600000, 0x0000000080600000|100%| O|  |TAMS 0x0000000080500000| PB 0x0000000080500000| Untracked 
|   6|0x0000000080600000, 0x0000000080700000, 0x0000000080700000|100%| O|  |TAMS 0x0000000080600000| PB 0x0000000080600000| Untracked 
|   7|0x0000000080700000, 0x0000000080800000, 0x0000000080800000|100%| O|  |TAMS 0x0000000080700000| PB 0x0000000080700000| Untracked 
|   8|0x0000000080800000, 0x0000000080900000, 0x0000000080900000|100%| O|  |TAMS 0x0000000080800000| PB 0x0000000080800000| Untracked 
|   9|0x0000000080900000, 0x0000000080a00000, 0x0000000080a00000|100%| O|  |TAMS 0x0000000080900000| PB 0x0000000080900000| Untracked 
|  10|0x0000000080a00000, 0x0000000080b00000, 0x0000000080b00000|100%|HS|  |TAMS 0x0000000080a00000| PB 0x0000000080a00000| Complete 
|  11|0x0000000080b00000, 0x0000000080c00000, 0x0000000080c00000|100%| O|  |TAMS 0x0000000080b00000| PB 0x0000000080b00000| Untracked 
|  12|0x0000000080c00000, 0x0000000080d00000, 0x0000000080d00000|100%| O|  |TAMS 0x0000000080c00000| PB 0x0000000080c00000| Untracked 
|  13|0x0000000080d00000, 0x0000000080e00000, 0x0000000080e00000|100%| O|  |TAMS 0x0000000080d00000| PB 0x0000000080d00000| Untracked 
|  14|0x0000000080e00000, 0x0000000080f00000, 0x0000000080f00000|100%| O|  |TAMS 0x0000000080e00000| PB 0x0000000080e00000| Untracked 
|  15|0x0000000080f00000, 0x0000000081000000, 0x0000000081000000|100%| O|  |TAMS 0x0000000080f00000| PB 0x0000000080f00000| Untracked 
|  16|0x0000000081000000, 0x0000000081100000, 0x0000000081100000|100%| O|  |TAMS 0x0000000081000000| PB 0x0000000081000000| Untracked 
|  17|0x0000000081100000, 0x0000000081200000, 0x0000000081200000|100%| O|  |TAMS 0x0000000081100000| PB 0x0000000081100000| Untracked 
|  18|0x0000000081200000, 0x0000000081300000, 0x0000000081300000|100%| O|  |TAMS 0x0000000081200000| PB 0x0000000081200000| Untracked 
|  19|0x0000000081300000, 0x0000000081400000, 0x0000000081400000|100%| O|  |TAMS 0x0000000081300000| PB 0x0000000081300000| Untracked 
|  20|0x0000000081400000, 0x0000000081500000, 0x0000000081500000|100%| O|  |TAMS 0x0000000081400000| PB 0x0000000081400000| Untracked 
|  21|0x0000000081500000, 0x0000000081600000, 0x0000000081600000|100%| O|  |TAMS 0x0000000081500000| PB 0x0000000081500000| Untracked 
|  22|0x0000000081600000, 0x0000000081700000, 0x0000000081700000|100%| O|  |TAMS 0x0000000081600000| PB 0x0000000081600000| Untracked 
|  23|0x0000000081700000, 0x0000000081800000, 0x0000000081800000|100%| O|  |TAMS 0x0000000081700000| PB 0x0000000081700000| Untracked 
|  24|0x0000000081800000, 0x0000000081900000, 0x0000000081900000|100%| O|  |TAMS 0x0000000081800000| PB 0x0000000081800000| Untracked 
|  25|0x0000000081900000, 0x0000000081a00000, 0x0000000081a00000|100%| O|  |TAMS 0x0000000081900000| PB 0x0000000081900000| Untracked 
|  26|0x0000000081a00000, 0x0000000081b00000, 0x0000000081b00000|100%| O|  |TAMS 0x0000000081a00000| PB 0x0000000081a00000| Untracked 
|  27|0x0000000081b00000, 0x0000000081c00000, 0x0000000081c00000|100%| O|  |TAMS 0x0000000081b00000| PB 0x0000000081b00000| Untracked 
|  28|0x0000000081c00000, 0x0000000081d00000, 0x0000000081d00000|100%| O|  |TAMS 0x0000000081c00000| PB 0x0000000081c00000| Untracked 
|  29|0x0000000081d00000, 0x0000000081e00000, 0x0000000081e00000|100%| O|  |TAMS 0x0000000081d00000| PB 0x0000000081d00000| Untracked 
|  30|0x0000000081e00000, 0x0000000081f00000, 0x0000000081f00000|100%| O|  |TAMS 0x0000000081e00000| PB 0x0000000081e00000| Untracked 
|  31|0x0000000081f00000, 0x0000000082000000, 0x0000000082000000|100%| O|  |TAMS 0x0000000081f00000| PB 0x0000000081f00000| Untracked 
|  32|0x0000000082000000, 0x0000000082100000, 0x0000000082100000|100%|HS|  |TAMS 0x0000000082000000| PB 0x0000000082000000| Complete 
|  33|0x0000000082100000, 0x0000000082200000, 0x0000000082200000|100%|HC|  |TAMS 0x0000000082100000| PB 0x0000000082100000| Complete 
|  34|0x0000000082200000, 0x0000000082300000, 0x0000000082300000|100%| O|  |TAMS 0x0000000082200000| PB 0x0000000082200000| Untracked 
|  35|0x0000000082300000, 0x0000000082400000, 0x0000000082400000|100%| O|  |TAMS 0x0000000082300000| PB 0x0000000082300000| Untracked 
|  36|0x0000000082400000, 0x0000000082500000, 0x0000000082500000|100%| O|  |TAMS 0x0000000082400000| PB 0x0000000082400000| Untracked 
|  37|0x0000000082500000, 0x0000000082600000, 0x0000000082600000|100%| O|  |TAMS 0x0000000082500000| PB 0x0000000082500000| Untracked 
|  38|0x0000000082600000, 0x0000000082700000, 0x0000000082700000|100%| O|  |TAMS 0x0000000082600000| PB 0x0000000082600000| Untracked 
|  39|0x0000000082700000, 0x0000000082800000, 0x0000000082800000|100%| O|  |TAMS 0x0000000082700000| PB 0x0000000082700000| Untracked 
|  40|0x0000000082800000, 0x0000000082900000, 0x0000000082900000|100%| O|  |TAMS 0x0000000082800000| PB 0x0000000082800000| Untracked 
|  41|0x0000000082900000, 0x0000000082a00000, 0x0000000082a00000|100%| O|  |TAMS 0x0000000082900000| PB 0x0000000082900000| Untracked 
|  42|0x0000000082a00000, 0x0000000082b00000, 0x0000000082b00000|100%| O|  |TAMS 0x0000000082a00000| PB 0x0000000082a00000| Untracked 
|  43|0x0000000082b00000, 0x0000000082c00000, 0x0000000082c00000|100%| O|  |TAMS 0x0000000082b00000| PB 0x0000000082b00000| Untracked 
|  44|0x0000000082c00000, 0x0000000082d00000, 0x0000000082d00000|100%| O|  |TAMS 0x0000000082c00000| PB 0x0000000082c00000| Untracked 
|  45|0x0000000082d00000, 0x0000000082e00000, 0x0000000082e00000|100%| O|  |TAMS 0x0000000082d00000| PB 0x0000000082d00000| Untracked 
|  46|0x0000000082e00000, 0x0000000082f00000, 0x0000000082f00000|100%| O|  |TAMS 0x0000000082e00000| PB 0x0000000082e00000| Untracked 
|  47|0x0000000082f00000, 0x0000000083000000, 0x0000000083000000|100%|HS|  |TAMS 0x0000000082f00000| PB 0x0000000082f00000| Complete 
|  48|0x0000000083000000, 0x0000000083100000, 0x0000000083100000|100%|HC|  |TAMS 0x0000000083000000| PB 0x0000000083000000| Complete 
|  49|0x0000000083100000, 0x0000000083200000, 0x0000000083200000|100%|HS|  |TAMS 0x0000000083100000| PB 0x0000000083100000| Complete 
|  50|0x0000000083200000, 0x0000000083300000, 0x0000000083300000|100%|HC|  |TAMS 0x0000000083200000| PB 0x0000000083200000| Complete 
|  51|0x0000000083300000, 0x0000000083400000, 0x0000000083400000|100%|HC|  |TAMS 0x0000000083300000| PB 0x0000000083300000| Complete 
|  52|0x0000000083400000, 0x0000000083500000, 0x0000000083500000|100%| O|  |TAMS 0x0000000083400000| PB 0x0000000083400000| Untracked 
|  53|0x0000000083500000, 0x0000000083600000, 0x0000000083600000|100%| O|  |TAMS 0x0000000083500000| PB 0x0000000083500000| Untracked 
|  54|0x0000000083600000, 0x0000000083700000, 0x0000000083700000|100%| O|  |TAMS 0x0000000083600000| PB 0x0000000083600000| Untracked 
|  55|0x0000000083700000, 0x0000000083800000, 0x0000000083800000|100%| O|  |TAMS 0x0000000083700000| PB 0x0000000083700000| Untracked 
|  56|0x0000000083800000, 0x0000000083900000, 0x0000000083900000|100%|HS|  |TAMS 0x0000000083800000| PB 0x0000000083800000| Complete 
|  57|0x0000000083900000, 0x0000000083a00000, 0x0000000083a00000|100%|HC|  |TAMS 0x0000000083900000| PB 0x0000000083900000| Complete 
|  58|0x0000000083a00000, 0x0000000083b00000, 0x0000000083b00000|100%|HC|  |TAMS 0x0000000083a00000| PB 0x0000000083a00000| Complete 
|  59|0x0000000083b00000, 0x0000000083c00000, 0x0000000083c00000|100%| O|  |TAMS 0x0000000083b00000| PB 0x0000000083b00000| Untracked 
|  60|0x0000000083c00000, 0x0000000083d00000, 0x0000000083d00000|100%| O|  |TAMS 0x0000000083c00000| PB 0x0000000083c00000| Untracked 
|  61|0x0000000083d00000, 0x0000000083e00000, 0x0000000083e00000|100%| O|  |TAMS 0x0000000083d00000| PB 0x0000000083d00000| Untracked 
|  62|0x0000000083e00000, 0x0000000083f00000, 0x0000000083f00000|100%| O|  |TAMS 0x0000000083e00000| PB 0x0000000083e00000| Untracked 
|  63|0x0000000083f00000, 0x0000000084000000, 0x0000000084000000|100%| O|  |TAMS 0x0000000083f00000| PB 0x0000000083f00000| Untracked 
|  64|0x0000000084000000, 0x0000000084100000, 0x0000000084100000|100%| O|  |TAMS 0x0000000084000000| PB 0x0000000084000000| Untracked 
|  65|0x0000000084100000, 0x0000000084200000, 0x0000000084200000|100%| O|  |TAMS 0x0000000084100000| PB 0x0000000084100000| Untracked 
|  66|0x0000000084200000, 0x0000000084300000, 0x0000000084300000|100%| O|  |TAMS 0x0000000084200000| PB 0x0000000084200000| Untracked 
|  67|0x0000000084300000, 0x0000000084400000, 0x0000000084400000|100%| O|  |TAMS 0x0000000084300000| PB 0x0000000084300000| Untracked 
|  68|0x0000000084400000, 0x0000000084500000, 0x0000000084500000|100%|HS|  |TAMS 0x0000000084400000| PB 0x0000000084400000| Complete 
|  69|0x0000000084500000, 0x0000000084600000, 0x0000000084600000|100%|HS|  |TAMS 0x0000000084500000| PB 0x0000000084500000| Complete 
|  70|0x0000000084600000, 0x0000000084700000, 0x0000000084700000|100%|HS|  |TAMS 0x0000000084600000| PB 0x0000000084600000| Complete 
|  71|0x0000000084700000, 0x0000000084800000, 0x0000000084800000|100%|HC|  |TAMS 0x0000000084700000| PB 0x0000000084700000| Complete 
|  72|0x0000000084800000, 0x0000000084900000, 0x0000000084900000|100%|HS|  |TAMS 0x0000000084800000| PB 0x0000000084800000| Complete 
|  73|0x0000000084900000, 0x0000000084a00000, 0x0000000084a00000|100%|HS|  |TAMS 0x0000000084900000| PB 0x0000000084900000| Complete 
|  74|0x0000000084a00000, 0x0000000084b00000, 0x0000000084b00000|100%| O|  |TAMS 0x0000000084a00000| PB 0x0000000084a00000| Untracked 
|  75|0x0000000084b00000, 0x0000000084c00000, 0x0000000084c00000|100%|HS|  |TAMS 0x0000000084b00000| PB 0x0000000084b00000| Complete 
|  76|0x0000000084c00000, 0x0000000084d00000, 0x0000000084d00000|100%|HC|  |TAMS 0x0000000084c00000| PB 0x0000000084c00000| Complete 
|  77|0x0000000084d00000, 0x0000000084e00000, 0x0000000084e00000|100%|HS|  |TAMS 0x0000000084d00000| PB 0x0000000084d00000| Complete 
|  78|0x0000000084e00000, 0x0000000084f00000, 0x0000000084f00000|100%|HS|  |TAMS 0x0000000084e00000| PB 0x0000000084e00000| Complete 
|  79|0x0000000084f00000, 0x0000000085000000, 0x0000000085000000|100%| O|  |TAMS 0x0000000084f00000| PB 0x0000000084f00000| Untracked 
|  80|0x0000000085000000, 0x0000000085100000, 0x0000000085100000|100%| O|  |TAMS 0x0000000085000000| PB 0x0000000085000000| Untracked 
|  81|0x0000000085100000, 0x0000000085200000, 0x0000000085200000|100%| O|  |TAMS 0x0000000085100000| PB 0x0000000085100000| Untracked 
|  82|0x0000000085200000, 0x0000000085300000, 0x0000000085300000|100%| O|  |TAMS 0x0000000085200000| PB 0x0000000085200000| Untracked 
|  83|0x0000000085300000, 0x0000000085400000, 0x0000000085400000|100%| O|  |TAMS 0x0000000085300000| PB 0x0000000085300000| Untracked 
|  84|0x0000000085400000, 0x0000000085500000, 0x0000000085500000|100%| O|  |TAMS 0x0000000085400000| PB 0x0000000085400000| Untracked 
|  85|0x0000000085500000, 0x0000000085600000, 0x0000000085600000|100%|HS|  |TAMS 0x0000000085500000| PB 0x0000000085500000| Complete 
|  86|0x0000000085600000, 0x0000000085700000, 0x0000000085700000|100%| O|  |TAMS 0x0000000085600000| PB 0x0000000085600000| Untracked 
|  87|0x0000000085700000, 0x0000000085800000, 0x0000000085800000|100%| O|  |TAMS 0x0000000085700000| PB 0x0000000085700000| Untracked 
|  88|0x0000000085800000, 0x0000000085900000, 0x0000000085900000|100%| O|  |TAMS 0x0000000085800000| PB 0x0000000085800000| Untracked 
|  89|0x0000000085900000, 0x0000000085a00000, 0x0000000085a00000|100%| O|  |TAMS 0x0000000085900000| PB 0x0000000085900000| Untracked 
|  90|0x0000000085a00000, 0x0000000085b00000, 0x0000000085b00000|100%| O|  |TAMS 0x0000000085a00000| PB 0x0000000085a00000| Untracked 
|  91|0x0000000085b00000, 0x0000000085c00000, 0x0000000085c00000|100%| O|  |TAMS 0x0000000085b00000| PB 0x0000000085b00000| Untracked 
|  92|0x0000000085c00000, 0x0000000085d00000, 0x0000000085d00000|100%| O|  |TAMS 0x0000000085c00000| PB 0x0000000085c00000| Untracked 
|  93|0x0000000085d00000, 0x0000000085e00000, 0x0000000085e00000|100%| O|  |TAMS 0x0000000085d00000| PB 0x0000000085d00000| Untracked 
|  94|0x0000000085e00000, 0x0000000085f00000, 0x0000000085f00000|100%| O|  |TAMS 0x0000000085e00000| PB 0x0000000085e00000| Untracked 
|  95|0x0000000085f00000, 0x0000000086000000, 0x0000000086000000|100%| O|  |TAMS 0x0000000085f00000| PB 0x0000000085f00000| Untracked 
|  96|0x0000000086000000, 0x0000000086100000, 0x0000000086100000|100%| O|  |TAMS 0x0000000086000000| PB 0x0000000086000000| Untracked 
|  97|0x0000000086100000, 0x0000000086200000, 0x0000000086200000|100%| O|  |TAMS 0x0000000086100000| PB 0x0000000086100000| Untracked 
|  98|0x0000000086200000, 0x0000000086300000, 0x0000000086300000|100%| O|  |TAMS 0x0000000086200000| PB 0x0000000086200000| Untracked 
|  99|0x0000000086300000, 0x0000000086400000, 0x0000000086400000|100%| O|  |TAMS 0x0000000086300000| PB 0x0000000086300000| Untracked 
| 100|0x0000000086400000, 0x0000000086500000, 0x0000000086500000|100%| O|  |TAMS 0x0000000086400000| PB 0x0000000086400000| Untracked 
| 101|0x0000000086500000, 0x0000000086600000, 0x0000000086600000|100%| O|  |TAMS 0x0000000086500000| PB 0x0000000086500000| Untracked 
| 102|0x0000000086600000, 0x0000000086700000, 0x0000000086700000|100%| O|  |TAMS 0x0000000086600000| PB 0x0000000086600000| Untracked 
| 103|0x0000000086700000, 0x0000000086800000, 0x0000000086800000|100%| O|  |TAMS 0x0000000086700000| PB 0x0000000086700000| Untracked 
| 104|0x0000000086800000, 0x0000000086900000, 0x0000000086900000|100%| O|  |TAMS 0x0000000086800000| PB 0x0000000086800000| Untracked 
| 105|0x0000000086900000, 0x0000000086a00000, 0x0000000086a00000|100%| O|  |TAMS 0x0000000086900000| PB 0x0000000086900000| Untracked 
| 106|0x0000000086a00000, 0x0000000086b00000, 0x0000000086b00000|100%| O|  |TAMS 0x0000000086a00000| PB 0x0000000086a00000| Untracked 
| 107|0x0000000086b00000, 0x0000000086c00000, 0x0000000086c00000|100%| O|  |TAMS 0x0000000086b00000| PB 0x0000000086b00000| Untracked 
| 108|0x0000000086c00000, 0x0000000086d00000, 0x0000000086d00000|100%| O|  |TAMS 0x0000000086c00000| PB 0x0000000086c00000| Untracked 
| 109|0x0000000086d00000, 0x0000000086e00000, 0x0000000086e00000|100%| O|  |TAMS 0x0000000086d00000| PB 0x0000000086d00000| Untracked 
| 110|0x0000000086e00000, 0x0000000086f00000, 0x0000000086f00000|100%| O|Cm|TAMS 0x0000000086e00000| PB 0x0000000086e00000| Complete 
| 111|0x0000000086f00000, 0x0000000087000000, 0x0000000087000000|100%|HS|  |TAMS 0x0000000086f00000| PB 0x0000000086f00000| Complete 
| 112|0x0000000087000000, 0x0000000087100000, 0x0000000087100000|100%|HS|  |TAMS 0x0000000087000000| PB 0x0000000087000000| Complete 
| 113|0x0000000087100000, 0x0000000087200000, 0x0000000087200000|100%|HC|  |TAMS 0x0000000087100000| PB 0x0000000087100000| Complete 
| 114|0x0000000087200000, 0x0000000087300000, 0x0000000087300000|100%|HS|  |TAMS 0x0000000087200000| PB 0x0000000087200000| Complete 
| 115|0x0000000087300000, 0x0000000087400000, 0x0000000087400000|100%|HS|  |TAMS 0x0000000087300000| PB 0x0000000087300000| Complete 
| 116|0x0000000087400000, 0x0000000087500000, 0x0000000087500000|100%|HC|  |TAMS 0x0000000087400000| PB 0x0000000087400000| Complete 
| 117|0x0000000087500000, 0x0000000087600000, 0x0000000087600000|100%|HC|  |TAMS 0x0000000087500000| PB 0x0000000087500000| Complete 
| 118|0x0000000087600000, 0x0000000087700000, 0x0000000087700000|100%|HC|  |TAMS 0x0000000087600000| PB 0x0000000087600000| Complete 
| 119|0x0000000087700000, 0x0000000087800000, 0x0000000087800000|100%|HS|  |TAMS 0x0000000087700000| PB 0x0000000087700000| Complete 
| 120|0x0000000087800000, 0x0000000087900000, 0x0000000087900000|100%| O|  |TAMS 0x0000000087800000| PB 0x0000000087800000| Untracked 
| 121|0x0000000087900000, 0x0000000087a00000, 0x0000000087a00000|100%| O|  |TAMS 0x0000000087900000| PB 0x0000000087900000| Untracked 
| 122|0x0000000087a00000, 0x0000000087b00000, 0x0000000087b00000|100%|HS|  |TAMS 0x0000000087a00000| PB 0x0000000087a00000| Complete 
| 123|0x0000000087b00000, 0x0000000087c00000, 0x0000000087c00000|100%| O|  |TAMS 0x0000000087b00000| PB 0x0000000087b00000| Untracked 
| 124|0x0000000087c00000, 0x0000000087d00000, 0x0000000087d00000|100%| O|  |TAMS 0x0000000087c00000| PB 0x0000000087c00000| Untracked 
| 125|0x0000000087d00000, 0x0000000087e00000, 0x0000000087e00000|100%| O|  |TAMS 0x0000000087d00000| PB 0x0000000087d00000| Untracked 
| 126|0x0000000087e00000, 0x0000000087f00000, 0x0000000087f00000|100%| O|  |TAMS 0x0000000087e00000| PB 0x0000000087e00000| Untracked 
| 127|0x0000000087f00000, 0x0000000088000000, 0x0000000088000000|100%| O|  |TAMS 0x0000000087f00000| PB 0x0000000087f00000| Untracked 
| 128|0x0000000088000000, 0x0000000088000000, 0x0000000088100000|  0%| F|  |TAMS 0x0000000088000000| PB 0x0000000088000000| Untracked 
| 129|0x0000000088100000, 0x0000000088100000, 0x0000000088200000|  0%| F|  |TAMS 0x0000000088100000| PB 0x0000000088100000| Untracked 
| 130|0x0000000088200000, 0x0000000088200000, 0x0000000088300000|  0%| F|  |TAMS 0x0000000088200000| PB 0x0000000088200000| Untracked 
| 131|0x0000000088300000, 0x0000000088300000, 0x0000000088400000|  0%| F|  |TAMS 0x0000000088300000| PB 0x0000000088300000| Untracked 
| 132|0x0000000088400000, 0x0000000088400000, 0x0000000088500000|  0%| F|  |TAMS 0x0000000088400000| PB 0x0000000088400000| Untracked 
| 133|0x0000000088500000, 0x0000000088500000, 0x0000000088600000|  0%| F|  |TAMS 0x0000000088500000| PB 0x0000000088500000| Untracked 
| 134|0x0000000088600000, 0x0000000088700000, 0x0000000088700000|100%| S|CS|TAMS 0x0000000088600000| PB 0x0000000088600000| Complete 
| 135|0x0000000088700000, 0x0000000088800000, 0x0000000088800000|100%| S|CS|TAMS 0x0000000088700000| PB 0x0000000088700000| Complete 
| 136|0x0000000088800000, 0x0000000088900000, 0x0000000088900000|100%|HS|  |TAMS 0x0000000088800000| PB 0x0000000088800000| Complete 
| 137|0x0000000088900000, 0x0000000088a00000, 0x0000000088a00000|100%| S|CS|TAMS 0x0000000088900000| PB 0x0000000088900000| Complete 
| 138|0x0000000088a00000, 0x0000000088b00000, 0x0000000088b00000|100%| O|Cm|TAMS 0x0000000088a00000| PB 0x0000000088a00000| Complete 
| 139|0x0000000088b00000, 0x0000000088c00000, 0x0000000088c00000|100%| O|  |TAMS 0x0000000088b00000| PB 0x0000000088b00000| Untracked 
| 140|0x0000000088c00000, 0x0000000088d00000, 0x0000000088d00000|100%| O|  |TAMS 0x0000000088c00000| PB 0x0000000088c00000| Untracked 
| 141|0x0000000088d00000, 0x0000000088e00000, 0x0000000088e00000|100%| O|  |TAMS 0x0000000088d00000| PB 0x0000000088d00000| Untracked 
| 142|0x0000000088e00000, 0x0000000088f00000, 0x0000000088f00000|100%| O|Cm|TAMS 0x0000000088e00000| PB 0x0000000088e00000| Complete 
| 143|0x0000000088f00000, 0x0000000089000000, 0x0000000089000000|100%| O|  |TAMS 0x0000000088f00000| PB 0x0000000088f00000| Untracked 
| 144|0x0000000089000000, 0x0000000089100000, 0x0000000089100000|100%| O|  |TAMS 0x0000000089000000| PB 0x0000000089000000| Untracked 
| 145|0x0000000089100000, 0x0000000089200000, 0x0000000089200000|100%| O|  |TAMS 0x0000000089100000| PB 0x0000000089100000| Untracked 
| 146|0x0000000089200000, 0x0000000089300000, 0x0000000089300000|100%| O|  |TAMS 0x0000000089200000| PB 0x0000000089200000| Untracked 
| 147|0x0000000089300000, 0x0000000089400000, 0x0000000089400000|100%| O|  |TAMS 0x0000000089300000| PB 0x0000000089300000| Untracked 
| 148|0x0000000089400000, 0x0000000089500000, 0x0000000089500000|100%| O|  |TAMS 0x0000000089400000| PB 0x0000000089400000| Untracked 
| 149|0x0000000089500000, 0x0000000089600000, 0x0000000089600000|100%| O|  |TAMS 0x0000000089500000| PB 0x0000000089500000| Untracked 
| 150|0x0000000089600000, 0x0000000089700000, 0x0000000089700000|100%| O|  |TAMS 0x0000000089600000| PB 0x0000000089600000| Untracked 
| 151|0x0000000089700000, 0x0000000089800000, 0x0000000089800000|100%| O|  |TAMS 0x0000000089700000| PB 0x0000000089700000| Untracked 
| 152|0x0000000089800000, 0x0000000089900000, 0x0000000089900000|100%| O|  |TAMS 0x0000000089800000| PB 0x0000000089800000| Untracked 
| 153|0x0000000089900000, 0x0000000089900000, 0x0000000089a00000|  0%| F|  |TAMS 0x0000000089900000| PB 0x0000000089900000| Untracked 
| 154|0x0000000089a00000, 0x0000000089a00000, 0x0000000089b00000|  0%| F|  |TAMS 0x0000000089a00000| PB 0x0000000089a00000| Untracked 
| 155|0x0000000089b00000, 0x0000000089b00000, 0x0000000089c00000|  0%| F|  |TAMS 0x0000000089b00000| PB 0x0000000089b00000| Untracked 
| 156|0x0000000089c00000, 0x0000000089c00000, 0x0000000089d00000|  0%| F|  |TAMS 0x0000000089c00000| PB 0x0000000089c00000| Untracked 
| 157|0x0000000089d00000, 0x0000000089d00000, 0x0000000089e00000|  0%| F|  |TAMS 0x0000000089d00000| PB 0x0000000089d00000| Untracked 
| 158|0x0000000089e00000, 0x0000000089e00000, 0x0000000089f00000|  0%| F|  |TAMS 0x0000000089e00000| PB 0x0000000089e00000| Untracked 
| 159|0x0000000089f00000, 0x0000000089f00000, 0x000000008a000000|  0%| F|  |TAMS 0x0000000089f00000| PB 0x0000000089f00000| Untracked 
| 160|0x000000008a000000, 0x000000008a100000, 0x000000008a100000|100%| S|CS|TAMS 0x000000008a000000| PB 0x000000008a000000| Complete 
| 161|0x000000008a100000, 0x000000008a200000, 0x000000008a200000|100%| S|CS|TAMS 0x000000008a100000| PB 0x000000008a100000| Complete 
| 162|0x000000008a200000, 0x000000008a300000, 0x000000008a300000|100%| S|CS|TAMS 0x000000008a200000| PB 0x000000008a200000| Complete 
| 163|0x000000008a300000, 0x000000008a400000, 0x000000008a400000|100%| S|CS|TAMS 0x000000008a300000| PB 0x000000008a300000| Complete 
| 164|0x000000008a400000, 0x000000008a400000, 0x000000008a500000|  0%| F|  |TAMS 0x000000008a400000| PB 0x000000008a400000| Untracked 
| 165|0x000000008a500000, 0x000000008a500000, 0x000000008a600000|  0%| F|  |TAMS 0x000000008a500000| PB 0x000000008a500000| Untracked 
| 166|0x000000008a600000, 0x000000008a600000, 0x000000008a700000|  0%| F|  |TAMS 0x000000008a600000| PB 0x000000008a600000| Untracked 
| 167|0x000000008a700000, 0x000000008a700000, 0x000000008a800000|  0%| F|  |TAMS 0x000000008a700000| PB 0x000000008a700000| Untracked 
| 168|0x000000008a800000, 0x000000008a800000, 0x000000008a900000|  0%| F|  |TAMS 0x000000008a800000| PB 0x000000008a800000| Untracked 
| 169|0x000000008a900000, 0x000000008a900000, 0x000000008aa00000|  0%| F|  |TAMS 0x000000008a900000| PB 0x000000008a900000| Untracked 
| 170|0x000000008aa00000, 0x000000008aa00000, 0x000000008ab00000|  0%| F|  |TAMS 0x000000008aa00000| PB 0x000000008aa00000| Untracked 
| 171|0x000000008ab00000, 0x000000008ab00000, 0x000000008ac00000|  0%| F|  |TAMS 0x000000008ab00000| PB 0x000000008ab00000| Untracked 
| 172|0x000000008ac00000, 0x000000008ac00000, 0x000000008ad00000|  0%| F|  |TAMS 0x000000008ac00000| PB 0x000000008ac00000| Untracked 
| 173|0x000000008ad00000, 0x000000008ad00000, 0x000000008ae00000|  0%| F|  |TAMS 0x000000008ad00000| PB 0x000000008ad00000| Untracked 
| 174|0x000000008ae00000, 0x000000008ae00000, 0x000000008af00000|  0%| F|  |TAMS 0x000000008ae00000| PB 0x000000008ae00000| Untracked 
| 175|0x000000008af00000, 0x000000008af00000, 0x000000008b000000|  0%| F|  |TAMS 0x000000008af00000| PB 0x000000008af00000| Untracked 
| 176|0x000000008b000000, 0x000000008b000000, 0x000000008b100000|  0%| F|  |TAMS 0x000000008b000000| PB 0x000000008b000000| Untracked 
| 177|0x000000008b100000, 0x000000008b100000, 0x000000008b200000|  0%| F|  |TAMS 0x000000008b100000| PB 0x000000008b100000| Untracked 
| 178|0x000000008b200000, 0x000000008b200000, 0x000000008b300000|  0%| F|  |TAMS 0x000000008b200000| PB 0x000000008b200000| Untracked 
| 179|0x000000008b300000, 0x000000008b300000, 0x000000008b400000|  0%| F|  |TAMS 0x000000008b300000| PB 0x000000008b300000| Untracked 
| 180|0x000000008b400000, 0x000000008b400000, 0x000000008b500000|  0%| F|  |TAMS 0x000000008b400000| PB 0x000000008b400000| Untracked 
| 181|0x000000008b500000, 0x000000008b500000, 0x000000008b600000|  0%| F|  |TAMS 0x000000008b500000| PB 0x000000008b500000| Untracked 
| 182|0x000000008b600000, 0x000000008b600000, 0x000000008b700000|  0%| F|  |TAMS 0x000000008b600000| PB 0x000000008b600000| Untracked 
| 183|0x000000008b700000, 0x000000008b700000, 0x000000008b800000|  0%| F|  |TAMS 0x000000008b700000| PB 0x000000008b700000| Untracked 
| 184|0x000000008b800000, 0x000000008b800000, 0x000000008b900000|  0%| F|  |TAMS 0x000000008b800000| PB 0x000000008b800000| Untracked 
| 185|0x000000008b900000, 0x000000008b900000, 0x000000008ba00000|  0%| F|  |TAMS 0x000000008b900000| PB 0x000000008b900000| Untracked 
| 186|0x000000008ba00000, 0x000000008ba00000, 0x000000008bb00000|  0%| F|  |TAMS 0x000000008ba00000| PB 0x000000008ba00000| Untracked 
| 187|0x000000008bb00000, 0x000000008bb00000, 0x000000008bc00000|  0%| F|  |TAMS 0x000000008bb00000| PB 0x000000008bb00000| Untracked 
| 188|0x000000008bc00000, 0x000000008bc00000, 0x000000008bd00000|  0%| F|  |TAMS 0x000000008bc00000| PB 0x000000008bc00000| Untracked 
| 189|0x000000008bd00000, 0x000000008bd00000, 0x000000008be00000|  0%| F|  |TAMS 0x000000008bd00000| PB 0x000000008bd00000| Untracked 
| 190|0x000000008be00000, 0x000000008be00000, 0x000000008bf00000|  0%| F|  |TAMS 0x000000008be00000| PB 0x000000008be00000| Untracked 
| 191|0x000000008bf00000, 0x000000008bf00000, 0x000000008c000000|  0%| F|  |TAMS 0x000000008bf00000| PB 0x000000008bf00000| Untracked 
| 192|0x000000008c000000, 0x000000008c000000, 0x000000008c100000|  0%| F|  |TAMS 0x000000008c000000| PB 0x000000008c000000| Untracked 
| 193|0x000000008c100000, 0x000000008c100000, 0x000000008c200000|  0%| F|  |TAMS 0x000000008c100000| PB 0x000000008c100000| Untracked 
| 194|0x000000008c200000, 0x000000008c2beaa0, 0x000000008c300000| 74%| E|  |TAMS 0x000000008c200000| PB 0x000000008c200000| Complete 
| 195|0x000000008c300000, 0x000000008c400000, 0x000000008c400000|100%| E|CS|TAMS 0x000000008c300000| PB 0x000000008c300000| Complete 
| 196|0x000000008c400000, 0x000000008c500000, 0x000000008c500000|100%| E|CS|TAMS 0x000000008c400000| PB 0x000000008c400000| Complete 
| 197|0x000000008c500000, 0x000000008c600000, 0x000000008c600000|100%| E|CS|TAMS 0x000000008c500000| PB 0x000000008c500000| Complete 
| 198|0x000000008c600000, 0x000000008c700000, 0x000000008c700000|100%| E|CS|TAMS 0x000000008c600000| PB 0x000000008c600000| Complete 
| 199|0x000000008c700000, 0x000000008c800000, 0x000000008c800000|100%| E|CS|TAMS 0x000000008c700000| PB 0x000000008c700000| Complete 
| 200|0x000000008c800000, 0x000000008c900000, 0x000000008c900000|100%| E|CS|TAMS 0x000000008c800000| PB 0x000000008c800000| Complete 
| 201|0x000000008c900000, 0x000000008ca00000, 0x000000008ca00000|100%| E|CS|TAMS 0x000000008c900000| PB 0x000000008c900000| Complete 
| 202|0x000000008ca00000, 0x000000008cb00000, 0x000000008cb00000|100%| E|CS|TAMS 0x000000008ca00000| PB 0x000000008ca00000| Complete 
| 203|0x000000008cb00000, 0x000000008cc00000, 0x000000008cc00000|100%| E|CS|TAMS 0x000000008cb00000| PB 0x000000008cb00000| Complete 
| 204|0x000000008cc00000, 0x000000008cd00000, 0x000000008cd00000|100%| E|CS|TAMS 0x000000008cc00000| PB 0x000000008cc00000| Complete 
| 205|0x000000008cd00000, 0x000000008ce00000, 0x000000008ce00000|100%| E|CS|TAMS 0x000000008cd00000| PB 0x000000008cd00000| Complete 
| 206|0x000000008ce00000, 0x000000008cf00000, 0x000000008cf00000|100%| E|CS|TAMS 0x000000008ce00000| PB 0x000000008ce00000| Complete 
| 207|0x000000008cf00000, 0x000000008d000000, 0x000000008d000000|100%| E|CS|TAMS 0x000000008cf00000| PB 0x000000008cf00000| Complete 
| 208|0x000000008d000000, 0x000000008d100000, 0x000000008d100000|100%| E|CS|TAMS 0x000000008d000000| PB 0x000000008d000000| Complete 
| 209|0x000000008d100000, 0x000000008d200000, 0x000000008d200000|100%| E|CS|TAMS 0x000000008d100000| PB 0x000000008d100000| Complete 
| 210|0x000000008d200000, 0x000000008d300000, 0x000000008d300000|100%| E|CS|TAMS 0x000000008d200000| PB 0x000000008d200000| Complete 
| 211|0x000000008d300000, 0x000000008d400000, 0x000000008d400000|100%| E|CS|TAMS 0x000000008d300000| PB 0x000000008d300000| Complete 
| 212|0x000000008d400000, 0x000000008d500000, 0x000000008d500000|100%| E|CS|TAMS 0x000000008d400000| PB 0x000000008d400000| Complete 
| 213|0x000000008d500000, 0x000000008d600000, 0x000000008d600000|100%| E|CS|TAMS 0x000000008d500000| PB 0x000000008d500000| Complete 
| 214|0x000000008d600000, 0x000000008d700000, 0x000000008d700000|100%| E|CS|TAMS 0x000000008d600000| PB 0x000000008d600000| Complete 
| 215|0x000000008d700000, 0x000000008d800000, 0x000000008d800000|100%| E|CS|TAMS 0x000000008d700000| PB 0x000000008d700000| Complete 
| 216|0x000000008d800000, 0x000000008d900000, 0x000000008d900000|100%| E|CS|TAMS 0x000000008d800000| PB 0x000000008d800000| Complete 
| 217|0x000000008d900000, 0x000000008da00000, 0x000000008da00000|100%| E|CS|TAMS 0x000000008d900000| PB 0x000000008d900000| Complete 
| 218|0x000000008da00000, 0x000000008db00000, 0x000000008db00000|100%| E|CS|TAMS 0x000000008da00000| PB 0x000000008da00000| Complete 
| 219|0x000000008db00000, 0x000000008dc00000, 0x000000008dc00000|100%| E|CS|TAMS 0x000000008db00000| PB 0x000000008db00000| Complete 
| 220|0x000000008dc00000, 0x000000008dd00000, 0x000000008dd00000|100%| E|CS|TAMS 0x000000008dc00000| PB 0x000000008dc00000| Complete 
| 221|0x000000008dd00000, 0x000000008de00000, 0x000000008de00000|100%| E|CS|TAMS 0x000000008dd00000| PB 0x000000008dd00000| Complete 
| 222|0x000000008de00000, 0x000000008df00000, 0x000000008df00000|100%| E|CS|TAMS 0x000000008de00000| PB 0x000000008de00000| Complete 
| 223|0x000000008df00000, 0x000000008e000000, 0x000000008e000000|100%| E|CS|TAMS 0x000000008df00000| PB 0x000000008df00000| Complete 
| 224|0x000000008e000000, 0x000000008e100000, 0x000000008e100000|100%| E|CS|TAMS 0x000000008e000000| PB 0x000000008e000000| Complete 
| 225|0x000000008e100000, 0x000000008e200000, 0x000000008e200000|100%| E|CS|TAMS 0x000000008e100000| PB 0x000000008e100000| Complete 
| 226|0x000000008e200000, 0x000000008e300000, 0x000000008e300000|100%| E|CS|TAMS 0x000000008e200000| PB 0x000000008e200000| Complete 
| 227|0x000000008e300000, 0x000000008e400000, 0x000000008e400000|100%| E|CS|TAMS 0x000000008e300000| PB 0x000000008e300000| Complete 
| 228|0x000000008e400000, 0x000000008e500000, 0x000000008e500000|100%| E|CS|TAMS 0x000000008e400000| PB 0x000000008e400000| Complete 
| 229|0x000000008e500000, 0x000000008e600000, 0x000000008e600000|100%| E|CS|TAMS 0x000000008e500000| PB 0x000000008e500000| Complete 
| 230|0x000000008e600000, 0x000000008e700000, 0x000000008e700000|100%| E|CS|TAMS 0x000000008e600000| PB 0x000000008e600000| Complete 
| 231|0x000000008e700000, 0x000000008e800000, 0x000000008e800000|100%| E|CS|TAMS 0x000000008e700000| PB 0x000000008e700000| Complete 
| 232|0x000000008e800000, 0x000000008e900000, 0x000000008e900000|100%| E|CS|TAMS 0x000000008e800000| PB 0x000000008e800000| Complete 
| 233|0x000000008e900000, 0x000000008ea00000, 0x000000008ea00000|100%| E|CS|TAMS 0x000000008e900000| PB 0x000000008e900000| Complete 
| 234|0x000000008ea00000, 0x000000008eb00000, 0x000000008eb00000|100%| E|CS|TAMS 0x000000008ea00000| PB 0x000000008ea00000| Complete 
| 235|0x000000008eb00000, 0x000000008ec00000, 0x000000008ec00000|100%| E|CS|TAMS 0x000000008eb00000| PB 0x000000008eb00000| Complete 
| 236|0x000000008ec00000, 0x000000008ed00000, 0x000000008ed00000|100%| E|CS|TAMS 0x000000008ec00000| PB 0x000000008ec00000| Complete 
| 237|0x000000008ed00000, 0x000000008ee00000, 0x000000008ee00000|100%| E|CS|TAMS 0x000000008ed00000| PB 0x000000008ed00000| Complete 
| 238|0x000000008ee00000, 0x000000008ef00000, 0x000000008ef00000|100%| E|CS|TAMS 0x000000008ee00000| PB 0x000000008ee00000| Complete 
| 239|0x000000008ef00000, 0x000000008f000000, 0x000000008f000000|100%| E|CS|TAMS 0x000000008ef00000| PB 0x000000008ef00000| Complete 
| 240|0x000000008f000000, 0x000000008f100000, 0x000000008f100000|100%| E|CS|TAMS 0x000000008f000000| PB 0x000000008f000000| Complete 
| 241|0x000000008f100000, 0x000000008f200000, 0x000000008f200000|100%| E|CS|TAMS 0x000000008f100000| PB 0x000000008f100000| Complete 
| 242|0x000000008f200000, 0x000000008f300000, 0x000000008f300000|100%| E|CS|TAMS 0x000000008f200000| PB 0x000000008f200000| Complete 
| 243|0x000000008f300000, 0x000000008f400000, 0x000000008f400000|100%| E|CS|TAMS 0x000000008f300000| PB 0x000000008f300000| Complete 
| 244|0x000000008f400000, 0x000000008f500000, 0x000000008f500000|100%| E|CS|TAMS 0x000000008f400000| PB 0x000000008f400000| Complete 
| 245|0x000000008f500000, 0x000000008f600000, 0x000000008f600000|100%| E|CS|TAMS 0x000000008f500000| PB 0x000000008f500000| Complete 
| 246|0x000000008f600000, 0x000000008f700000, 0x000000008f700000|100%| E|CS|TAMS 0x000000008f600000| PB 0x000000008f600000| Complete 
| 247|0x000000008f700000, 0x000000008f800000, 0x000000008f800000|100%| E|CS|TAMS 0x000000008f700000| PB 0x000000008f700000| Complete 
| 248|0x000000008f800000, 0x000000008f900000, 0x000000008f900000|100%| E|CS|TAMS 0x000000008f800000| PB 0x000000008f800000| Complete 
| 249|0x000000008f900000, 0x000000008fa00000, 0x000000008fa00000|100%| E|CS|TAMS 0x000000008f900000| PB 0x000000008f900000| Complete 
| 250|0x000000008fa00000, 0x000000008fb00000, 0x000000008fb00000|100%| E|CS|TAMS 0x000000008fa00000| PB 0x000000008fa00000| Complete 
| 251|0x000000008fb00000, 0x000000008fc00000, 0x000000008fc00000|100%| E|CS|TAMS 0x000000008fb00000| PB 0x000000008fb00000| Complete 
|2043|0x00000000ffb00000, 0x00000000ffc00000, 0x00000000ffc00000|100%| E|CS|TAMS 0x00000000ffb00000| PB 0x00000000ffb00000| Complete 
|2044|0x00000000ffc00000, 0x00000000ffd00000, 0x00000000ffd00000|100%| E|CS|TAMS 0x00000000ffc00000| PB 0x00000000ffc00000| Complete 
|2045|0x00000000ffd00000, 0x00000000ffe00000, 0x00000000ffe00000|100%| O|  |TAMS 0x00000000ffd00000| PB 0x00000000ffd00000| Untracked 
|2046|0x00000000ffe00000, 0x00000000fff00000, 0x00000000fff00000|100%| O|  |TAMS 0x00000000ffe00000| PB 0x00000000ffe00000| Untracked 
|2047|0x00000000fff00000, 0x0000000100000000, 0x0000000100000000|100%| O|  |TAMS 0x00000000fff00000| PB 0x00000000fff00000| Untracked 

Card table byte_map: [0x0000026378db0000,0x00000263791b0000] _byte_map_base: 0x00000263789b0000

Marking Bits: (CMBitMap*) 0x00000263668ac9b0
 Bits: [0x00000263791b0000, 0x000002637b1b0000)

Polling page: 0x0000026364590000

Metaspace:

Usage:
  Non-class:    111.03 MB used.
      Class:     17.54 MB used.
       Both:    128.58 MB used.

Virtual space:
  Non-class space:      128.00 MB reserved,     112.19 MB ( 88%) committed,  2 nodes.
      Class space:      416.00 MB reserved,      18.69 MB (  4%) committed,  1 nodes.
             Both:      544.00 MB reserved,     130.88 MB ( 24%) committed. 

Chunk freelists:
   Non-Class:  15.09 MB
       Class:  13.28 MB
        Both:  28.37 MB

MaxMetaspaceSize: 512.00 MB
CompressedClassSpaceSize: 416.00 MB
Initial GC threshold: 21.00 MB
Current GC threshold: 212.31 MB
CDS: off
 - commit_granule_bytes: 65536.
 - commit_granule_words: 8192.
 - virtual_space_node_default_size: 8388608.
 - enlarge_chunks_in_place: 1.
 - use_allocation_guard: 0.


Internal statistics:

num_allocs_failed_limit: 9.
num_arena_births: 4372.
num_arena_deaths: 0.
num_vsnodes_births: 3.
num_vsnodes_deaths: 0.
num_space_committed: 2094.
num_space_uncommitted: 0.
num_chunks_returned_to_freelist: 9.
num_chunks_taken_from_freelist: 10011.
num_chunk_merges: 9.
num_chunk_splits: 6616.
num_chunks_enlarged: 4273.
num_inconsistent_stats: 0.

CodeHeap 'non-profiled nmethods': size=120000Kb used=6914Kb max_used=6914Kb free=113085Kb
 bounds [0x0000026371480000, 0x0000026371b50000, 0x00000263789b0000]
CodeHeap 'profiled nmethods': size=120000Kb used=24544Kb max_used=24678Kb free=95455Kb
 bounds [0x00000263699b0000, 0x000002636b1d0000, 0x0000026370ee0000]
CodeHeap 'non-nmethods': size=5760Kb used=2948Kb max_used=2994Kb free=2811Kb
 bounds [0x0000026370ee0000, 0x00000263711e0000, 0x0000026371480000]
 total_blobs=14037 nmethods=12991 adapters=949
 compilation: enabled
              stopped_count=0, restarted_count=0
 full_count=0

Compilation events (20 events):
Event: 32.890 Thread 0x000002637d846710 nmethod 15336 0x0000026371b3f510 code [0x0000026371b3f6a0, 0x0000026371b3f9b8]
Event: 33.331 Thread 0x000002637d84edc0 15337   !   3       sun.management.Util::newObjectName (15 bytes)
Event: 33.332 Thread 0x000002637d84edc0 nmethod 15337 0x000002636a91a110 code [0x000002636a91a2e0, 0x000002636a91a660]
Event: 33.332 Thread 0x000002637d84edc0 15338       3       sun.management.Util::newObjectName (11 bytes)
Event: 33.334 Thread 0x000002637d84edc0 nmethod 15338 0x000002636a33fe10 code [0x000002636a340220, 0x000002636a342120]
Event: 33.578 Thread 0x000002637d846710 15339   !   4       java.util.concurrent.locks.AbstractQueuedSynchronizer$ConditionObject::newConditionNode (78 bytes)
Event: 33.582 Thread 0x000002637d846710 nmethod 15339 0x0000026371b3fb10 code [0x0000026371b3fd00, 0x0000026371b40200]
Event: 35.338 Thread 0x000002637d84edc0 15340       1       org.gradle.internal.concurrent.AbstractManagedExecutor::access$100 (5 bytes)
Event: 35.338 Thread 0x000002637d84edc0 nmethod 15340 0x0000026371b40510 code [0x0000026371b406a0, 0x0000026371b40750]
Event: 35.338 Thread 0x000002637d84edc0 15341       1       java.util.stream.FindOps$FindOp::getOpFlags (5 bytes)
Event: 35.339 Thread 0x000002637d84edc0 nmethod 15341 0x0000026371b40810 code [0x0000026371b409a0, 0x0000026371b40a68]
Event: 35.339 Thread 0x000002637d84edc0 15342       3       sun.management.MemoryPoolImpl::getObjectName (10 bytes)
Event: 35.340 Thread 0x000002637d84edc0 nmethod 15342 0x000002636ac0d790 code [0x000002636ac0dba0, 0x000002636ac0fa20]
Event: 35.340 Thread 0x000002637d84edc0 15343       3       sun.management.spi.PlatformMBeanProvider$PlatformComponent$$Lambda/0x000000010013fa50::test (9 bytes)
Event: 35.341 Thread 0x000002637d84edc0 nmethod 15343 0x000002636ac0d390 code [0x000002636ac0d540, 0x000002636ac0d688]
Event: 35.341 Thread 0x000002637d84edc0 15344       3       sun.management.spi.PlatformMBeanProvider$PlatformComponent$$Lambda/0x000000010013fcb8::apply (9 bytes)
Event: 35.341 Thread 0x000002637d84edc0 nmethod 15344 0x000002636a919a90 code [0x000002636a919c60, 0x000002636a919f78]
Event: 35.620 Thread 0x000002637d84edc0 15345       3       org.gradle.internal.serialize.InputStreamBackedDecoder::readInt (8 bytes)
Event: 35.621 Thread 0x000002637d84edc0 nmethod 15345 0x000002636a04e510 code [0x000002636a04e720, 0x000002636a04ed90]
Event: 35.622 Thread 0x000002637d846710 15346       4       java.io.DataInputStream::readUTF (501 bytes)

GC Heap History (20 events):
Event: 22.399 GC heap before
{Heap before GC invocations=42 (full 0):
 garbage-first heap   total 202752K, used 169655K [0x0000000080000000, 0x0000000100000000)
  region size 1024K, 71 young (72704K), 7 survivors (7168K)
 Metaspace       used 106491K, committed 108672K, reserved 557056K
  class space    used 14573K, committed 15680K, reserved 425984K
}
Event: 22.414 GC heap after
{Heap after GC invocations=43 (full 0):
 garbage-first heap   total 202752K, used 107146K [0x0000000080000000, 0x0000000100000000)
  region size 1024K, 7 young (7168K), 7 survivors (7168K)
 Metaspace       used 106491K, committed 108672K, reserved 557056K
  class space    used 14573K, committed 15680K, reserved 425984K
}
Event: 23.456 GC heap before
{Heap before GC invocations=43 (full 0):
 garbage-first heap   total 202752K, used 179850K [0x0000000080000000, 0x0000000100000000)
  region size 1024K, 78 young (79872K), 7 survivors (7168K)
 Metaspace       used 111937K, committed 114176K, reserved 557056K
  class space    used 15418K, committed 16576K, reserved 425984K
}
Event: 23.471 GC heap after
{Heap after GC invocations=44 (full 0):
 garbage-first heap   total 202752K, used 109726K [0x0000000080000000, 0x0000000100000000)
  region size 1024K, 5 young (5120K), 5 survivors (5120K)
 Metaspace       used 111937K, committed 114176K, reserved 557056K
  class space    used 15418K, committed 16576K, reserved 425984K
}
Event: 24.299 GC heap before
{Heap before GC invocations=44 (full 0):
 garbage-first heap   total 202752K, used 165022K [0x0000000080000000, 0x0000000100000000)
  region size 1024K, 60 young (61440K), 5 survivors (5120K)
 Metaspace       used 116159K, committed 118464K, reserved 557056K
  class space    used 15973K, committed 17152K, reserved 425984K
}
Event: 24.310 GC heap after
{Heap after GC invocations=45 (full 0):
 garbage-first heap   total 202752K, used 113625K [0x0000000080000000, 0x0000000100000000)
  region size 1024K, 9 young (9216K), 9 survivors (9216K)
 Metaspace       used 116159K, committed 118464K, reserved 557056K
  class space    used 15973K, committed 17152K, reserved 425984K
}
Event: 25.076 GC heap before
{Heap before GC invocations=46 (full 0):
 garbage-first heap   total 202752K, used 185305K [0x0000000080000000, 0x0000000100000000)
  region size 1024K, 75 young (76800K), 9 survivors (9216K)
 Metaspace       used 117447K, committed 119744K, reserved 557056K
  class space    used 16025K, committed 17216K, reserved 425984K
}
Event: 25.092 GC heap after
{Heap after GC invocations=47 (full 0):
 garbage-first heap   total 202752K, used 117481K [0x0000000080000000, 0x0000000100000000)
  region size 1024K, 8 young (8192K), 8 survivors (8192K)
 Metaspace       used 117447K, committed 119744K, reserved 557056K
  class space    used 16025K, committed 17216K, reserved 425984K
}
Event: 25.569 GC heap before
{Heap before GC invocations=47 (full 0):
 garbage-first heap   total 202752K, used 181993K [0x0000000080000000, 0x0000000100000000)
  region size 1024K, 72 young (73728K), 8 survivors (8192K)
 Metaspace       used 117894K, committed 120192K, reserved 557056K
  class space    used 16113K, committed 17280K, reserved 425984K
}
Event: 25.591 GC heap after
{Heap after GC invocations=48 (full 0):
 garbage-first heap   total 202752K, used 118784K [0x0000000080000000, 0x0000000100000000)
  region size 1024K, 7 young (7168K), 7 survivors (7168K)
 Metaspace       used 117894K, committed 120192K, reserved 557056K
  class space    used 16113K, committed 17280K, reserved 425984K
}
Event: 25.687 GC heap before
{Heap before GC invocations=48 (full 0):
 garbage-first heap   total 202752K, used 124928K [0x0000000080000000, 0x0000000100000000)
  region size 1024K, 14 young (14336K), 7 survivors (7168K)
 Metaspace       used 118030K, committed 120320K, reserved 557056K
  class space    used 16134K, committed 17280K, reserved 425984K
}
Event: 25.701 GC heap after
{Heap after GC invocations=49 (full 0):
 garbage-first heap   total 243712K, used 120025K [0x0000000080000000, 0x0000000100000000)
  region size 1024K, 4 young (4096K), 4 survivors (4096K)
 Metaspace       used 118030K, committed 120320K, reserved 557056K
  class space    used 16134K, committed 17280K, reserved 425984K
}
Event: 25.708 GC heap before
{Heap before GC invocations=49 (full 0):
 garbage-first heap   total 243712K, used 121049K [0x0000000080000000, 0x0000000100000000)
  region size 1024K, 5 young (5120K), 4 survivors (4096K)
 Metaspace       used 118030K, committed 120320K, reserved 557056K
  class space    used 16134K, committed 17280K, reserved 425984K
}
Event: 25.714 GC heap after
{Heap after GC invocations=50 (full 0):
 garbage-first heap   total 243712K, used 121108K [0x0000000080000000, 0x0000000100000000)
  region size 1024K, 4 young (4096K), 4 survivors (4096K)
 Metaspace       used 118030K, committed 120320K, reserved 557056K
  class space    used 16134K, committed 17280K, reserved 425984K
}
Event: 26.990 GC heap before
{Heap before GC invocations=51 (full 0):
 garbage-first heap   total 243712K, used 226580K [0x0000000080000000, 0x0000000100000000)
  region size 1024K, 99 young (101376K), 4 survivors (4096K)
 Metaspace       used 119152K, committed 121536K, reserved 557056K
  class space    used 16342K, committed 17536K, reserved 425984K
}
Event: 27.004 GC heap after
{Heap after GC invocations=52 (full 0):
 garbage-first heap   total 243712K, used 139483K [0x0000000080000000, 0x0000000100000000)
  region size 1024K, 13 young (13312K), 13 survivors (13312K)
 Metaspace       used 119152K, committed 121536K, reserved 557056K
  class space    used 16342K, committed 17536K, reserved 425984K
}
Event: 27.833 GC heap before
{Heap before GC invocations=52 (full 0):
 garbage-first heap   total 243712K, used 219355K [0x0000000080000000, 0x0000000100000000)
  region size 1024K, 88 young (90112K), 13 survivors (13312K)
 Metaspace       used 122093K, committed 124480K, reserved 557056K
  class space    used 16720K, committed 17920K, reserved 425984K
}
Event: 27.856 GC heap after
{Heap after GC invocations=53 (full 0):
 garbage-first heap   total 244736K, used 150449K [0x0000000080000000, 0x0000000100000000)
  region size 1024K, 8 young (8192K), 8 survivors (8192K)
 Metaspace       used 122093K, committed 124480K, reserved 557056K
  class space    used 16720K, committed 17920K, reserved 425984K
}
Event: 29.000 GC heap before
{Heap before GC invocations=53 (full 0):
 garbage-first heap   total 244736K, used 223153K [0x0000000080000000, 0x0000000100000000)
  region size 1024K, 79 young (80896K), 8 survivors (8192K)
 Metaspace       used 127103K, committed 129408K, reserved 557056K
  class space    used 17379K, committed 18560K, reserved 425984K
}
Event: 29.018 GC heap after
{Heap after GC invocations=54 (full 0):
 garbage-first heap   total 244736K, used 157696K [0x0000000080000000, 0x0000000100000000)
  region size 1024K, 7 young (7168K), 7 survivors (7168K)
 Metaspace       used 127103K, committed 129408K, reserved 557056K
  class space    used 17379K, committed 18560K, reserved 425984K
}

Dll operation events (3 events):
Event: 2.413 Loaded shared library C:\Program Files\Android\Android Studio\jbr\bin\java.dll
Event: 2.434 Loaded shared library C:\Program Files\Android\Android Studio\jbr\bin\zip.dll
Event: 3.874 Loaded shared library C:\Program Files\Android\Android Studio\jbr\bin\verify.dll

Deoptimization events (20 events):
Event: 29.722 Thread 0x000002637eb429b0 DEOPT PACKING pc=0x0000026371a33574 sp=0x0000006bcbcfe930
Event: 29.722 Thread 0x000002637eb429b0 DEOPT UNPACKING pc=0x0000026370f346a2 sp=0x0000006bcbcfe8a8 mode 2
Event: 29.829 Thread 0x000002637eb42320 Uncommon trap: trap_request=0xffffffde fr.pc=0x000002637183131c relative=0x0000000000000f9c
Event: 29.829 Thread 0x000002637eb42320 Uncommon trap: reason=class_check action=maybe_recompile pc=0x000002637183131c method=org.gradle.internal.snapshot.ChildMap$Entry.handleAncestorDescendantOrExactMatch(Lorg/gradle/internal/snapshot/VfsRelativePath;Lorg/gradle/internal/snapshot/CaseSensitiv
Event: 29.829 Thread 0x000002637eb42320 DEOPT PACKING pc=0x000002637183131c sp=0x0000006bcbafc730
Event: 29.829 Thread 0x000002637eb42320 DEOPT UNPACKING pc=0x0000026370f346a2 sp=0x0000006bcbafc710 mode 2
Event: 29.829 Thread 0x000002637eb42320 Uncommon trap: trap_request=0xffffffde fr.pc=0x000002637183131c relative=0x0000000000000f9c
Event: 29.829 Thread 0x000002637eb42320 Uncommon trap: reason=class_check action=maybe_recompile pc=0x000002637183131c method=org.gradle.internal.snapshot.ChildMap$Entry.handleAncestorDescendantOrExactMatch(Lorg/gradle/internal/snapshot/VfsRelativePath;Lorg/gradle/internal/snapshot/CaseSensitiv
Event: 29.829 Thread 0x000002637eb42320 DEOPT PACKING pc=0x000002637183131c sp=0x0000006bcbafc730
Event: 29.829 Thread 0x000002637eb42320 DEOPT UNPACKING pc=0x0000026370f346a2 sp=0x0000006bcbafc710 mode 2
Event: 29.830 Thread 0x000002637eb42320 Uncommon trap: trap_request=0xffffff45 fr.pc=0x000002637185d240 relative=0x0000000000000760
Event: 29.830 Thread 0x000002637eb42320 Uncommon trap: reason=unstable_if action=reinterpret pc=0x000002637185d240 method=org.gradle.internal.snapshot.VfsRelativePath.lengthOfCommonPrefix(Ljava/lang/String;Lorg/gradle/internal/snapshot/CaseSensitivity;)I @ 117 c2
Event: 29.830 Thread 0x000002637eb42320 DEOPT PACKING pc=0x000002637185d240 sp=0x0000006bcbafb3c0
Event: 29.830 Thread 0x000002637eb42320 DEOPT UNPACKING pc=0x0000026370f346a2 sp=0x0000006bcbafb348 mode 2
Event: 29.838 Thread 0x000002637eb42320 Uncommon trap: trap_request=0xffffff45 fr.pc=0x0000026371718bcc relative=0x00000000000004cc
Event: 29.838 Thread 0x000002637eb42320 Uncommon trap: reason=unstable_if action=reinterpret pc=0x0000026371718bcc method=sun.security.provider.DigestBase.engineUpdate([BII)V @ 1 c2
Event: 29.838 Thread 0x000002637eb42320 DEOPT PACKING pc=0x0000026371718bcc sp=0x0000006bcbafd050
Event: 29.838 Thread 0x000002637eb42320 DEOPT UNPACKING pc=0x0000026370f346a2 sp=0x0000006bcbafd008 mode 2
Event: 35.622 Thread 0x000002637e95e020 DEOPT PACKING pc=0x0000026369b67451 sp=0x0000006bc9bfe5d0
Event: 35.622 Thread 0x000002637e95e020 DEOPT UNPACKING pc=0x0000026370f34e42 sp=0x0000006bc9bfdb10 mode 0

Classes loaded (20 events):
Event: 29.417 Loading class sun/net/www/protocol/http/Handler
Event: 29.417 Loading class sun/net/www/protocol/http/Handler done
Event: 29.419 Loading class javax/crypto/JceSecurity$WeakIdentityWrapper
Event: 29.419 Loading class javax/crypto/JceSecurity$WeakIdentityWrapper done
Event: 29.419 Loading class javax/crypto/JceSecurity$2
Event: 29.419 Loading class javax/crypto/JceSecurity$2 done
Event: 29.419 Loading class javax/crypto/JceSecurity$3
Event: 29.419 Loading class javax/crypto/JceSecurity$3 done
Event: 29.419 Loading class javax/crypto/ProviderVerifier
Event: 29.419 Loading class javax/crypto/ProviderVerifier done
Event: 29.867 Loading class java/lang/ProcessImpl
Event: 29.868 Loading class java/lang/ProcessImpl done
Event: 29.879 Loading class java/lang/ProcessHandleImpl
Event: 29.881 Loading class java/lang/ProcessHandleImpl done
Event: 29.882 Loading class java/lang/ProcessImpl$2
Event: 29.882 Loading class java/lang/ProcessImpl$2 done
Event: 29.882 Loading class java/lang/Process$PipeInputStream
Event: 29.882 Loading class java/lang/Process$PipeInputStream done
Event: 29.883 Loading class jdk/internal/event/ProcessStartEvent
Event: 29.884 Loading class jdk/internal/event/ProcessStartEvent done

Classes unloaded (0 events):
No events

Classes redefined (0 events):
No events

Internal exceptions (20 events):
Event: 27.661 Thread 0x00000263042c9650 Exception <a 'sun/nio/fs/WindowsException'{0x000000008ab677f0}> (0x000000008ab677f0) 
thrown [s\src\hotspot\share\prims\jni.cpp, line 535]
Event: 27.661 Thread 0x00000263042c9650 Exception <a 'sun/nio/fs/WindowsException'{0x000000008ab68ea8}> (0x000000008ab68ea8) 
thrown [s\src\hotspot\share\prims\jni.cpp, line 535]
Event: 27.661 Thread 0x00000263042c9650 Exception <a 'sun/nio/fs/WindowsException'{0x000000008ab6a560}> (0x000000008ab6a560) 
thrown [s\src\hotspot\share\prims\jni.cpp, line 535]
Event: 27.814 Thread 0x00000263042c9650 Exception <a 'java/lang/NullPointerException'{0x000000008a1e5078}> (0x000000008a1e5078) 
thrown [s\src\hotspot\share\interpreter\linkResolver.cpp, line 1471]
Event: 28.886 Thread 0x00000263042c9650 Exception <a 'java/lang/IncompatibleClassChangeError'{0x000000008aa06130}: Found class java.lang.Object, but interface was expected> (0x000000008aa06130) 
thrown [s\src\hotspot\share\interpreter\linkResolver.cpp, line 851]
Event: 29.019 Thread 0x000002637d825050 Implicit null exception at 0x0000026371a86348 to 0x0000026371a86a54
Event: 29.196 Thread 0x00000263042c9650 Implicit null exception at 0x0000026371b11ce4 to 0x0000026371b12340
Event: 29.407 Thread 0x00000263042c9650 Exception <a 'sun/nio/fs/WindowsException'{0x000000008f24cbb0}> (0x000000008f24cbb0) 
thrown [s\src\hotspot\share\prims\jni.cpp, line 535]
Event: 29.466 Thread 0x00000263042c9650 Implicit null exception at 0x0000026371b1dbc0 to 0x0000026371b1dd90
Event: 29.466 Thread 0x00000263042c9650 Implicit null exception at 0x0000026371b1d408 to 0x0000026371b1d58c
Event: 29.475 Thread 0x00000263042c9650 Implicit null exception at 0x0000026371b1e641 to 0x0000026371b1e86c
Event: 29.609 Thread 0x00000263042c9650 Exception <a 'java/lang/IncompatibleClassChangeError'{0x000000008d0e07d0}: Found class java.lang.Object, but interface was expected> (0x000000008d0e07d0) 
thrown [s\src\hotspot\share\interpreter\linkResolver.cpp, line 851]
Event: 29.678 Thread 0x000002637eb42320 Exception <a 'java/lang/NoSuchMethodError'{0x000000008cc1b648}: static Ljava/lang/Object;.<clinit>()V> (0x000000008cc1b648) 
thrown [s\src\hotspot\share\prims\jni.cpp, line 1139]
Event: 29.679 Thread 0x000002637eb42320 Exception <a 'java/lang/NoSuchMethodError'{0x000000008cc28a70}: static Ljava/lang/Object;.<clinit>()V> (0x000000008cc28a70) 
thrown [s\src\hotspot\share\prims\jni.cpp, line 1139]
Event: 29.684 Thread 0x000002637eb42320 Exception <a 'java/lang/NoSuchMethodError'{0x000000008cc4deb0}: static Lcom/android/ide/common/gradle/Numeric;.<clinit>()V> (0x000000008cc4deb0) 
thrown [s\src\hotspot\share\prims\jni.cpp, line 1139]
Event: 29.684 Thread 0x000002637eb42320 Exception <a 'java/lang/NoSuchMethodError'{0x000000008cc503e0}: static Lcom/android/ide/common/gradle/Part;.<clinit>()V> (0x000000008cc503e0) 
thrown [s\src\hotspot\share\prims\jni.cpp, line 1139]
Event: 29.723 Thread 0x00000263076d15e0 Exception <a 'java/lang/NoSuchMethodError'{0x000000008cb41c38}: static Ljava/lang/Object;.<clinit>()V> (0x000000008cb41c38) 
thrown [s\src\hotspot\share\prims\jni.cpp, line 1139]
Event: 29.724 Thread 0x00000263076d15e0 Exception <a 'java/lang/NoSuchMethodError'{0x000000008cb4cde8}: static Lorg/jetbrains/kotlin/gradle/plugin/statistics/MetricContainer;.<clinit>()V> (0x000000008cb4cde8) 
thrown [s\src\hotspot\share\prims\jni.cpp, line 1139]
Event: 29.879 Thread 0x0000026307297fb0 Exception <a 'java/lang/NoSuchMethodError'{0x000000008c209da0}: 'void java.lang.invoke.DirectMethodHandle$Holder.invokeStatic(java.lang.Object, long)'> (0x000000008c209da0) 
thrown [s\src\hotspot\share\interpreter\linkResolver.cpp, line 784]
Event: 29.881 Thread 0x0000026307297fb0 Exception <a 'java/lang/NoSuchMethodError'{0x000000008c213aa8}: 'java.lang.Object java.lang.invoke.DirectMethodHandle$Holder.invokeStaticInit(java.lang.Object, long, java.lang.Object)'> (0x000000008c213aa8) 
thrown [s\src\hotspot\share\interpreter\linkResolver.cpp, line 784]

ZGC Phase Switch (0 events):
No events

VM Operations (20 events):
Event: 29.402 Executing VM operation: G1PauseCleanup
Event: 29.402 Executing VM operation: G1PauseCleanup done
Event: 29.410 Executing VM operation: HandshakeAllThreads (Deoptimize)
Event: 29.411 Executing VM operation: HandshakeAllThreads (Deoptimize) done
Event: 29.416 Executing VM operation: HandshakeAllThreads (Deoptimize)
Event: 29.416 Executing VM operation: HandshakeAllThreads (Deoptimize) done
Event: 29.418 Executing VM operation: HandshakeAllThreads (Deoptimize)
Event: 29.418 Executing VM operation: HandshakeAllThreads (Deoptimize) done
Event: 29.613 Executing VM operation: HandshakeAllThreads (Deoptimize)
Event: 29.614 Executing VM operation: HandshakeAllThreads (Deoptimize) done
Event: 29.718 Executing VM operation: HandshakeAllThreads (Deoptimize)
Event: 29.718 Executing VM operation: HandshakeAllThreads (Deoptimize) done
Event: 29.835 Executing VM operation: HandshakeAllThreads (Deoptimize)
Event: 29.835 Executing VM operation: HandshakeAllThreads (Deoptimize) done
Event: 29.843 Executing VM operation: ICBufferFull
Event: 29.843 Executing VM operation: ICBufferFull done
Event: 29.883 Executing VM operation: HandshakeAllThreads (Deoptimize)
Event: 29.883 Executing VM operation: HandshakeAllThreads (Deoptimize) done
Event: 30.886 Executing VM operation: Cleanup
Event: 30.886 Executing VM operation: Cleanup done

Memory protections (0 events):
No events

Nmethod flushes (20 events):
Event: 29.296 Thread 0x000002637d65f940 flushing  nmethod 0x000002636a68d510
Event: 29.296 Thread 0x000002637d65f940 flushing  nmethod 0x000002636a68e090
Event: 29.296 Thread 0x000002637d65f940 flushing  nmethod 0x000002636a68ed10
Event: 29.296 Thread 0x000002637d65f940 flushing  nmethod 0x000002636a68f610
Event: 29.296 Thread 0x000002637d65f940 flushing  nmethod 0x000002636a690290
Event: 29.296 Thread 0x000002637d65f940 flushing  nmethod 0x000002636a690590
Event: 29.296 Thread 0x000002637d65f940 flushing  nmethod 0x000002636a697490
Event: 29.296 Thread 0x000002637d65f940 flushing  nmethod 0x000002636a697d10
Event: 29.296 Thread 0x000002637d65f940 flushing  nmethod 0x000002636a698210
Event: 29.296 Thread 0x000002637d65f940 flushing  nmethod 0x000002636a69ab90
Event: 29.296 Thread 0x000002637d65f940 flushing  nmethod 0x000002636a6b2410
Event: 29.296 Thread 0x000002637d65f940 flushing  nmethod 0x000002636a6b4410
Event: 29.296 Thread 0x000002637d65f940 flushing  nmethod 0x000002636a702190
Event: 29.296 Thread 0x000002637d65f940 flushing  nmethod 0x000002636a879c10
Event: 29.296 Thread 0x000002637d65f940 flushing  nmethod 0x000002636a8fa990
Event: 29.296 Thread 0x000002637d65f940 flushing  nmethod 0x000002636a9eb010
Event: 29.296 Thread 0x000002637d65f940 flushing  nmethod 0x000002636aa1a790
Event: 29.296 Thread 0x000002637d65f940 flushing  nmethod 0x000002636aaa2110
Event: 29.296 Thread 0x000002637d65f940 flushing  nmethod 0x000002636ac0cf90
Event: 29.296 Thread 0x000002637d65f940 flushing  nmethod 0x000002636adaa610

Events (20 events):
Event: 23.991 Thread 0x00000263042c9650 Thread added: 0x000002630cd42bb0
Event: 24.251 Thread 0x00000263042c9650 Thread added: 0x000002630cd43240
Event: 24.758 Thread 0x00000263042c9650 Thread added: 0x000002630d023660
Event: 24.758 Thread 0x00000263042c9650 Thread added: 0x000002630d01c6d0
Event: 24.758 Thread 0x00000263042c9650 Thread added: 0x000002630d01cd60
Event: 24.806 Thread 0x00000263042c9650 Thread added: 0x000002630d01e110
Event: 24.807 Thread 0x00000263042c9650 Thread added: 0x00000263075acc80
Event: 24.808 Thread 0x00000263042c9650 Thread added: 0x00000263075ad310
Event: 24.930 Thread 0x00000263042c9650 Thread added: 0x00000263075aa520
Event: 24.930 Thread 0x00000263042c9650 Thread added: 0x00000263075abf60
Event: 24.930 Thread 0x00000263042c9650 Thread added: 0x00000263075aabb0
Event: 25.467 Thread 0x00000263042c9650 Thread added: 0x00000263075ad9a0
Event: 26.654 Thread 0x00000263042c9650 Thread added: 0x0000026306556d70
Event: 26.743 Thread 0x00000263042c9650 Thread added: 0x000002630655af10
Event: 26.743 Thread 0x00000263042c9650 Thread added: 0x00000263065566e0
Event: 27.120 Thread 0x00000263042c9650 Thread added: 0x0000026306557a90
Event: 29.693 Thread 0x000002637eb429b0 Thread added: 0x000002630729a710
Event: 29.866 Thread 0x000002637eb42320 Thread added: 0x0000026307297fb0
Event: 29.885 Thread 0x0000026307297fb0 Thread added: 0x0000026307297920
Event: 29.885 Thread 0x0000026307297fb0 Thread added: 0x0000026307298640


Dynamic libraries:
0x00007ff60b8b0000 - 0x00007ff60b8ba000 	C:\Program Files\Android\Android Studio\jbr\bin\java.exe
0x00007fffa68b0000 - 0x00007fffa6aa8000 	C:\Windows\SYSTEM32\ntdll.dll
0x00007fffa6670000 - 0x00007fffa6732000 	C:\Windows\System32\KERNEL32.DLL
0x00007fffa40e0000 - 0x00007fffa43d6000 	C:\Windows\System32\KERNELBASE.dll
0x00007fffa3f40000 - 0x00007fffa4040000 	C:\Windows\System32\ucrtbase.dll
0x00007fff9d990000 - 0x00007fff9d9ab000 	C:\Program Files\Android\Android Studio\jbr\bin\VCRUNTIME140.dll
0x00007fff9b130000 - 0x00007fff9b148000 	C:\Program Files\Android\Android Studio\jbr\bin\jli.dll
0x00007fffa4c60000 - 0x00007fffa4dfd000 	C:\Windows\System32\USER32.dll
0x00007fffa4490000 - 0x00007fffa44b2000 	C:\Windows\System32\win32u.dll
0x00007fff90070000 - 0x00007fff9030a000 	C:\Windows\WinSxS\amd64_microsoft.windows.common-controls_6595b64144ccf1df_6.0.19041.5915_none_60b4b9d171f9c7c7\COMCTL32.dll
0x00007fffa63f0000 - 0x00007fffa641b000 	C:\Windows\System32\GDI32.dll
0x00007fffa4a00000 - 0x00007fffa4a9e000 	C:\Windows\System32\msvcrt.dll
0x00007fffa44c0000 - 0x00007fffa45d8000 	C:\Windows\System32\gdi32full.dll
0x00007fffa4040000 - 0x00007fffa40dd000 	C:\Windows\System32\msvcp_win.dll
0x00007fffa62b0000 - 0x00007fffa62df000 	C:\Windows\System32\IMM32.DLL
0x00007fffa0920000 - 0x00007fffa092c000 	C:\Program Files\Android\Android Studio\jbr\bin\vcruntime140_1.dll
0x00007fff7ac70000 - 0x00007fff7acfd000 	C:\Program Files\Android\Android Studio\jbr\bin\msvcp140.dll
0x00007fff67c00000 - 0x00007fff6888b000 	C:\Program Files\Android\Android Studio\jbr\bin\server\jvm.dll
0x00007fffa4e00000 - 0x00007fffa4eb1000 	C:\Windows\System32\ADVAPI32.dll
0x00007fffa6760000 - 0x00007fffa67ff000 	C:\Windows\System32\sechost.dll
0x00007fffa5860000 - 0x00007fffa5983000 	C:\Windows\System32\RPCRT4.dll
0x00007fffa46c0000 - 0x00007fffa46e7000 	C:\Windows\System32\bcrypt.dll
0x00007fffa6800000 - 0x00007fffa686b000 	C:\Windows\System32\WS2_32.dll
0x00007fffa3da0000 - 0x00007fffa3deb000 	C:\Windows\SYSTEM32\POWRPROF.dll
0x00007fff92b80000 - 0x00007fff92ba7000 	C:\Windows\SYSTEM32\WINMM.dll
0x00007fff9dc10000 - 0x00007fff9dc1a000 	C:\Windows\SYSTEM32\VERSION.dll
0x00007fffa3d80000 - 0x00007fffa3d92000 	C:\Windows\SYSTEM32\UMPDC.dll
0x00007fffa2760000 - 0x00007fffa2772000 	C:\Windows\SYSTEM32\kernel.appcore.dll
0x00007fff9fa80000 - 0x00007fff9fa8a000 	C:\Program Files\Android\Android Studio\jbr\bin\jimage.dll
0x00007fffa1ca0000 - 0x00007fffa1ea1000 	C:\Windows\SYSTEM32\DBGHELP.DLL
0x00007fff9ad20000 - 0x00007fff9ad54000 	C:\Windows\SYSTEM32\dbgcore.DLL
0x00007fffa45e0000 - 0x00007fffa4662000 	C:\Windows\System32\bcryptPrimitives.dll
0x00007fffa0060000 - 0x00007fffa006e000 	C:\Program Files\Android\Android Studio\jbr\bin\instrument.dll
0x00007fff9d970000 - 0x00007fff9d990000 	C:\Program Files\Android\Android Studio\jbr\bin\java.dll
0x00007fff9c380000 - 0x00007fff9c398000 	C:\Program Files\Android\Android Studio\jbr\bin\zip.dll
0x00007fffa59f0000 - 0x00007fffa615e000 	C:\Windows\System32\SHELL32.dll
0x00007fffa1fa0000 - 0x00007fffa2744000 	C:\Windows\SYSTEM32\windows.storage.dll
0x00007fffa4ec0000 - 0x00007fffa5213000 	C:\Windows\System32\combase.dll
0x00007fffa38a0000 - 0x00007fffa38cb000 	C:\Windows\SYSTEM32\Wldp.dll
0x00007fffa6420000 - 0x00007fffa64ed000 	C:\Windows\System32\OLEAUT32.dll
0x00007fffa5220000 - 0x00007fffa52cd000 	C:\Windows\System32\SHCORE.dll
0x00007fffa5990000 - 0x00007fffa59eb000 	C:\Windows\System32\shlwapi.dll
0x00007fffa3e70000 - 0x00007fffa3e94000 	C:\Windows\SYSTEM32\profapi.dll
0x00007fff9ff00000 - 0x00007fff9ff10000 	C:\Program Files\Android\Android Studio\jbr\bin\net.dll
0x00007fff97780000 - 0x00007fff9788a000 	C:\Windows\SYSTEM32\WINHTTP.dll
0x00007fffa3600000 - 0x00007fffa366a000 	C:\Windows\system32\mswsock.dll
0x00007fff9c2e0000 - 0x00007fff9c2f6000 	C:\Program Files\Android\Android Studio\jbr\bin\nio.dll
0x00007fff9e030000 - 0x00007fff9e040000 	C:\Program Files\Android\Android Studio\jbr\bin\verify.dll
0x00007fff9cc70000 - 0x00007fff9cc97000 	C:\Users\Hii\.gradle\native\1def1411415f61bf3af743bc5b6707747c0891f09f0c88961ee8f79bc544acac\windows-amd64\native-platform.dll
0x000000005acc0000 - 0x000000005ad33000 	C:\Users\Hii\.gradle\native\0.2.5\x86_64-windows-gnu\gradle-fileevents.dll
0x00007fff9d770000 - 0x00007fff9d779000 	C:\Program Files\Android\Android Studio\jbr\bin\management.dll
0x00007fff9c3d0000 - 0x00007fff9c3db000 	C:\Program Files\Android\Android Studio\jbr\bin\management_ext.dll
0x00007fffa4c50000 - 0x00007fffa4c58000 	C:\Windows\System32\PSAPI.DLL
0x00007fffa37f0000 - 0x00007fffa3808000 	C:\Windows\SYSTEM32\CRYPTSP.dll
0x00007fffa2f20000 - 0x00007fffa2f55000 	C:\Windows\system32\rsaenh.dll
0x00007fffa3e30000 - 0x00007fffa3e5e000 	C:\Windows\SYSTEM32\USERENV.dll
0x00007fffa3810000 - 0x00007fffa381c000 	C:\Windows\SYSTEM32\CRYPTBASE.dll
0x00007fffa32e0000 - 0x00007fffa331b000 	C:\Windows\SYSTEM32\IPHLPAPI.DLL
0x00007fffa52d0000 - 0x00007fffa52d8000 	C:\Windows\System32\NSI.dll
0x00007fff9d960000 - 0x00007fff9d969000 	C:\Program Files\Android\Android Studio\jbr\bin\extnet.dll
0x00007fff9fef0000 - 0x00007fff9fef7000 	C:\Windows\system32\wshunix.dll
0x000000005abc0000 - 0x000000005ac33000 	C:\Users\Hii\AppData\Local\Temp\native-platform6519438975868896999dir\gradle-fileevents.dll
0x00007fff7bea0000 - 0x00007fff7beb7000 	C:\Windows\system32\napinsp.dll
0x00007fff7be80000 - 0x00007fff7be9b000 	C:\Windows\system32\pnrpnsp.dll
0x00007fff9e1d0000 - 0x00007fff9e1ed000 	C:\Windows\system32\wshbth.dll
0x00007fff9b9b0000 - 0x00007fff9b9cd000 	C:\Windows\system32\NLAapi.dll
0x00007fffa3320000 - 0x00007fffa33ea000 	C:\Windows\SYSTEM32\DNSAPI.dll
0x00007fff7be60000 - 0x00007fff7be72000 	C:\Windows\System32\winrnr.dll
0x00007fff9c120000 - 0x00007fff9c12a000 	C:\Windows\System32\rasadhlp.dll
0x00007fff92880000 - 0x00007fff92900000 	C:\Windows\System32\fwpuclnt.dll

dbghelp: loaded successfully - version: 4.0.5 - missing functions: none
symbol engine: initialized successfully - sym options: 0x614 - pdb path: .;C:\Program Files\Android\Android Studio\jbr\bin;C:\Windows\SYSTEM32;C:\Windows\WinSxS\amd64_microsoft.windows.common-controls_6595b64144ccf1df_6.0.19041.5915_none_60b4b9d171f9c7c7;C:\Program Files\Android\Android Studio\jbr\bin\server;C:\Users\Hii\.gradle\native\1def1411415f61bf3af743bc5b6707747c0891f09f0c88961ee8f79bc544acac\windows-amd64;C:\Users\Hii\.gradle\native\0.2.5\x86_64-windows-gnu;C:\Users\Hii\AppData\Local\Temp\native-platform6519438975868896999dir

VM Arguments:
jvm_args: --add-opens=java.base/java.lang=ALL-UNNAMED --add-opens=java.base/java.lang.invoke=ALL-UNNAMED --add-opens=java.base/java.util=ALL-UNNAMED --add-opens=java.prefs/java.util.prefs=ALL-UNNAMED --add-exports=jdk.compiler/com.sun.tools.javac.api=ALL-UNNAMED --add-exports=jdk.compiler/com.sun.tools.javac.util=ALL-UNNAMED --add-opens=java.base/java.util=ALL-UNNAMED --add-opens=java.prefs/java.util.prefs=ALL-UNNAMED --add-opens=java.base/java.nio.charset=ALL-UNNAMED --add-opens=java.base/java.net=ALL-UNNAMED --add-opens=java.base/java.util.concurrent.atomic=ALL-UNNAMED --add-opens=java.xml/javax.xml.namespace=ALL-UNNAMED -XX:MaxMetaspaceSize=512m -XX:+HeapDumpOnOutOfMemoryError -Xmx2048m -Dfile.encoding=UTF-8 -Duser.country=US -Duser.language=en -Duser.variant -javaagent:C:\Users\Hii\.gradle\wrapper\dists\gradle-8.12-all\ejduaidbjup3bmmkhw3rie4zb\gradle-8.12\lib\agents\gradle-instrumentation-agent-8.12.jar 
java_command: org.gradle.launcher.daemon.bootstrap.GradleDaemon 8.12
java_class_path (initial): C:\Users\Hii\.gradle\wrapper\dists\gradle-8.12-all\ejduaidbjup3bmmkhw3rie4zb\gradle-8.12\lib\gradle-daemon-main-8.12.jar
Launcher Type: SUN_STANDARD

[Global flags]
     intx CICompilerCount                          = 3                                         {product} {ergonomic}
   size_t CompressedClassSpaceSize                 = 436207616                                 {product} {ergonomic}
     uint ConcGCThreads                            = 1                                         {product} {ergonomic}
     uint G1ConcRefinementThreads                  = 4                                         {product} {ergonomic}
   size_t G1HeapRegionSize                         = 1048576                                   {product} {ergonomic}
    uintx GCDrainStackTargetSize                   = 64                                        {product} {ergonomic}
     bool HeapDumpOnOutOfMemoryError               = true                                   {manageable} {command line}
   size_t InitialHeapSize                          = 67108864                                  {product} {ergonomic}
   size_t MarkStackSize                            = 4194304                                   {product} {ergonomic}
   size_t MaxHeapSize                              = 2147483648                                {product} {command line}
   size_t MaxMetaspaceSize                         = 536870912                                 {product} {command line}
   size_t MaxNewSize                               = 1287651328                                {product} {ergonomic}
   size_t MinHeapDeltaBytes                        = 1048576                                   {product} {ergonomic}
   size_t MinHeapSize                              = 8388608                                   {product} {ergonomic}
    uintx NonNMethodCodeHeapSize                   = 5832780                                {pd product} {ergonomic}
    uintx NonProfiledCodeHeapSize                  = 122912730                              {pd product} {ergonomic}
    uintx ProfiledCodeHeapSize                     = 122912730                              {pd product} {ergonomic}
    uintx ReservedCodeCacheSize                    = 251658240                              {pd product} {ergonomic}
     bool SegmentedCodeCache                       = true                                      {product} {ergonomic}
   size_t SoftMaxHeapSize                          = 2147483648                             {manageable} {ergonomic}
     bool UseCompressedOops                        = true                           {product lp64_product} {ergonomic}
     bool UseG1GC                                  = true                                      {product} {ergonomic}
     bool UseLargePagesIndividualAllocation        = false                                  {pd product} {ergonomic}

Logging:
Log output configuration:
 #0: stdout all=warning uptime,level,tags foldmultilines=false
 #1: stderr all=off uptime,level,tags foldmultilines=false

Environment Variables:
JAVA_HOME=C:\Program Files\Android\Android Studio\jbr
CLASSPATH=C:\Users\Hii\StudioProjects\project1\android\\gradle\wrapper\gradle-wrapper.jar
PATH=C:\Program Files\Android\Android Studio\jbr\bin;C:\Python313\Scripts\;C:\Python313\;C:\Program Files\Common Files\Oracle\Java\javapath;C:\Python312\Scripts\;C:\Python312\;C:\Windows\system32;C:\Windows;C:\Windows\System32\Wbem;C:\Windows\System32\WindowsPowerShell\v1.0\;C:\Windows\System32\OpenSSH\;C:\Program Files\Common Files\Autodesk Shared\;C:\Program Files\Microsoft SQL Server\120\Tools\Binn\;C:\ProgramData\chocolatey\bin;C:\Program Files\nodejs\;C:\laragon\maven-mvnd-1.0.2-windows-amd64\bin\bin;C:\flutter\bin;C:\Program Files\MySQL\MySQL Shell 8.0\bin\;C:\Users\Hii\AppData\Local\Microsoft\WindowsApps;C:\Program Files\MySQL\MySQL Server 8.0\bin;C:\Program Files\MySQL\MySQL Server 8.0\bin;C:\Users\Hii\AppData\Local\GitHubDesktop\bin;C:\Users\Hii\AppData\Local\Programs\Microsoft VS Code\bin;C:\Users\Hii\AppData\Roaming\npm;C:\flutter\bin;;C:\flutter\bin\mingit\cmd
USERNAME=Hii
OS=Windows_NT
PROCESSOR_IDENTIFIER=Intel64 Family 6 Model 142 Stepping 10, GenuineIntel
TMP=C:\Users\Hii\AppData\Local\Temp
TEMP=C:\Users\Hii\AppData\Local\Temp




Periodic native trim disabled

JNI global refs:
JNI global refs: 29, weak refs: 0

JNI global refs memory usage: 835, weak refs: 833

Process memory usage:
Resident Set Size: 472844K (11% of 4094540K total physical memory with 217208K free physical memory)

OOME stack traces (most recent first):
Classloader memory used:
Loader org.gradle.internal.classloader.VisitableURLClassLoader                         : 46034K
Loader org.gradle.internal.classloader.VisitableURLClassLoader$InstrumentingVisitableURLClassLoader: 41800K
Loader bootstrap                                                                       : 29469K
Loader org.gradle.initialization.MixInLegacyTypesClassLoader                           : 12957K
Loader jdk.internal.loader.ClassLoaders$PlatformClassLoader                            : 506K
Loader jdk.internal.reflect.DelegatingClassLoader                                      : 235K
Loader jdk.internal.loader.ClassLoaders$AppClassLoader                                 : 232K
Loader org.gradle.groovy.scripts.internal.DefaultScriptCompilationHandler$ScriptClassLoader: 222K
Loader org.gradle.internal.classloader.VisitableURLClassLoader                         : 186K
Loader org.codehaus.groovy.runtime.callsite.CallSiteClassLoader                        : 18584B


[error occurred during error reporting (Classloader stats), id 0xe0000001, Out of Memory Error (s\src\hotspot\share\memory\arena.cpp:168)]
---------------  S Y S T E M  ---------------

OS:
 Windows 10 , 64 bit Build 19041 (10.0.19041.5915)
OS uptime: 3 days 11:45 hours

CPU: total 4 (initial active 4) (2 cores per cpu, 2 threads per core) family 6 model 142 stepping 10 microcode 0xf6, cx8, cmov, fxsr, ht, mmx, 3dnowpref, sse, sse2, sse3, ssse3, sse4.1, sse4.2, popcnt, lzcnt, tsc, tscinvbit, avx, avx2, aes, erms, clmul, bmi1, bmi2, adx, fma, vzeroupper, clflush, clflushopt, rdtscp, f16c
Processor Information for processor 0
  Max Mhz: 2201, Current Mhz: 1500, Mhz Limit: 2201
Processor Information for processor 1
  Max Mhz: 2201, Current Mhz: 2201, Mhz Limit: 2201
Processor Information for processor 2
  Max Mhz: 2201, Current Mhz: 2201, Mhz Limit: 2201
Processor Information for processor 3
  Max Mhz: 2201, Current Mhz: 1500, Mhz Limit: 2201

Memory: 4k page, system-wide physical 3998M (212M free)
TotalPageFile size 16286M (AvailPageFile size 0M)
current process WorkingSet (physical memory assigned to process): 463M, peak: 510M
current process commit charge ("private bytes"): 594M, peak: 599M

vm_info: OpenJDK 64-Bit Server VM (21.0.6+-13368085-b895.109) for windows-amd64 JRE (21.0.6+-13368085-b895.109), built on 2025-04-16T17:01:31Z by "builder" with MS VC++ 16.10 / 16.11 (VS2019)

END.
