#
# There is insufficient memory for the Java Runtime Environment to continue.
# Native memory allocation (malloc) failed to allocate 788176 bytes. Error detail: Chunk::new
# Possible reasons:
#   The system is out of physical RAM or swap space
#   This process is running with CompressedOops enabled, and the Java Heap may be blocking the growth of the native heap
# Possible solutions:
#   Reduce memory load on the system
#   Increase physical memory or swap space
#   Check if swap backing store is full
#   Decrease Java heap size (-Xmx/-Xms)
#   Decrease number of Java threads
#   Decrease Java thread stack sizes (-Xss)
#   Set larger code cache with -XX:ReservedCodeCacheSize=
#   JVM is running with Unscaled Compressed Oops mode in which the Java heap is
#     placed in the first 4GB address space. The Java Heap base address is the
#     maximum limit for the native heap growth. Please use -XX:HeapBaseMinAddress
#     to set the Java Heap base and to place the Java Heap above 4GB virtual address.
# This output file may be truncated or incomplete.
#
#  Out of Memory Error (arena.cpp:168), pid=12920, tid=14900
#
# JRE version: OpenJDK Runtime Environment (21.0.6) (build 21.0.6+-13368085-b895.109)
# Java VM: OpenJDK 64-Bit Server VM (21.0.6+-13368085-b895.109, mixed mode, tiered, compressed oops, compressed class ptrs, g1 gc, windows-amd64)
# No core dump will be written. Minidumps are not enabled by default on client versions of Windows
#

---------------  S U M M A R Y ------------

Command Line: org.jetbrains.kotlin.cli.jvm.K2JVMCompiler @C:\Users\Hii\StudioProjects\project1\build\file_picker\20250702_16713193493137048481.compiler.options

Host: Intel(R) Core(TM) i3-8130U CPU @ 2.20GHz, 4 cores, 3G,  Windows 10 , 64 bit Build 19041 (10.0.19041.5915)
Time: Wed Jul  2 00:13:46 2025 India Standard Time elapsed time: 2.369564 seconds (0d 0h 0m 2s)

---------------  T H R E A D  ---------------

Current thread (0x000002622d91d6b0):  JavaThread "C2 CompilerThread0" daemon [_thread_in_native, id=14900, stack(0x000000c05b900000,0x000000c05ba00000) (1024K)]


Current CompileTask:
C2:2369 1514   !   4       jdk.internal.loader.BuiltinClassLoader::loadClassOrNull (143 bytes)

Stack: [0x000000c05b900000,0x000000c05ba00000]
Native frames: (J=compiled Java code, j=interpreted, Vv=VM code, C=native code)
V  [jvm.dll+0x6d0639]
V  [jvm.dll+0x85eb03]
V  [jvm.dll+0x86105e]
V  [jvm.dll+0x861743]
V  [jvm.dll+0x27e6e6]
V  [jvm.dll+0xbff6d]
V  [jvm.dll+0xc04a3]
V  [jvm.dll+0x2f2780]
V  [jvm.dll+0x5fa409]
V  [jvm.dll+0x250d92]
V  [jvm.dll+0x25114f]
V  [jvm.dll+0x2498f5]
V  [jvm.dll+0x24714e]
V  [jvm.dll+0x1c5f04]
V  [jvm.dll+0x2569ac]
V  [jvm.dll+0x254ef6]
V  [jvm.dll+0x3f0e96]
V  [jvm.dll+0x806ed8]
V  [jvm.dll+0x6cef0d]
C  [ucrtbase.dll+0x21bb2]
C  [KERNEL32.DLL+0x17374]
C  [ntdll.dll+0x4cc91]


---------------  P R O C E S S  ---------------

Threads class SMR info:
_java_thread_list=0x000002622da891e0, length=11, elements={
0x0000026215b311f0, 0x000002622d7b6330, 0x000002622d7ba380, 0x000002622d7bcef0,
0x000002622d91b490, 0x000002622d91bee0, 0x000002622d91c930, 0x000002622d91d6b0,
0x000002622d921640, 0x000002622daabb30, 0x000002622dababa0
}

Java Threads: ( => current thread )
  0x0000026215b311f0 JavaThread "main"                              [_thread_in_vm, id=2052, stack(0x000000c05ab00000,0x000000c05ac00000) (1024K)]
  0x000002622d7b6330 JavaThread "Reference Handler"          daemon [_thread_blocked, id=9748, stack(0x000000c05b300000,0x000000c05b400000) (1024K)]
  0x000002622d7ba380 JavaThread "Finalizer"                  daemon [_thread_blocked, id=1744, stack(0x000000c05b400000,0x000000c05b500000) (1024K)]
  0x000002622d7bcef0 JavaThread "Signal Dispatcher"          daemon [_thread_blocked, id=12188, stack(0x000000c05b500000,0x000000c05b600000) (1024K)]
  0x000002622d91b490 JavaThread "Attach Listener"            daemon [_thread_blocked, id=8660, stack(0x000000c05b600000,0x000000c05b700000) (1024K)]
  0x000002622d91bee0 JavaThread "Service Thread"             daemon [_thread_blocked, id=9892, stack(0x000000c05b700000,0x000000c05b800000) (1024K)]
  0x000002622d91c930 JavaThread "Monitor Deflation Thread"   daemon [_thread_blocked, id=16260, stack(0x000000c05b800000,0x000000c05b900000) (1024K)]
=>0x000002622d91d6b0 JavaThread "C2 CompilerThread0"         daemon [_thread_in_native, id=14900, stack(0x000000c05b900000,0x000000c05ba00000) (1024K)]
  0x000002622d921640 JavaThread "C1 CompilerThread0"         daemon [_thread_blocked, id=12028, stack(0x000000c05ba00000,0x000000c05bb00000) (1024K)]
  0x000002622daabb30 JavaThread "Notification Thread"        daemon [_thread_blocked, id=17820, stack(0x000000c05bb00000,0x000000c05bc00000) (1024K)]
  0x000002622dababa0 JavaThread "Common-Cleaner"             daemon [_thread_blocked, id=2840, stack(0x000000c05bc00000,0x000000c05bd00000) (1024K)]
Total: 11

Other Threads:
  0x0000026217e5e290 VMThread "VM Thread"                           [id=7336, stack(0x000000c05b200000,0x000000c05b300000) (1024K)]
  0x000002622d6eca10 WatcherThread "VM Periodic Task Thread"        [id=1896, stack(0x000000c05b100000,0x000000c05b200000) (1024K)]
  0x0000026217dd6ef0 WorkerThread "GC Thread#0"                     [id=15296, stack(0x000000c05ac00000,0x000000c05ad00000) (1024K)]
  0x0000026232315270 WorkerThread "GC Thread#1"                     [id=16360, stack(0x000000c05bd00000,0x000000c05be00000) (1024K)]
  0x0000026232323af0 WorkerThread "GC Thread#2"                     [id=14092, stack(0x000000c05be00000,0x000000c05bf00000) (1024K)]
  0x00000262322f3190 WorkerThread "GC Thread#3"                     [id=17304, stack(0x000000c05bf00000,0x000000c05c000000) (1024K)]
  0x0000026217ddfd40 ConcurrentGCThread "G1 Main Marker"            [id=10732, stack(0x000000c05ad00000,0x000000c05ae00000) (1024K)]
  0x0000026217de19c0 WorkerThread "G1 Conc#0"                       [id=7292, stack(0x000000c05ae00000,0x000000c05af00000) (1024K)]
  0x0000026217e3c7a0 ConcurrentGCThread "G1 Refine#0"               [id=14764, stack(0x000000c05af00000,0x000000c05b000000) (1024K)]
  0x0000026217e3d310 ConcurrentGCThread "G1 Service"                [id=11848, stack(0x000000c05b000000,0x000000c05b100000) (1024K)]
Total: 10

Threads with active compile tasks:
C2 CompilerThread0  2402 1514   !   4       jdk.internal.loader.BuiltinClassLoader::loadClassOrNull (143 bytes)
Total: 1

VM state: not at safepoint (normal execution)

VM Mutex/Monitor currently owned by a thread: None

Heap address: 0x00000000c1800000, size: 1000 MB, Compressed Oops mode: 32-bit

CDS archive(s) not mapped
Compressed class space mapped at: 0x0000000100000000-0x0000000140000000, reserved size: 1073741824
Narrow klass base: 0x0000000000000000, Narrow klass shift: 3, Narrow klass range: 0x140000000

GC Precious Log:
 CardTable entry size: 512
 Card Set container configuration: InlinePtr #cards 5 size 8 Array Of Cards #cards 12 size 40 Howl #buckets 4 coarsen threshold 1843 Howl Bitmap #cards 512 size 80 coarsen threshold 460 Card regions per heap region 1 cards per card region 2048
 CPUs: 4 total, 4 available
 Memory: 3998M
 Large Page Support: Disabled
 NUMA Support: Disabled
 Compressed Oops: Enabled (32-bit)
 Heap Region Size: 1M
 Heap Min Capacity: 8M
 Heap Initial Capacity: 64M
 Heap Max Capacity: 1000M
 Pre-touch: Disabled
 Parallel Workers: 4
 Concurrent Workers: 1
 Concurrent Refinement Workers: 4
 Periodic GC: Disabled

Heap:
 garbage-first heap   total 38912K, used 18052K [0x00000000c1800000, 0x0000000100000000)
  region size 1024K, 5 young (5120K), 1 survivors (1024K)
 Metaspace       used 30026K, committed 30272K, reserved 1114112K
  class space    used 3280K, committed 3392K, reserved 1048576K

Heap Regions: E=young(eden), S=young(survivor), O=old, HS=humongous(starts), HC=humongous(continues), CS=collection set, F=free, TAMS=top-at-mark-start, PB=parsable bottom
|   0|0x00000000c1800000, 0x00000000c1900000, 0x00000000c1900000|100%|HS|  |TAMS 0x00000000c1800000| PB 0x00000000c1800000| Complete 
|   1|0x00000000c1900000, 0x00000000c1a00000, 0x00000000c1a00000|100%|HC|  |TAMS 0x00000000c1900000| PB 0x00000000c1900000| Complete 
|   2|0x00000000c1a00000, 0x00000000c1b00000, 0x00000000c1b00000|100%|HC|  |TAMS 0x00000000c1a00000| PB 0x00000000c1a00000| Complete 
|   3|0x00000000c1b00000, 0x00000000c1c00000, 0x00000000c1c00000|100%|HC|  |TAMS 0x00000000c1b00000| PB 0x00000000c1b00000| Complete 
|   4|0x00000000c1c00000, 0x00000000c1d00000, 0x00000000c1d00000|100%| O|  |TAMS 0x00000000c1c00000| PB 0x00000000c1c00000| Untracked 
|   5|0x00000000c1d00000, 0x00000000c1e00000, 0x00000000c1e00000|100%| O|  |TAMS 0x00000000c1d00000| PB 0x00000000c1d00000| Untracked 
|   6|0x00000000c1e00000, 0x00000000c1e00000, 0x00000000c1f00000|  0%| F|  |TAMS 0x00000000c1e00000| PB 0x00000000c1e00000| Untracked 
|   7|0x00000000c1f00000, 0x00000000c2000000, 0x00000000c2000000|100%| O|  |TAMS 0x00000000c1f00000| PB 0x00000000c1f00000| Untracked 
|   8|0x00000000c2000000, 0x00000000c2100000, 0x00000000c2100000|100%| O|  |TAMS 0x00000000c2000000| PB 0x00000000c2000000| Untracked 
|   9|0x00000000c2100000, 0x00000000c2200000, 0x00000000c2200000|100%| O|  |TAMS 0x00000000c2100000| PB 0x00000000c2100000| Untracked 
|  10|0x00000000c2200000, 0x00000000c2300000, 0x00000000c2300000|100%| O|  |TAMS 0x00000000c2200000| PB 0x00000000c2200000| Untracked 
|  11|0x00000000c2300000, 0x00000000c23a1060, 0x00000000c2400000| 62%| O|  |TAMS 0x00000000c2300000| PB 0x00000000c2300000| Untracked 
|  12|0x00000000c2400000, 0x00000000c2400000, 0x00000000c2500000|  0%| F|  |TAMS 0x00000000c2400000| PB 0x00000000c2400000| Untracked 
|  13|0x00000000c2500000, 0x00000000c2500000, 0x00000000c2600000|  0%| F|  |TAMS 0x00000000c2500000| PB 0x00000000c2500000| Untracked 
|  14|0x00000000c2600000, 0x00000000c2600000, 0x00000000c2700000|  0%| F|  |TAMS 0x00000000c2600000| PB 0x00000000c2600000| Untracked 
|  15|0x00000000c2700000, 0x00000000c2800000, 0x00000000c2800000|100%| S|CS|TAMS 0x00000000c2700000| PB 0x00000000c2700000| Complete 
|  16|0x00000000c2800000, 0x00000000c2800000, 0x00000000c2900000|  0%| F|  |TAMS 0x00000000c2800000| PB 0x00000000c2800000| Untracked 
|  17|0x00000000c2900000, 0x00000000c2900000, 0x00000000c2a00000|  0%| F|  |TAMS 0x00000000c2900000| PB 0x00000000c2900000| Untracked 
|  18|0x00000000c2a00000, 0x00000000c2a00000, 0x00000000c2b00000|  0%| F|  |TAMS 0x00000000c2a00000| PB 0x00000000c2a00000| Untracked 
|  19|0x00000000c2b00000, 0x00000000c2b00000, 0x00000000c2c00000|  0%| F|  |TAMS 0x00000000c2b00000| PB 0x00000000c2b00000| Untracked 
|  20|0x00000000c2c00000, 0x00000000c2c00000, 0x00000000c2d00000|  0%| F|  |TAMS 0x00000000c2c00000| PB 0x00000000c2c00000| Untracked 
|  21|0x00000000c2d00000, 0x00000000c2d00000, 0x00000000c2e00000|  0%| F|  |TAMS 0x00000000c2d00000| PB 0x00000000c2d00000| Untracked 
|  22|0x00000000c2e00000, 0x00000000c2e00000, 0x00000000c2f00000|  0%| F|  |TAMS 0x00000000c2e00000| PB 0x00000000c2e00000| Untracked 
|  23|0x00000000c2f00000, 0x00000000c2f00000, 0x00000000c3000000|  0%| F|  |TAMS 0x00000000c2f00000| PB 0x00000000c2f00000| Untracked 
|  24|0x00000000c3000000, 0x00000000c3000000, 0x00000000c3100000|  0%| F|  |TAMS 0x00000000c3000000| PB 0x00000000c3000000| Untracked 
|  25|0x00000000c3100000, 0x00000000c3100000, 0x00000000c3200000|  0%| F|  |TAMS 0x00000000c3100000| PB 0x00000000c3100000| Untracked 
|  26|0x00000000c3200000, 0x00000000c3200000, 0x00000000c3300000|  0%| F|  |TAMS 0x00000000c3200000| PB 0x00000000c3200000| Untracked 
|  27|0x00000000c3300000, 0x00000000c3300000, 0x00000000c3400000|  0%| F|  |TAMS 0x00000000c3300000| PB 0x00000000c3300000| Untracked 
|  28|0x00000000c3400000, 0x00000000c3400000, 0x00000000c3500000|  0%| F|  |TAMS 0x00000000c3400000| PB 0x00000000c3400000| Untracked 
|  29|0x00000000c3500000, 0x00000000c3500000, 0x00000000c3600000|  0%| F|  |TAMS 0x00000000c3500000| PB 0x00000000c3500000| Untracked 
|  30|0x00000000c3600000, 0x00000000c3600000, 0x00000000c3700000|  0%| F|  |TAMS 0x00000000c3600000| PB 0x00000000c3600000| Untracked 
|  31|0x00000000c3700000, 0x00000000c375b170, 0x00000000c3800000| 35%| E|  |TAMS 0x00000000c3700000| PB 0x00000000c3700000| Complete 
|  49|0x00000000c4900000, 0x00000000c4a00000, 0x00000000c4a00000|100%| E|CS|TAMS 0x00000000c4900000| PB 0x00000000c4900000| Complete 
|  50|0x00000000c4a00000, 0x00000000c4b00000, 0x00000000c4b00000|100%| E|CS|TAMS 0x00000000c4a00000| PB 0x00000000c4a00000| Complete 
|  63|0x00000000c5700000, 0x00000000c5800000, 0x00000000c5800000|100%| E|CS|TAMS 0x00000000c5700000| PB 0x00000000c5700000| Complete 
| 997|0x00000000ffd00000, 0x00000000ffe00000, 0x00000000ffe00000|100%| O|  |TAMS 0x00000000ffd00000| PB 0x00000000ffd00000| Untracked 
| 998|0x00000000ffe00000, 0x00000000fff00000, 0x00000000fff00000|100%| O|  |TAMS 0x00000000ffe00000| PB 0x00000000ffe00000| Untracked 
| 999|0x00000000fff00000, 0x0000000100000000, 0x0000000100000000|100%| O|  |TAMS 0x00000000fff00000| PB 0x00000000fff00000| Untracked 

Card table byte_map: [0x000002622a100000,0x000002622a300000] _byte_map_base: 0x0000026229af4000

Marking Bits: (CMBitMap*) 0x0000026217dd75f0
 Bits: [0x000002622a300000, 0x000002622b2a0000)

Polling page: 0x0000026215ae0000

Metaspace:

Usage:
  Non-class:     26.13 MB used.
      Class:      3.21 MB used.
       Both:     29.34 MB used.

Virtual space:
  Non-class space:       64.00 MB reserved,      26.25 MB ( 41%) committed,  1 nodes.
      Class space:        1.00 GB reserved,       3.31 MB ( <1%) committed,  1 nodes.
             Both:        1.06 GB reserved,      29.56 MB (  3%) committed. 

Chunk freelists:
   Non-Class:  5.70 MB
       Class:  12.58 MB
        Both:  18.28 MB

MaxMetaspaceSize: unlimited
CompressedClassSpaceSize: 1.00 GB
Initial GC threshold: 21.00 MB
Current GC threshold: 35.25 MB
CDS: off
 - commit_granule_bytes: 65536.
 - commit_granule_words: 8192.
 - virtual_space_node_default_size: 8388608.
 - enlarge_chunks_in_place: 1.
 - use_allocation_guard: 0.


Internal statistics:

num_allocs_failed_limit: 3.
num_arena_births: 220.
num_arena_deaths: 0.
num_vsnodes_births: 2.
num_vsnodes_deaths: 0.
num_space_committed: 473.
num_space_uncommitted: 0.
num_chunks_returned_to_freelist: 3.
num_chunks_taken_from_freelist: 1022.
num_chunk_merges: 3.
num_chunk_splits: 795.
num_chunks_enlarged: 693.
num_inconsistent_stats: 0.

CodeHeap 'non-profiled nmethods': size=120000Kb used=555Kb max_used=555Kb free=119444Kb
 bounds [0x00000262229d0000, 0x0000026222c40000, 0x0000026229f00000]
CodeHeap 'profiled nmethods': size=120000Kb used=2565Kb max_used=2565Kb free=117434Kb
 bounds [0x000002621af00000, 0x000002621b190000, 0x0000026222430000]
CodeHeap 'non-nmethods': size=5760Kb used=1424Kb max_used=1436Kb free=4335Kb
 bounds [0x0000026222430000, 0x00000262226a0000, 0x00000262229d0000]
 total_blobs=2054 nmethods=1521 adapters=438
 compilation: enabled
              stopped_count=0, restarted_count=0
 full_count=0

Compilation events (20 events):
Event: 2.223 Thread 0x000002622d921640 nmethod 1512 0x000002621b17e990 code [0x000002621b17eb40, 0x000002621b17ec80]
Event: 2.238 Thread 0x000002622d91d6b0 1513       4       java.lang.String::substring (58 bytes)
Event: 2.241 Thread 0x000002622d921640 1516       3       kotlin.reflect.jvm.internal.impl.name.FqName::<init> (18 bytes)
Event: 2.242 Thread 0x000002622d921640 nmethod 1516 0x000002621b17ed90 code [0x000002621b17ef40, 0x000002621b17f170]
Event: 2.242 Thread 0x000002622d921640 1517       3       java.util.Arrays::copyOf (10 bytes)
Event: 2.242 Thread 0x000002622d921640 nmethod 1517 0x000002621b17f290 code [0x000002621b17f440, 0x000002621b17f580]
Event: 2.245 Thread 0x000002622d91d6b0 nmethod 1513 0x0000026222a59890 code [0x0000026222a59a60, 0x0000026222a5a1a8]
Event: 2.245 Thread 0x000002622d91d6b0 1515   !   4       java.lang.ref.NativeReferenceQueue::poll (28 bytes)
Event: 2.246 Thread 0x000002622d91d6b0 nmethod 1515 0x0000026222a5a510 code [0x0000026222a5a6a0, 0x0000026222a5a9a0]
Event: 2.246 Thread 0x000002622d91d6b0 1514   !   4       jdk.internal.loader.BuiltinClassLoader::loadClassOrNull (143 bytes)
Event: 2.264 Thread 0x000002622d921640 1519       3       java.lang.invoke.DirectMethodHandle::shouldBeInitialized (117 bytes)
Event: 2.265 Thread 0x000002622d921640 nmethod 1519 0x000002621b17f690 code [0x000002621b17f8e0, 0x000002621b180080]
Event: 2.315 Thread 0x000002622d921640 1521       3       java.lang.Character::charCount (12 bytes)
Event: 2.315 Thread 0x000002622d921640 nmethod 1521 0x000002621b180290 code [0x000002621b180440, 0x000002621b1805a0]
Event: 2.344 Thread 0x000002622d921640 1522       3       java.util.Arrays::asList (9 bytes)
Event: 2.344 Thread 0x000002622d921640 nmethod 1522 0x000002621b180610 code [0x000002621b180800, 0x000002621b180c70]
Event: 2.344 Thread 0x000002622d921640 1523       3       java.util.Arrays$ArrayList::<init> (16 bytes)
Event: 2.345 Thread 0x000002622d921640 nmethod 1523 0x000002621b180e10 code [0x000002621b180fe0, 0x000002621b1813b8]
Event: 2.362 Thread 0x000002622d921640 1524       1       org.jetbrains.kotlin.com.intellij.psi.tree.IElementType::getIndex (5 bytes)
Event: 2.362 Thread 0x000002622d921640 nmethod 1524 0x0000026222a5aa90 code [0x0000026222a5ac20, 0x0000026222a5acf0]

GC Heap History (10 events):
Event: 0.731 GC heap before
{Heap before GC invocations=0 (full 0):
 garbage-first heap   total 65536K, used 17408K [0x00000000c1800000, 0x0000000100000000)
  region size 1024K, 13 young (13312K), 0 survivors (0K)
 Metaspace       used 11157K, committed 11264K, reserved 1114112K
  class space    used 921K, committed 960K, reserved 1048576K
}
Event: 0.738 GC heap after
{Heap after GC invocations=1 (full 0):
 garbage-first heap   total 65536K, used 6405K [0x00000000c1800000, 0x0000000100000000)
  region size 1024K, 2 young (2048K), 2 survivors (2048K)
 Metaspace       used 11157K, committed 11264K, reserved 1114112K
  class space    used 921K, committed 960K, reserved 1048576K
}
Event: 1.173 GC heap before
{Heap before GC invocations=1 (full 0):
 garbage-first heap   total 65536K, used 25861K [0x00000000c1800000, 0x0000000100000000)
  region size 1024K, 22 young (22528K), 2 survivors (2048K)
 Metaspace       used 16886K, committed 17024K, reserved 1114112K
  class space    used 1647K, committed 1664K, reserved 1048576K
}
Event: 1.179 GC heap after
{Heap after GC invocations=2 (full 0):
 garbage-first heap   total 65536K, used 7931K [0x00000000c1800000, 0x0000000100000000)
  region size 1024K, 2 young (2048K), 2 survivors (2048K)
 Metaspace       used 16886K, committed 17024K, reserved 1114112K
  class space    used 1647K, committed 1664K, reserved 1048576K
}
Event: 1.488 GC heap before
{Heap before GC invocations=2 (full 0):
 garbage-first heap   total 65536K, used 20219K [0x00000000c1800000, 0x0000000100000000)
  region size 1024K, 15 young (15360K), 2 survivors (2048K)
 Metaspace       used 21323K, committed 21504K, reserved 1114112K
  class space    used 2173K, committed 2240K, reserved 1048576K
}
Event: 1.493 GC heap after
{Heap after GC invocations=3 (full 0):
 garbage-first heap   total 65536K, used 8340K [0x00000000c1800000, 0x0000000100000000)
  region size 1024K, 2 young (2048K), 2 survivors (2048K)
 Metaspace       used 21323K, committed 21504K, reserved 1114112K
  class space    used 2173K, committed 2240K, reserved 1048576K
}
Event: 1.918 GC heap before
{Heap before GC invocations=4 (full 0):
 garbage-first heap   total 30720K, used 29844K [0x00000000c1800000, 0x0000000100000000)
  region size 1024K, 23 young (23552K), 2 survivors (2048K)
 Metaspace       used 24678K, committed 24960K, reserved 1114112K
  class space    used 2604K, committed 2752K, reserved 1048576K
}
Event: 1.933 GC heap after
{Heap after GC invocations=5 (full 0):
 garbage-first heap   total 38912K, used 13729K [0x00000000c1800000, 0x0000000100000000)
  region size 1024K, 5 young (5120K), 5 survivors (5120K)
 Metaspace       used 24678K, committed 24960K, reserved 1114112K
  class space    used 2604K, committed 2752K, reserved 1048576K
}
Event: 2.293 GC heap before
{Heap before GC invocations=5 (full 0):
 garbage-first heap   total 38912K, used 28065K [0x00000000c1800000, 0x0000000100000000)
  region size 1024K, 19 young (19456K), 5 survivors (5120K)
 Metaspace       used 29034K, committed 29248K, reserved 1114112K
  class space    used 3089K, committed 3200K, reserved 1048576K
}
Event: 2.303 GC heap after
{Heap after GC invocations=6 (full 0):
 garbage-first heap   total 38912K, used 14980K [0x00000000c1800000, 0x0000000100000000)
  region size 1024K, 1 young (1024K), 1 survivors (1024K)
 Metaspace       used 29034K, committed 29248K, reserved 1114112K
  class space    used 3089K, committed 3200K, reserved 1048576K
}

Dll operation events (3 events):
Event: 0.007 Loaded shared library C:\Program Files\Android\Android Studio\jbr\bin\java.dll
Event: 0.014 Loaded shared library C:\Program Files\Android\Android Studio\jbr\bin\zip.dll
Event: 1.958 Loaded shared library C:\Program Files\Android\Android Studio\jbr\bin\verify.dll

Deoptimization events (20 events):
Event: 2.123 Thread 0x0000026215b311f0 Uncommon trap: trap_request=0xffffffc6 fr.pc=0x0000026222a4969c relative=0x00000000000005dc
Event: 2.123 Thread 0x0000026215b311f0 Uncommon trap: reason=bimorphic_or_optimized_type_check action=maybe_recompile pc=0x0000026222a4969c method=java.util.HashMap.getNode(Ljava/lang/Object;)Ljava/util/HashMap$Node; @ 63 c2
Event: 2.123 Thread 0x0000026215b311f0 DEOPT PACKING pc=0x0000026222a4969c sp=0x000000c05abfd6b0
Event: 2.123 Thread 0x0000026215b311f0 DEOPT UNPACKING pc=0x00000262224846a2 sp=0x000000c05abfd5c8 mode 2
Event: 2.127 Thread 0x0000026215b311f0 Uncommon trap: trap_request=0xffffffc6 fr.pc=0x0000026222a4969c relative=0x00000000000005dc
Event: 2.127 Thread 0x0000026215b311f0 Uncommon trap: reason=bimorphic_or_optimized_type_check action=maybe_recompile pc=0x0000026222a4969c method=java.util.HashMap.getNode(Ljava/lang/Object;)Ljava/util/HashMap$Node; @ 63 c2
Event: 2.127 Thread 0x0000026215b311f0 DEOPT PACKING pc=0x0000026222a4969c sp=0x000000c05abfd6b0
Event: 2.127 Thread 0x0000026215b311f0 DEOPT UNPACKING pc=0x00000262224846a2 sp=0x000000c05abfd5c8 mode 2
Event: 2.127 Thread 0x0000026215b311f0 Uncommon trap: trap_request=0xffffffc6 fr.pc=0x0000026222a4969c relative=0x00000000000005dc
Event: 2.127 Thread 0x0000026215b311f0 Uncommon trap: reason=bimorphic_or_optimized_type_check action=maybe_recompile pc=0x0000026222a4969c method=java.util.HashMap.getNode(Ljava/lang/Object;)Ljava/util/HashMap$Node; @ 63 c2
Event: 2.127 Thread 0x0000026215b311f0 DEOPT PACKING pc=0x0000026222a4969c sp=0x000000c05abfd6b0
Event: 2.127 Thread 0x0000026215b311f0 DEOPT UNPACKING pc=0x00000262224846a2 sp=0x000000c05abfd5c8 mode 2
Event: 2.127 Thread 0x0000026215b311f0 Uncommon trap: trap_request=0xffffffde fr.pc=0x0000026222a12e78 relative=0x0000000000000398
Event: 2.127 Thread 0x0000026215b311f0 Uncommon trap: reason=class_check action=maybe_recompile pc=0x0000026222a12e78 method=java.util.HashMap.getNode(Ljava/lang/Object;)Ljava/util/HashMap$Node; @ 63 c2
Event: 2.127 Thread 0x0000026215b311f0 DEOPT PACKING pc=0x0000026222a12e78 sp=0x000000c05abfd650
Event: 2.127 Thread 0x0000026215b311f0 DEOPT UNPACKING pc=0x00000262224846a2 sp=0x000000c05abfd5c8 mode 2
Event: 2.127 Thread 0x0000026215b311f0 Uncommon trap: trap_request=0xffffffde fr.pc=0x0000026222a12e78 relative=0x0000000000000398
Event: 2.127 Thread 0x0000026215b311f0 Uncommon trap: reason=class_check action=maybe_recompile pc=0x0000026222a12e78 method=java.util.HashMap.getNode(Ljava/lang/Object;)Ljava/util/HashMap$Node; @ 63 c2
Event: 2.127 Thread 0x0000026215b311f0 DEOPT PACKING pc=0x0000026222a12e78 sp=0x000000c05abfd650
Event: 2.127 Thread 0x0000026215b311f0 DEOPT UNPACKING pc=0x00000262224846a2 sp=0x000000c05abfd5c8 mode 2

Classes loaded (20 events):
Event: 2.061 Loading class java/lang/invoke/VarHandleByteArrayAsChars$ByteArrayViewVarHandle done
Event: 2.061 Loading class java/lang/invoke/VarHandleByteArrayAsChars$ArrayHandle done
Event: 2.061 Loading class java/lang/invoke/VarHandleByteArrayAsInts$ArrayHandle
Event: 2.063 Loading class java/lang/invoke/VarHandleByteArrayAsInts$ByteArrayViewVarHandle
Event: 2.063 Loading class java/lang/invoke/VarHandleByteArrayAsInts$ByteArrayViewVarHandle done
Event: 2.063 Loading class java/lang/invoke/VarHandleByteArrayAsInts$ArrayHandle done
Event: 2.063 Loading class java/lang/invoke/VarHandleByteArrayAsFloats$ArrayHandle
Event: 2.063 Loading class java/lang/invoke/VarHandleByteArrayAsFloats$ByteArrayViewVarHandle
Event: 2.063 Loading class java/lang/invoke/VarHandleByteArrayAsFloats$ByteArrayViewVarHandle done
Event: 2.063 Loading class java/lang/invoke/VarHandleByteArrayAsFloats$ArrayHandle done
Event: 2.064 Loading class java/lang/invoke/VarHandleByteArrayAsLongs$ArrayHandle
Event: 2.064 Loading class java/lang/invoke/VarHandleByteArrayAsLongs$ByteArrayViewVarHandle
Event: 2.064 Loading class java/lang/invoke/VarHandleByteArrayAsLongs$ByteArrayViewVarHandle done
Event: 2.064 Loading class java/lang/invoke/VarHandleByteArrayAsLongs$ArrayHandle done
Event: 2.064 Loading class java/lang/invoke/VarHandleByteArrayAsDoubles$ArrayHandle
Event: 2.064 Loading class java/lang/invoke/VarHandleByteArrayAsDoubles$ByteArrayViewVarHandle
Event: 2.064 Loading class java/lang/invoke/VarHandleByteArrayAsDoubles$ByteArrayViewVarHandle done
Event: 2.064 Loading class java/lang/invoke/VarHandleByteArrayAsDoubles$ArrayHandle done
Event: 2.170 Loading class java/util/Collections$SingletonMap
Event: 2.170 Loading class java/util/Collections$SingletonMap done

Classes unloaded (0 events):
No events

Classes redefined (0 events):
No events

Internal exceptions (20 events):
Event: 1.290 Thread 0x0000026215b311f0 Exception <a 'java/lang/NoSuchMethodError'{0x00000000c53633a8}: 'int java.lang.invoke.Invokers$Holder.invokeExact_MT(java.lang.Object, java.lang.Object, java.lang.Object)'> (0x00000000c53633a8) 
thrown [s\src\hotspot\share\interpreter\linkResolver.cpp, line 784]
Event: 1.311 Thread 0x0000026215b311f0 Exception <a 'java/lang/NoSuchMethodError'{0x00000000c52420f8}: 'int java.lang.invoke.DirectMethodHandle$Holder.invokeStaticInit(java.lang.Object, java.lang.Object, java.lang.Object)'> (0x00000000c52420f8) 
thrown [s\src\hotspot\share\interpreter\linkResolver.cpp, line 784]
Event: 1.315 Thread 0x0000026215b311f0 Exception <a 'java/lang/NoSuchMethodError'{0x00000000c526ff78}: 'int java.lang.invoke.DirectMethodHandle$Holder.invokeStaticInit(java.lang.Object, java.lang.Object)'> (0x00000000c526ff78) 
thrown [s\src\hotspot\share\interpreter\linkResolver.cpp, line 784]
Event: 1.330 Thread 0x0000026215b311f0 Exception <a 'java/lang/NoSuchMethodError'{0x00000000c512ee78}: 'int java.lang.invoke.DirectMethodHandle$Holder.invokeStatic(java.lang.Object)'> (0x00000000c512ee78) 
thrown [s\src\hotspot\share\interpreter\linkResolver.cpp, line 784]
Event: 1.331 Thread 0x0000026215b311f0 Exception <a 'java/lang/NoSuchMethodError'{0x00000000c51322c0}: 'int java.lang.invoke.DirectMethodHandle$Holder.invokeStaticInit(java.lang.Object)'> (0x00000000c51322c0) 
thrown [s\src\hotspot\share\interpreter\linkResolver.cpp, line 784]
Event: 1.336 Thread 0x0000026215b311f0 Exception <a 'java/lang/NoSuchMethodError'{0x00000000c515ff20}: 'java.lang.Object java.lang.invoke.DirectMethodHandle$Holder.newInvokeSpecial(java.lang.Object, java.lang.Object, int)'> (0x00000000c515ff20) 
thrown [s\src\hotspot\share\interpreter\linkResolver.cpp, line 784]
Event: 1.463 Thread 0x0000026215b311f0 Exception <a 'java/lang/NoSuchMethodError'{0x00000000c4c72da8}: 'void java.lang.invoke.DirectMethodHandle$Holder.invokeStatic(java.lang.Object, java.lang.Object, java.lang.Object, java.lang.Object)'> (0x00000000c4c72da8) 
thrown [s\src\hotspot\share\interpreter\linkResolver.cpp, line 784]
Event: 1.517 Thread 0x0000026215b311f0 Exception <a 'java/lang/NoSuchMethodError'{0x00000000c57b7260}: 'java.lang.Object java.lang.invoke.DirectMethodHandle$Holder.invokeInterface(java.lang.Object, java.lang.Object)'> (0x00000000c57b7260) 
thrown [s\src\hotspot\share\interpreter\linkResolver.cpp, line 784]
Event: 1.579 Thread 0x0000026215b311f0 Exception <a 'java/lang/NoSuchMethodError'{0x00000000c305ad88}: 'void java.lang.invoke.DirectMethodHandle$Holder.invokeStaticInit(java.lang.Object, java.lang.Object)'> (0x00000000c305ad88) 
thrown [s\src\hotspot\share\interpreter\linkResolver.cpp, line 784]
Event: 1.618 Thread 0x0000026215b311f0 Exception <a 'java/lang/NoSuchMethodError'{0x00000000c2e3dc58}: 'int java.lang.invoke.DirectMethodHandle$Holder.invokeVirtual(java.lang.Object, java.lang.Object, java.lang.Object)'> (0x00000000c2e3dc58) 
thrown [s\src\hotspot\share\interpreter\linkResolver.cpp, line 784]
Event: 1.657 Thread 0x0000026215b311f0 Exception <a 'java/lang/NoSuchMethodError'{0x00000000c2c18088}: 'void java.lang.invoke.Invokers$Holder.invokeExact_MT(java.lang.Object, int, java.lang.Object)'> (0x00000000c2c18088) 
thrown [s\src\hotspot\share\interpreter\linkResolver.cpp, line 784]
Event: 1.687 Thread 0x0000026215b311f0 Exception <a 'java/lang/NoSuchMethodError'{0x00000000c2b6a818}: 'void java.lang.invoke.DirectMethodHandle$Holder.invokeVirtual(java.lang.Object, java.lang.Object)'> (0x00000000c2b6a818) 
thrown [s\src\hotspot\share\interpreter\linkResolver.cpp, line 784]
Event: 1.699 Thread 0x0000026215b311f0 Exception <a 'java/lang/NoSuchMethodError'{0x00000000c2be5e88}: 'java.lang.Object java.lang.invoke.DirectMethodHandle$Holder.invokeStatic(java.lang.Object, java.lang.Object, long, long)'> (0x00000000c2be5e88) 
thrown [s\src\hotspot\share\interpreter\linkResolver.cpp, line 784]
Event: 1.711 Thread 0x0000026215b311f0 Exception <a 'java/lang/NoSuchMethodError'{0x00000000c2a104f0}: 'long java.lang.invoke.DirectMethodHandle$Holder.invokeStatic(java.lang.Object, java.lang.Object, int)'> (0x00000000c2a104f0) 
thrown [s\src\hotspot\share\interpreter\linkResolver.cpp, line 784]
Event: 1.712 Thread 0x0000026215b311f0 Exception <a 'java/lang/NoSuchMethodError'{0x00000000c2a1b4d8}: 'java.lang.Object java.lang.invoke.DelegatingMethodHandle$Holder.reinvoke_L(java.lang.Object, int, long, java.lang.Object, java.lang.Object, int, java.lang.Object)'> (0x00000000c2a1b4d8) 
thrown [s\src\hotspot\share\interpreter\linkResolver.cpp, line 784]
Event: 1.719 Thread 0x0000026215b311f0 Exception <a 'java/lang/NoSuchMethodError'{0x00000000c2a42980}: 'java.lang.Object java.lang.invoke.DirectMethodHandle$Holder.invokeStatic(java.lang.Object, java.lang.Object, int)'> (0x00000000c2a42980) 
thrown [s\src\hotspot\share\interpreter\linkResolver.cpp, line 784]
Event: 1.720 Thread 0x0000026215b311f0 Exception <a 'java/lang/NoSuchMethodError'{0x00000000c2a4d5e8}: 'void java.lang.invoke.DelegatingMethodHandle$Holder.delegate(java.lang.Object, java.lang.Object, int, java.lang.Object)'> (0x00000000c2a4d5e8) 
thrown [s\src\hotspot\share\interpreter\linkResolver.cpp, line 784]
Event: 1.723 Thread 0x0000026215b311f0 Exception <a 'java/lang/NoSuchMethodError'{0x00000000c2a697c8}: 'java.lang.Object java.lang.invoke.DirectMethodHandle$Holder.newInvokeSpecial(java.lang.Object, java.lang.Object, java.lang.Object, long)'> (0x00000000c2a697c8) 
thrown [s\src\hotspot\share\interpreter\linkResolver.cpp, line 784]
Event: 1.974 Thread 0x0000026215b311f0 Exception <a 'java/lang/NoSuchMethodError'{0x00000000c4aa5808}: 'void java.lang.invoke.DirectMethodHandle$Holder.invokeStaticInit(java.lang.Object, java.lang.Object, java.lang.Object)'> (0x00000000c4aa5808) 
thrown [s\src\hotspot\share\interpreter\linkResolver.cpp, line 784]
Event: 2.144 Thread 0x0000026215b311f0 Exception <a 'java/lang/NoSuchMethodError'{0x00000000c2ea9e08}: 'java.lang.Object java.lang.invoke.DirectMethodHandle$Holder.newInvokeSpecial(java.lang.Object, java.lang.Object, java.lang.Object, java.lang.Object, java.lang.Object, java.lang.Object, java.lang.Object)'> (0x00000000c2ea9e08) 
thrown [s\src\hotspot\share\interpreter\linkResolver.cpp, line 784]

ZGC Phase Switch (0 events):
No events

VM Operations (20 events):
Event: 1.488 Executing VM operation: CollectForMetadataAllocation (Metadata GC Threshold)
Event: 1.493 Executing VM operation: CollectForMetadataAllocation (Metadata GC Threshold) done
Event: 1.500 Executing VM operation: G1PauseRemark
Event: 1.502 Executing VM operation: G1PauseRemark done
Event: 1.503 Executing VM operation: G1PauseCleanup
Event: 1.504 Executing VM operation: G1PauseCleanup done
Event: 1.719 Executing VM operation: HandshakeAllThreads (Deoptimize)
Event: 1.719 Executing VM operation: HandshakeAllThreads (Deoptimize) done
Event: 1.901 Executing VM operation: HandshakeAllThreads (Deoptimize)
Event: 1.901 Executing VM operation: HandshakeAllThreads (Deoptimize) done
Event: 1.901 Executing VM operation: HandshakeAllThreads (Deoptimize)
Event: 1.901 Executing VM operation: HandshakeAllThreads (Deoptimize) done
Event: 1.918 Executing VM operation: G1CollectForAllocation (G1 Evacuation Pause)
Event: 1.933 Executing VM operation: G1CollectForAllocation (G1 Evacuation Pause) done
Event: 2.031 Executing VM operation: HandshakeAllThreads (Deoptimize)
Event: 2.032 Executing VM operation: HandshakeAllThreads (Deoptimize) done
Event: 2.032 Executing VM operation: HandshakeAllThreads (Deoptimize)
Event: 2.032 Executing VM operation: HandshakeAllThreads (Deoptimize) done
Event: 2.293 Executing VM operation: G1CollectForAllocation (G1 Evacuation Pause)
Event: 2.303 Executing VM operation: G1CollectForAllocation (G1 Evacuation Pause) done

Memory protections (0 events):
No events

Nmethod flushes (0 events):
No events

Events (15 events):
Event: 0.013 Thread 0x0000026215b311f0 Thread added: 0x0000026215b311f0
Event: 0.104 Thread 0x0000026215b311f0 Thread added: 0x000002622d7b6330
Event: 0.104 Thread 0x0000026215b311f0 Thread added: 0x000002622d7ba380
Event: 0.106 Thread 0x0000026215b311f0 Thread added: 0x000002622d7bcef0
Event: 0.106 Thread 0x0000026215b311f0 Thread added: 0x000002622d91b490
Event: 0.106 Thread 0x0000026215b311f0 Thread added: 0x000002622d91bee0
Event: 0.106 Thread 0x0000026215b311f0 Thread added: 0x000002622d91c930
Event: 0.106 Thread 0x0000026215b311f0 Thread added: 0x000002622d91d6b0
Event: 0.106 Thread 0x0000026215b311f0 Thread added: 0x000002622d921640
Event: 0.152 Thread 0x0000026215b311f0 Thread added: 0x000002622daabb30
Event: 0.156 Thread 0x0000026215b311f0 Thread added: 0x000002622dababa0
Event: 0.164 Loaded shared library C:\Program Files\Android\Android Studio\jbr\bin\net.dll
Event: 0.165 Loaded shared library C:\Program Files\Android\Android Studio\jbr\bin\nio.dll
Event: 0.193 Loaded shared library C:\Program Files\Android\Android Studio\jbr\bin\zip.dll
Event: 0.225 Loaded shared library C:\Program Files\Android\Android Studio\jbr\bin\jimage.dll


Dynamic libraries:
0x00007ff60b8b0000 - 0x00007ff60b8ba000 	C:\Program Files\Android\Android Studio\jbr\bin\java.exe
0x00007fffa68b0000 - 0x00007fffa6aa8000 	C:\Windows\SYSTEM32\ntdll.dll
0x00007fffa6670000 - 0x00007fffa6732000 	C:\Windows\System32\KERNEL32.DLL
0x00007fffa40e0000 - 0x00007fffa43d6000 	C:\Windows\System32\KERNELBASE.dll
0x00007fffa3f40000 - 0x00007fffa4040000 	C:\Windows\System32\ucrtbase.dll
0x00007fff9d990000 - 0x00007fff9d9ab000 	C:\Program Files\Android\Android Studio\jbr\bin\VCRUNTIME140.dll
0x00007fff9b130000 - 0x00007fff9b148000 	C:\Program Files\Android\Android Studio\jbr\bin\jli.dll
0x00007fffa4c60000 - 0x00007fffa4dfd000 	C:\Windows\System32\USER32.dll
0x00007fffa4490000 - 0x00007fffa44b2000 	C:\Windows\System32\win32u.dll
0x00007fff90070000 - 0x00007fff9030a000 	C:\Windows\WinSxS\amd64_microsoft.windows.common-controls_6595b64144ccf1df_6.0.19041.5915_none_60b4b9d171f9c7c7\COMCTL32.dll
0x00007fffa63f0000 - 0x00007fffa641b000 	C:\Windows\System32\GDI32.dll
0x00007fffa4a00000 - 0x00007fffa4a9e000 	C:\Windows\System32\msvcrt.dll
0x00007fffa44c0000 - 0x00007fffa45d8000 	C:\Windows\System32\gdi32full.dll
0x00007fffa4040000 - 0x00007fffa40dd000 	C:\Windows\System32\msvcp_win.dll
0x00007fffa62b0000 - 0x00007fffa62df000 	C:\Windows\System32\IMM32.DLL
0x00007fffa0920000 - 0x00007fffa092c000 	C:\Program Files\Android\Android Studio\jbr\bin\vcruntime140_1.dll
0x00007fff7ac70000 - 0x00007fff7acfd000 	C:\Program Files\Android\Android Studio\jbr\bin\msvcp140.dll
0x00007fff67c00000 - 0x00007fff6888b000 	C:\Program Files\Android\Android Studio\jbr\bin\server\jvm.dll
0x00007fffa4e00000 - 0x00007fffa4eb1000 	C:\Windows\System32\ADVAPI32.dll
0x00007fffa6760000 - 0x00007fffa67ff000 	C:\Windows\System32\sechost.dll
0x00007fffa5860000 - 0x00007fffa5983000 	C:\Windows\System32\RPCRT4.dll
0x00007fffa46c0000 - 0x00007fffa46e7000 	C:\Windows\System32\bcrypt.dll
0x00007fffa6800000 - 0x00007fffa686b000 	C:\Windows\System32\WS2_32.dll
0x00007fffa3da0000 - 0x00007fffa3deb000 	C:\Windows\SYSTEM32\POWRPROF.dll
0x00007fff92b80000 - 0x00007fff92ba7000 	C:\Windows\SYSTEM32\WINMM.dll
0x00007fff9dc10000 - 0x00007fff9dc1a000 	C:\Windows\SYSTEM32\VERSION.dll
0x00007fffa3d80000 - 0x00007fffa3d92000 	C:\Windows\SYSTEM32\UMPDC.dll
0x00007fffa2760000 - 0x00007fffa2772000 	C:\Windows\SYSTEM32\kernel.appcore.dll
0x00007fff9fa80000 - 0x00007fff9fa8a000 	C:\Program Files\Android\Android Studio\jbr\bin\jimage.dll
0x00007fffa1ca0000 - 0x00007fffa1ea1000 	C:\Windows\SYSTEM32\DBGHELP.DLL
0x00007fff9ad20000 - 0x00007fff9ad54000 	C:\Windows\SYSTEM32\dbgcore.DLL
0x00007fffa45e0000 - 0x00007fffa4662000 	C:\Windows\System32\bcryptPrimitives.dll
0x00007fff9d970000 - 0x00007fff9d990000 	C:\Program Files\Android\Android Studio\jbr\bin\java.dll
0x00007fff9c380000 - 0x00007fff9c398000 	C:\Program Files\Android\Android Studio\jbr\bin\zip.dll
0x00007fffa59f0000 - 0x00007fffa615e000 	C:\Windows\System32\SHELL32.dll
0x00007fffa1fa0000 - 0x00007fffa2744000 	C:\Windows\SYSTEM32\windows.storage.dll
0x00007fffa4ec0000 - 0x00007fffa5213000 	C:\Windows\System32\combase.dll
0x00007fffa38a0000 - 0x00007fffa38cb000 	C:\Windows\SYSTEM32\Wldp.dll
0x00007fffa6420000 - 0x00007fffa64ed000 	C:\Windows\System32\OLEAUT32.dll
0x00007fffa5220000 - 0x00007fffa52cd000 	C:\Windows\System32\SHCORE.dll
0x00007fffa5990000 - 0x00007fffa59eb000 	C:\Windows\System32\shlwapi.dll
0x00007fffa3e70000 - 0x00007fffa3e94000 	C:\Windows\SYSTEM32\profapi.dll
0x00007fff9ff00000 - 0x00007fff9ff10000 	C:\Program Files\Android\Android Studio\jbr\bin\net.dll
0x00007fff97780000 - 0x00007fff9788a000 	C:\Windows\SYSTEM32\WINHTTP.dll
0x00007fffa3600000 - 0x00007fffa366a000 	C:\Windows\system32\mswsock.dll
0x00007fff9c2e0000 - 0x00007fff9c2f6000 	C:\Program Files\Android\Android Studio\jbr\bin\nio.dll
0x00007fff9e030000 - 0x00007fff9e040000 	C:\Program Files\Android\Android Studio\jbr\bin\verify.dll

dbghelp: loaded successfully - version: 4.0.5 - missing functions: none
symbol engine: initialized successfully - sym options: 0x614 - pdb path: .;C:\Program Files\Android\Android Studio\jbr\bin;C:\Windows\SYSTEM32;C:\Windows\WinSxS\amd64_microsoft.windows.common-controls_6595b64144ccf1df_6.0.19041.5915_none_60b4b9d171f9c7c7;C:\Program Files\Android\Android Studio\jbr\bin\server

VM Arguments:
java_command: org.jetbrains.kotlin.cli.jvm.K2JVMCompiler @C:\Users\Hii\StudioProjects\project1\build\file_picker\20250702_16713193493137048481.compiler.options
java_class_path (initial): C:\Users\Hii\.gradle\caches\modules-2\files-2.1\org.jetbrains.kotlin\kotlin-compiler-embeddable\2.1.0\988bf980588bbbcfa1ba19c1ffd7aa869b335a31\kotlin-compiler-embeddable-2.1.0.jar;C:\Users\Hii\.gradle\caches\modules-2\files-2.1\org.jetbrains.kotlin\kotlin-stdlib\2.1.0\85f8b81009cda5890e54ba67d64b5e599c645020\kotlin-stdlib-2.1.0.jar;C:\Users\Hii\.gradle\caches\modules-2\files-2.1\org.jetbrains.kotlin\kotlin-script-runtime\2.1.0\5909da8c57b75a117714ab0e348c86101b7a3284\kotlin-script-runtime-2.1.0.jar;C:\Users\Hii\.gradle\caches\modules-2\files-2.1\org.jetbrains.kotlin\kotlin-reflect\1.6.10\1cbe9c92c12a94eea200d23c2bbaedaf3daf5132\kotlin-reflect-1.6.10.jar;C:\Users\Hii\.gradle\caches\modules-2\files-2.1\org.jetbrains.kotlin\kotlin-daemon-embeddable\2.1.0\420bae1908e4a353f5b56c3c850d24d86367b25d\kotlin-daemon-embeddable-2.1.0.jar;C:\Users\Hii\.gradle\caches\modules-2\files-2.1\org.jetbrains.intellij.deps\trove4j\1.0.20200330\3afb14d5f9ceb459d724e907a21145e8ff394f02\trove4j-1.0.20200330.jar;C:\Users\Hii\.gradle\caches\modules-2\files-2.1\org.jetbrains.kotlinx\kotlinx-coroutines-core-jvm\1.6.4\2c997cd1c0ef33f3e751d3831929aeff1390cb30\kotlinx-coroutines-core-jvm-1.6.4.jar;C:\Users\Hii\.gradle\caches\modules-2\files-2.1\org.jetbrains\annotations\13.0\919f0dfe192fb4e063e7dacadee7f8bb9a2672a9\annotations-13.0.jar
Launcher Type: SUN_STANDARD

[Global flags]
     intx CICompilerCount                          = 3                                         {product} {ergonomic}
     uint ConcGCThreads                            = 1                                         {product} {ergonomic}
     uint G1ConcRefinementThreads                  = 4                                         {product} {ergonomic}
   size_t G1HeapRegionSize                         = 1048576                                   {product} {ergonomic}
    uintx GCDrainStackTargetSize                   = 64                                        {product} {ergonomic}
   size_t InitialHeapSize                          = 67108864                                  {product} {ergonomic}
   size_t MarkStackSize                            = 4194304                                   {product} {ergonomic}
   size_t MaxHeapSize                              = 1048576000                                {product} {ergonomic}
   size_t MaxNewSize                               = 629145600                                 {product} {ergonomic}
   size_t MinHeapDeltaBytes                        = 1048576                                   {product} {ergonomic}
   size_t MinHeapSize                              = 8388608                                   {product} {ergonomic}
    uintx NonNMethodCodeHeapSize                   = 5832780                                {pd product} {ergonomic}
    uintx NonProfiledCodeHeapSize                  = 122912730                              {pd product} {ergonomic}
    uintx ProfiledCodeHeapSize                     = 122912730                              {pd product} {ergonomic}
    uintx ReservedCodeCacheSize                    = 251658240                              {pd product} {ergonomic}
     bool SegmentedCodeCache                       = true                                      {product} {ergonomic}
   size_t SoftMaxHeapSize                          = 1048576000                             {manageable} {ergonomic}
     bool UseCompressedOops                        = true                           {product lp64_product} {ergonomic}
     bool UseG1GC                                  = true                                      {product} {ergonomic}
     bool UseLargePagesIndividualAllocation        = false                                  {pd product} {ergonomic}

Logging:
Log output configuration:
 #0: stdout all=warning uptime,level,tags foldmultilines=false
 #1: stderr all=off uptime,level,tags foldmultilines=false

Environment Variables:
JAVA_HOME=C:\Program Files\Android\Android Studio\jbr
CLASSPATH=C:\Users\Hii\StudioProjects\project1\android\\gradle\wrapper\gradle-wrapper.jar
PATH=C:\Program Files\Android\Android Studio\jbr\bin;C:\Python313\Scripts\;C:\Python313\;C:\Program Files\Common Files\Oracle\Java\javapath;C:\Python312\Scripts\;C:\Python312\;C:\Windows\system32;C:\Windows;C:\Windows\System32\Wbem;C:\Windows\System32\WindowsPowerShell\v1.0\;C:\Windows\System32\OpenSSH\;C:\Program Files\Common Files\Autodesk Shared\;C:\Program Files\Microsoft SQL Server\120\Tools\Binn\;C:\ProgramData\chocolatey\bin;C:\Program Files\nodejs\;C:\laragon\maven-mvnd-1.0.2-windows-amd64\bin\bin;C:\flutter\bin;C:\Program Files\MySQL\MySQL Shell 8.0\bin\;C:\Users\Hii\AppData\Local\Microsoft\WindowsApps;C:\Program Files\MySQL\MySQL Server 8.0\bin;C:\Program Files\MySQL\MySQL Server 8.0\bin;C:\Users\Hii\AppData\Local\GitHubDesktop\bin;C:\Users\Hii\AppData\Local\Programs\Microsoft VS Code\bin;C:\Users\Hii\AppData\Roaming\npm;C:\flutter\bin;;C:\flutter\bin\mingit\cmd
USERNAME=Hii
OS=Windows_NT
PROCESSOR_IDENTIFIER=Intel64 Family 6 Model 142 Stepping 10, GenuineIntel
TMP=C:\Users\Hii\AppData\Local\Temp
TEMP=C:\Users\Hii\AppData\Local\Temp




Periodic native trim disabled

JNI global refs:
JNI global refs: 7, weak refs: 0

JNI global refs memory usage: 835, weak refs: 833

Process memory usage:
Resident Set Size: 126036K (3% of 4094540K total physical memory with 211904K free physical memory)

OOME stack traces (most recent first):
Classloader memory used:
Loader jdk.internal.loader.ClassLoaders$AppClassLoader                                 : 20399K
Loader bootstrap                                                                       : 9778K

---------------  S Y S T E M  ---------------

OS:
 Windows 10 , 64 bit Build 19041 (10.0.19041.5915)
OS uptime: 3 days 11:22 hours

CPU: total 4 (initial active 4) (2 cores per cpu, 2 threads per core) family 6 model 142 stepping 10 microcode 0xf6, cx8, cmov, fxsr, ht, mmx, 3dnowpref, sse, sse2, sse3, ssse3, sse4.1, sse4.2, popcnt, lzcnt, tsc, tscinvbit, avx, avx2, aes, erms, clmul, bmi1, bmi2, adx, fma, vzeroupper, clflush, clflushopt, rdtscp, f16c
Processor Information for the first 4 processors :
  Max Mhz: 2201, Current Mhz: 2201, Mhz Limit: 2201

Memory: 4k page, system-wide physical 3998M (203M free)
TotalPageFile size 16286M (AvailPageFile size 4M)
current process WorkingSet (physical memory assigned to process): 123M, peak: 123M
current process commit charge ("private bytes"): 153M, peak: 157M

vm_info: OpenJDK 64-Bit Server VM (21.0.6+-13368085-b895.109) for windows-amd64 JRE (21.0.6+-13368085-b895.109), built on 2025-04-16T17:01:31Z by "builder" with MS VC++ 16.10 / 16.11 (VS2019)

END.
